[0.011s] Invoking command in '/home/newir529/robotics-software-community/1-temperature-monitor/temp_ws/build/temp_interface': CMAKE_PREFIX_PATH=${CMAKE_PREFIX_PATH}:/home/newir529/robotics-software-community/1-temperature-monitor/temp_ws/install/temp_client:/opt/ros/jazzy DEBUGINFOD_URLS=https://debuginfod.ubuntu.com /usr/bin/cmake --build /home/newir529/robotics-software-community/1-temperature-monitor/temp_ws/build/temp_interface -- -j8 -l8
[0.074s] [  2%] Built target temp_interface__rosidl_generator_type_description
[0.085s] [  2%] Built target ament_cmake_python_copy_temp_interface
[0.095s] [  5%] Built target temp_interface__cpp
[0.096s] [ 20%] Built target temp_interface__rosidl_generator_c
[0.149s] [ 38%] Built target temp_interface__rosidl_typesupport_introspection_c
[0.149s] [ 38%] Built target temp_interface__rosidl_typesupport_c
[0.150s] [ 47%] Built target temp_interface__rosidl_typesupport_fastrtps_c
[0.154s] [ 55%] Built target temp_interface__rosidl_typesupport_fastrtps_cpp
[0.155s] [ 64%] Built target temp_interface__rosidl_typesupport_introspection_cpp
[0.161s] [ 73%] Built target temp_interface__rosidl_typesupport_cpp
[0.193s] [ 73%] Built target temp_interface
[0.219s] [ 76%] Built target temp_interface__py
[0.257s] [ 82%] Built target temp_interface__rosidl_generator_py
[0.282s] [100%] Built target temp_interface_s__rosidl_typesupport_fastrtps_c
[0.282s] [100%] Built target temp_interface_s__rosidl_typesupport_introspection_c
[0.282s] [100%] Built target temp_interface_s__rosidl_typesupport_c
[0.413s] running egg_info
[0.451s] writing temp_interface.egg-info/PKG-INFO
[0.451s] writing dependency_links to temp_interface.egg-info/dependency_links.txt
[0.451s] writing top-level names to temp_interface.egg-info/top_level.txt
[0.646s] reading manifest file 'temp_interface.egg-info/SOURCES.txt'
[0.646s] writing manifest file 'temp_interface.egg-info/SOURCES.txt'
[0.682s] [100%] Built target ament_cmake_python_build_temp_interface_egg
[0.693s] Invoked command in '/home/newir529/robotics-software-community/1-temperature-monitor/temp_ws/build/temp_interface' returned '0': CMAKE_PREFIX_PATH=${CMAKE_PREFIX_PATH}:/home/newir529/robotics-software-community/1-temperature-monitor/temp_ws/install/temp_client:/opt/ros/jazzy DEBUGINFOD_URLS=https://debuginfod.ubuntu.com /usr/bin/cmake --build /home/newir529/robotics-software-community/1-temperature-monitor/temp_ws/build/temp_interface -- -j8 -l8
[0.702s] Invoking command in '/home/newir529/robotics-software-community/1-temperature-monitor/temp_ws/build/temp_interface': CMAKE_PREFIX_PATH=${CMAKE_PREFIX_PATH}:/home/newir529/robotics-software-community/1-temperature-monitor/temp_ws/install/temp_client:/opt/ros/jazzy DEBUGINFOD_URLS=https://debuginfod.ubuntu.com /usr/bin/cmake --install /home/newir529/robotics-software-community/1-temperature-monitor/temp_ws/build/temp_interface
[0.712s] -- Install configuration: ""
[0.712s] -- Up-to-date: /home/newir529/robotics-software-community/1-temperature-monitor/temp_ws/install/temp_interface/share/ament_index/resource_index/rosidl_interfaces/temp_interface
[0.713s] -- Up-to-date: /home/newir529/robotics-software-community/1-temperature-monitor/temp_ws/install/temp_interface/share/temp_interface/msg/Temperature.json
[0.713s] -- Up-to-date: /home/newir529/robotics-software-community/1-temperature-monitor/temp_ws/install/temp_interface/include/temp_interface/temp_interface
[0.714s] -- Up-to-date: /home/newir529/robotics-software-community/1-temperature-monitor/temp_ws/install/temp_interface/include/temp_interface/temp_interface/msg
[0.715s] -- Up-to-date: /home/newir529/robotics-software-community/1-temperature-monitor/temp_ws/install/temp_interface/include/temp_interface/temp_interface/msg/temperature.h
[0.717s] -- Up-to-date: /home/newir529/robotics-software-community/1-temperature-monitor/temp_ws/install/temp_interface/include/temp_interface/temp_interface/msg/detail
[0.717s] -- Up-to-date: /home/newir529/robotics-software-community/1-temperature-monitor/temp_ws/install/temp_interface/include/temp_interface/temp_interface/msg/detail/temperature__type_support.h
[0.717s] -- Up-to-date: /home/newir529/robotics-software-community/1-temperature-monitor/temp_ws/install/temp_interface/include/temp_interface/temp_interface/msg/detail/temperature__description.c
[0.717s] -- Up-to-date: /home/newir529/robotics-software-community/1-temperature-monitor/temp_ws/install/temp_interface/include/temp_interface/temp_interface/msg/detail/temperature__functions.c
[0.718s] -- Up-to-date: /home/newir529/robotics-software-community/1-temperature-monitor/temp_ws/install/temp_interface/include/temp_interface/temp_interface/msg/detail/temperature__functions.h
[0.718s] -- Up-to-date: /home/newir529/robotics-software-community/1-temperature-monitor/temp_ws/install/temp_interface/include/temp_interface/temp_interface/msg/detail/temperature__type_support.c
[0.718s] -- Up-to-date: /home/newir529/robotics-software-community/1-temperature-monitor/temp_ws/install/temp_interface/include/temp_interface/temp_interface/msg/detail/temperature__struct.h
[0.718s] -- Up-to-date: /home/newir529/robotics-software-community/1-temperature-monitor/temp_ws/install/temp_interface/include/temp_interface/temp_interface/msg/rosidl_generator_c__visibility_control.h
[0.718s] -- Up-to-date: /home/newir529/robotics-software-community/1-temperature-monitor/temp_ws/install/temp_interface/share/temp_interface/environment/library_path.sh
[0.719s] -- Up-to-date: /home/newir529/robotics-software-community/1-temperature-monitor/temp_ws/install/temp_interface/share/temp_interface/environment/library_path.dsv
[0.719s] -- Up-to-date: /home/newir529/robotics-software-community/1-temperature-monitor/temp_ws/install/temp_interface/lib/libtemp_interface__rosidl_generator_c.so
[0.719s] -- Up-to-date: /home/newir529/robotics-software-community/1-temperature-monitor/temp_ws/install/temp_interface/include/temp_interface/temp_interface
[0.719s] -- Up-to-date: /home/newir529/robotics-software-community/1-temperature-monitor/temp_ws/install/temp_interface/include/temp_interface/temp_interface/msg
[0.719s] -- Up-to-date: /home/newir529/robotics-software-community/1-temperature-monitor/temp_ws/install/temp_interface/include/temp_interface/temp_interface/msg/rosidl_typesupport_fastrtps_c__visibility_control.h
[0.720s] -- Up-to-date: /home/newir529/robotics-software-community/1-temperature-monitor/temp_ws/install/temp_interface/include/temp_interface/temp_interface/msg/detail
[0.720s] -- Up-to-date: /home/newir529/robotics-software-community/1-temperature-monitor/temp_ws/install/temp_interface/include/temp_interface/temp_interface/msg/detail/temperature__rosidl_typesupport_fastrtps_c.h
[0.720s] -- Up-to-date: /home/newir529/robotics-software-community/1-temperature-monitor/temp_ws/install/temp_interface/lib/libtemp_interface__rosidl_typesupport_fastrtps_c.so
[0.720s] -- Up-to-date: /home/newir529/robotics-software-community/1-temperature-monitor/temp_ws/install/temp_interface/include/temp_interface/temp_interface
[0.720s] -- Up-to-date: /home/newir529/robotics-software-community/1-temperature-monitor/temp_ws/install/temp_interface/include/temp_interface/temp_interface/msg
[0.720s] -- Up-to-date: /home/newir529/robotics-software-community/1-temperature-monitor/temp_ws/install/temp_interface/include/temp_interface/temp_interface/msg/rosidl_typesupport_introspection_c__visibility_control.h
[0.721s] -- Up-to-date: /home/newir529/robotics-software-community/1-temperature-monitor/temp_ws/install/temp_interface/include/temp_interface/temp_interface/msg/detail
[0.721s] -- Up-to-date: /home/newir529/robotics-software-community/1-temperature-monitor/temp_ws/install/temp_interface/include/temp_interface/temp_interface/msg/detail/temperature__rosidl_typesupport_introspection_c.h
[0.721s] -- Up-to-date: /home/newir529/robotics-software-community/1-temperature-monitor/temp_ws/install/temp_interface/include/temp_interface/temp_interface/msg/detail/temperature__type_support.c
[0.721s] -- Up-to-date: /home/newir529/robotics-software-community/1-temperature-monitor/temp_ws/install/temp_interface/lib/libtemp_interface__rosidl_typesupport_introspection_c.so
[0.721s] -- Up-to-date: /home/newir529/robotics-software-community/1-temperature-monitor/temp_ws/install/temp_interface/lib/libtemp_interface__rosidl_typesupport_c.so
[0.721s] -- Up-to-date: /home/newir529/robotics-software-community/1-temperature-monitor/temp_ws/install/temp_interface/include/temp_interface/temp_interface
[0.722s] -- Up-to-date: /home/newir529/robotics-software-community/1-temperature-monitor/temp_ws/install/temp_interface/include/temp_interface/temp_interface/msg
[0.722s] -- Up-to-date: /home/newir529/robotics-software-community/1-temperature-monitor/temp_ws/install/temp_interface/include/temp_interface/temp_interface/msg/rosidl_generator_cpp__visibility_control.hpp
[0.722s] -- Up-to-date: /home/newir529/robotics-software-community/1-temperature-monitor/temp_ws/install/temp_interface/include/temp_interface/temp_interface/msg/detail
[0.722s] -- Up-to-date: /home/newir529/robotics-software-community/1-temperature-monitor/temp_ws/install/temp_interface/include/temp_interface/temp_interface/msg/detail/temperature__builder.hpp
[0.723s] -- Up-to-date: /home/newir529/robotics-software-community/1-temperature-monitor/temp_ws/install/temp_interface/include/temp_interface/temp_interface/msg/detail/temperature__traits.hpp
[0.723s] -- Up-to-date: /home/newir529/robotics-software-community/1-temperature-monitor/temp_ws/install/temp_interface/include/temp_interface/temp_interface/msg/detail/temperature__struct.hpp
[0.723s] -- Up-to-date: /home/newir529/robotics-software-community/1-temperature-monitor/temp_ws/install/temp_interface/include/temp_interface/temp_interface/msg/detail/temperature__type_support.hpp
[0.723s] -- Up-to-date: /home/newir529/robotics-software-community/1-temperature-monitor/temp_ws/install/temp_interface/include/temp_interface/temp_interface/msg/temperature.hpp
[0.723s] -- Up-to-date: /home/newir529/robotics-software-community/1-temperature-monitor/temp_ws/install/temp_interface/include/temp_interface/temp_interface
[0.723s] -- Up-to-date: /home/newir529/robotics-software-community/1-temperature-monitor/temp_ws/install/temp_interface/include/temp_interface/temp_interface/msg
[0.724s] -- Up-to-date: /home/newir529/robotics-software-community/1-temperature-monitor/temp_ws/install/temp_interface/include/temp_interface/temp_interface/msg/rosidl_typesupport_fastrtps_cpp__visibility_control.h
[0.724s] -- Up-to-date: /home/newir529/robotics-software-community/1-temperature-monitor/temp_ws/install/temp_interface/include/temp_interface/temp_interface/msg/detail
[0.724s] -- Up-to-date: /home/newir529/robotics-software-community/1-temperature-monitor/temp_ws/install/temp_interface/include/temp_interface/temp_interface/msg/detail/temperature__rosidl_typesupport_fastrtps_cpp.hpp
[0.724s] -- Up-to-date: /home/newir529/robotics-software-community/1-temperature-monitor/temp_ws/install/temp_interface/include/temp_interface/temp_interface/msg/detail/dds_fastrtps
[0.724s] -- Up-to-date: /home/newir529/robotics-software-community/1-temperature-monitor/temp_ws/install/temp_interface/lib/libtemp_interface__rosidl_typesupport_fastrtps_cpp.so
[0.724s] -- Up-to-date: /home/newir529/robotics-software-community/1-temperature-monitor/temp_ws/install/temp_interface/include/temp_interface/temp_interface
[0.724s] -- Up-to-date: /home/newir529/robotics-software-community/1-temperature-monitor/temp_ws/install/temp_interface/include/temp_interface/temp_interface/msg
[0.725s] -- Up-to-date: /home/newir529/robotics-software-community/1-temperature-monitor/temp_ws/install/temp_interface/include/temp_interface/temp_interface/msg/detail
[0.725s] -- Up-to-date: /home/newir529/robotics-software-community/1-temperature-monitor/temp_ws/install/temp_interface/include/temp_interface/temp_interface/msg/detail/temperature__type_support.cpp
[0.725s] -- Up-to-date: /home/newir529/robotics-software-community/1-temperature-monitor/temp_ws/install/temp_interface/include/temp_interface/temp_interface/msg/detail/temperature__rosidl_typesupport_introspection_cpp.hpp
[0.725s] -- Up-to-date: /home/newir529/robotics-software-community/1-temperature-monitor/temp_ws/install/temp_interface/lib/libtemp_interface__rosidl_typesupport_introspection_cpp.so
[0.725s] -- Up-to-date: /home/newir529/robotics-software-community/1-temperature-monitor/temp_ws/install/temp_interface/lib/libtemp_interface__rosidl_typesupport_cpp.so
[0.725s] -- Up-to-date: /home/newir529/robotics-software-community/1-temperature-monitor/temp_ws/install/temp_interface/share/temp_interface/environment/pythonpath.sh
[0.725s] -- Up-to-date: /home/newir529/robotics-software-community/1-temperature-monitor/temp_ws/install/temp_interface/share/temp_interface/environment/pythonpath.dsv
[0.726s] -- Up-to-date: /home/newir529/robotics-software-community/1-temperature-monitor/temp_ws/install/temp_interface/lib/python3.12/site-packages/temp_interface-1.0.0-py3.12.egg-info
[0.726s] -- Installing: /home/newir529/robotics-software-community/1-temperature-monitor/temp_ws/install/temp_interface/lib/python3.12/site-packages/temp_interface-1.0.0-py3.12.egg-info/SOURCES.txt
[0.726s] -- Installing: /home/newir529/robotics-software-community/1-temperature-monitor/temp_ws/install/temp_interface/lib/python3.12/site-packages/temp_interface-1.0.0-py3.12.egg-info/dependency_links.txt
[0.726s] -- Installing: /home/newir529/robotics-software-community/1-temperature-monitor/temp_ws/install/temp_interface/lib/python3.12/site-packages/temp_interface-1.0.0-py3.12.egg-info/PKG-INFO
[0.726s] -- Installing: /home/newir529/robotics-software-community/1-temperature-monitor/temp_ws/install/temp_interface/lib/python3.12/site-packages/temp_interface-1.0.0-py3.12.egg-info/top_level.txt
[0.726s] -- Up-to-date: /home/newir529/robotics-software-community/1-temperature-monitor/temp_ws/install/temp_interface/lib/python3.12/site-packages/temp_interface
[0.726s] -- Up-to-date: /home/newir529/robotics-software-community/1-temperature-monitor/temp_ws/install/temp_interface/lib/python3.12/site-packages/temp_interface/_temp_interface_s.ep.rosidl_typesupport_introspection_c.c
[0.727s] -- Up-to-date: /home/newir529/robotics-software-community/1-temperature-monitor/temp_ws/install/temp_interface/lib/python3.12/site-packages/temp_interface/temp_interface_s__rosidl_typesupport_c.so
[0.727s] -- Up-to-date: /home/newir529/robotics-software-community/1-temperature-monitor/temp_ws/install/temp_interface/lib/python3.12/site-packages/temp_interface/temp_interface_s__rosidl_typesupport_fastrtps_c.so
[0.727s] -- Up-to-date: /home/newir529/robotics-software-community/1-temperature-monitor/temp_ws/install/temp_interface/lib/python3.12/site-packages/temp_interface/_temp_interface_s.ep.rosidl_typesupport_c.c
[0.727s] -- Up-to-date: /home/newir529/robotics-software-community/1-temperature-monitor/temp_ws/install/temp_interface/lib/python3.12/site-packages/temp_interface/msg
[0.727s] -- Up-to-date: /home/newir529/robotics-software-community/1-temperature-monitor/temp_ws/install/temp_interface/lib/python3.12/site-packages/temp_interface/msg/_temperature.py
[0.727s] -- Up-to-date: /home/newir529/robotics-software-community/1-temperature-monitor/temp_ws/install/temp_interface/lib/python3.12/site-packages/temp_interface/msg/_temperature_s.c
[0.728s] -- Up-to-date: /home/newir529/robotics-software-community/1-temperature-monitor/temp_ws/install/temp_interface/lib/python3.12/site-packages/temp_interface/msg/__init__.py
[0.728s] -- Up-to-date: /home/newir529/robotics-software-community/1-temperature-monitor/temp_ws/install/temp_interface/lib/python3.12/site-packages/temp_interface/_temp_interface_s.ep.rosidl_typesupport_fastrtps_c.c
[0.728s] -- Up-to-date: /home/newir529/robotics-software-community/1-temperature-monitor/temp_ws/install/temp_interface/lib/python3.12/site-packages/temp_interface/temp_interface_s__rosidl_typesupport_introspection_c.so
[0.728s] -- Up-to-date: /home/newir529/robotics-software-community/1-temperature-monitor/temp_ws/install/temp_interface/lib/python3.12/site-packages/temp_interface/__init__.py
[0.771s] Listing '/home/newir529/robotics-software-community/1-temperature-monitor/temp_ws/install/temp_interface/lib/python3.12/site-packages/temp_interface'...
[0.771s] Listing '/home/newir529/robotics-software-community/1-temperature-monitor/temp_ws/install/temp_interface/lib/python3.12/site-packages/temp_interface/msg'...
[0.776s] -- Up-to-date: /home/newir529/robotics-software-community/1-temperature-monitor/temp_ws/install/temp_interface/lib/python3.12/site-packages/temp_interface/temp_interface_s__rosidl_typesupport_fastrtps_c.so
[0.776s] -- Up-to-date: /home/newir529/robotics-software-community/1-temperature-monitor/temp_ws/install/temp_interface/lib/python3.12/site-packages/temp_interface/temp_interface_s__rosidl_typesupport_introspection_c.so
[0.777s] -- Up-to-date: /home/newir529/robotics-software-community/1-temperature-monitor/temp_ws/install/temp_interface/lib/python3.12/site-packages/temp_interface/temp_interface_s__rosidl_typesupport_c.so
[0.777s] -- Up-to-date: /home/newir529/robotics-software-community/1-temperature-monitor/temp_ws/install/temp_interface/lib/libtemp_interface__rosidl_generator_py.so
[0.777s] -- Up-to-date: /home/newir529/robotics-software-community/1-temperature-monitor/temp_ws/install/temp_interface/share/temp_interface/msg/Temperature.idl
[0.778s] -- Up-to-date: /home/newir529/robotics-software-community/1-temperature-monitor/temp_ws/install/temp_interface/share/temp_interface/msg/Temperature.msg
[0.778s] -- Up-to-date: /home/newir529/robotics-software-community/1-temperature-monitor/temp_ws/install/temp_interface/share/ament_index/resource_index/package_run_dependencies/temp_interface
[0.778s] -- Up-to-date: /home/newir529/robotics-software-community/1-temperature-monitor/temp_ws/install/temp_interface/share/ament_index/resource_index/parent_prefix_path/temp_interface
[0.778s] -- Up-to-date: /home/newir529/robotics-software-community/1-temperature-monitor/temp_ws/install/temp_interface/share/temp_interface/environment/ament_prefix_path.sh
[0.778s] -- Up-to-date: /home/newir529/robotics-software-community/1-temperature-monitor/temp_ws/install/temp_interface/share/temp_interface/environment/ament_prefix_path.dsv
[0.779s] -- Up-to-date: /home/newir529/robotics-software-community/1-temperature-monitor/temp_ws/install/temp_interface/share/temp_interface/environment/path.sh
[0.779s] -- Up-to-date: /home/newir529/robotics-software-community/1-temperature-monitor/temp_ws/install/temp_interface/share/temp_interface/environment/path.dsv
[0.779s] -- Up-to-date: /home/newir529/robotics-software-community/1-temperature-monitor/temp_ws/install/temp_interface/share/temp_interface/local_setup.bash
[0.779s] -- Up-to-date: /home/newir529/robotics-software-community/1-temperature-monitor/temp_ws/install/temp_interface/share/temp_interface/local_setup.sh
[0.779s] -- Up-to-date: /home/newir529/robotics-software-community/1-temperature-monitor/temp_ws/install/temp_interface/share/temp_interface/local_setup.zsh
[0.779s] -- Up-to-date: /home/newir529/robotics-software-community/1-temperature-monitor/temp_ws/install/temp_interface/share/temp_interface/local_setup.dsv
[0.780s] -- Installing: /home/newir529/robotics-software-community/1-temperature-monitor/temp_ws/install/temp_interface/share/temp_interface/package.dsv
[0.780s] -- Up-to-date: /home/newir529/robotics-software-community/1-temperature-monitor/temp_ws/install/temp_interface/share/ament_index/resource_index/packages/temp_interface
[0.780s] -- Up-to-date: /home/newir529/robotics-software-community/1-temperature-monitor/temp_ws/install/temp_interface/share/temp_interface/cmake/export_temp_interface__rosidl_generator_cExport.cmake
[0.780s] -- Up-to-date: /home/newir529/robotics-software-community/1-temperature-monitor/temp_ws/install/temp_interface/share/temp_interface/cmake/export_temp_interface__rosidl_generator_cExport-noconfig.cmake
[0.780s] -- Up-to-date: /home/newir529/robotics-software-community/1-temperature-monitor/temp_ws/install/temp_interface/share/temp_interface/cmake/export_temp_interface__rosidl_typesupport_fastrtps_cExport.cmake
[0.780s] -- Up-to-date: /home/newir529/robotics-software-community/1-temperature-monitor/temp_ws/install/temp_interface/share/temp_interface/cmake/export_temp_interface__rosidl_typesupport_fastrtps_cExport-noconfig.cmake
[0.781s] -- Up-to-date: /home/newir529/robotics-software-community/1-temperature-monitor/temp_ws/install/temp_interface/share/temp_interface/cmake/temp_interface__rosidl_typesupport_introspection_cExport.cmake
[0.781s] -- Up-to-date: /home/newir529/robotics-software-community/1-temperature-monitor/temp_ws/install/temp_interface/share/temp_interface/cmake/temp_interface__rosidl_typesupport_introspection_cExport-noconfig.cmake
[0.781s] -- Up-to-date: /home/newir529/robotics-software-community/1-temperature-monitor/temp_ws/install/temp_interface/share/temp_interface/cmake/temp_interface__rosidl_typesupport_cExport.cmake
[0.781s] -- Up-to-date: /home/newir529/robotics-software-community/1-temperature-monitor/temp_ws/install/temp_interface/share/temp_interface/cmake/temp_interface__rosidl_typesupport_cExport-noconfig.cmake
[0.781s] -- Up-to-date: /home/newir529/robotics-software-community/1-temperature-monitor/temp_ws/install/temp_interface/share/temp_interface/cmake/export_temp_interface__rosidl_generator_cppExport.cmake
[0.781s] -- Up-to-date: /home/newir529/robotics-software-community/1-temperature-monitor/temp_ws/install/temp_interface/share/temp_interface/cmake/export_temp_interface__rosidl_typesupport_fastrtps_cppExport.cmake
[0.782s] -- Up-to-date: /home/newir529/robotics-software-community/1-temperature-monitor/temp_ws/install/temp_interface/share/temp_interface/cmake/export_temp_interface__rosidl_typesupport_fastrtps_cppExport-noconfig.cmake
[0.782s] -- Up-to-date: /home/newir529/robotics-software-community/1-temperature-monitor/temp_ws/install/temp_interface/share/temp_interface/cmake/temp_interface__rosidl_typesupport_introspection_cppExport.cmake
[0.782s] -- Up-to-date: /home/newir529/robotics-software-community/1-temperature-monitor/temp_ws/install/temp_interface/share/temp_interface/cmake/temp_interface__rosidl_typesupport_introspection_cppExport-noconfig.cmake
[0.782s] -- Up-to-date: /home/newir529/robotics-software-community/1-temperature-monitor/temp_ws/install/temp_interface/share/temp_interface/cmake/temp_interface__rosidl_typesupport_cppExport.cmake
[0.782s] -- Up-to-date: /home/newir529/robotics-software-community/1-temperature-monitor/temp_ws/install/temp_interface/share/temp_interface/cmake/temp_interface__rosidl_typesupport_cppExport-noconfig.cmake
[0.782s] -- Up-to-date: /home/newir529/robotics-software-community/1-temperature-monitor/temp_ws/install/temp_interface/share/temp_interface/cmake/export_temp_interface__rosidl_generator_pyExport.cmake
[0.783s] -- Up-to-date: /home/newir529/robotics-software-community/1-temperature-monitor/temp_ws/install/temp_interface/share/temp_interface/cmake/export_temp_interface__rosidl_generator_pyExport-noconfig.cmake
[0.783s] -- Up-to-date: /home/newir529/robotics-software-community/1-temperature-monitor/temp_ws/install/temp_interface/share/temp_interface/cmake/rosidl_cmake-extras.cmake
[0.783s] -- Up-to-date: /home/newir529/robotics-software-community/1-temperature-monitor/temp_ws/install/temp_interface/share/temp_interface/cmake/ament_cmake_export_dependencies-extras.cmake
[0.783s] -- Up-to-date: /home/newir529/robotics-software-community/1-temperature-monitor/temp_ws/install/temp_interface/share/temp_interface/cmake/ament_cmake_export_include_directories-extras.cmake
[0.783s] -- Up-to-date: /home/newir529/robotics-software-community/1-temperature-monitor/temp_ws/install/temp_interface/share/temp_interface/cmake/ament_cmake_export_libraries-extras.cmake
[0.783s] -- Up-to-date: /home/newir529/robotics-software-community/1-temperature-monitor/temp_ws/install/temp_interface/share/temp_interface/cmake/ament_cmake_export_targets-extras.cmake
[0.783s] -- Up-to-date: /home/newir529/robotics-software-community/1-temperature-monitor/temp_ws/install/temp_interface/share/temp_interface/cmake/rosidl_cmake_export_typesupport_targets-extras.cmake
[0.783s] -- Up-to-date: /home/newir529/robotics-software-community/1-temperature-monitor/temp_ws/install/temp_interface/share/temp_interface/cmake/rosidl_cmake_export_typesupport_libraries-extras.cmake
[0.784s] -- Up-to-date: /home/newir529/robotics-software-community/1-temperature-monitor/temp_ws/install/temp_interface/share/temp_interface/cmake/temp_interfaceConfig.cmake
[0.784s] -- Up-to-date: /home/newir529/robotics-software-community/1-temperature-monitor/temp_ws/install/temp_interface/share/temp_interface/cmake/temp_interfaceConfig-version.cmake
[0.784s] -- Up-to-date: /home/newir529/robotics-software-community/1-temperature-monitor/temp_ws/install/temp_interface/share/temp_interface/package.xml
[0.785s] Invoked command in '/home/newir529/robotics-software-community/1-temperature-monitor/temp_ws/build/temp_interface' returned '0': CMAKE_PREFIX_PATH=${CMAKE_PREFIX_PATH}:/home/newir529/robotics-software-community/1-temperature-monitor/temp_ws/install/temp_client:/opt/ros/jazzy DEBUGINFOD_URLS=https://debuginfod.ubuntu.com /usr/bin/cmake --install /home/newir529/robotics-software-community/1-temperature-monitor/temp_ws/build/temp_interface
