[0.009s] Invoking command in '/home/newir529/robotics-software-community/1-temperature-monitor/temp_ws/build/temp_bringups': CMAKE_PREFIX_PATH=${CMAKE_PREFIX_PATH}:/home/newir529/robotics-software-community/1-temperature-monitor/temp_ws/install/temp_client:/opt/ros/jazzy DEBUGINFOD_URLS=https://debuginfod.ubuntu.com /usr/bin/cmake /home/newir529/robotics-software-community/1-temperature-monitor/temp_ws/src/temp_bringups -DCMAKE_INSTALL_PREFIX=/home/newir529/robotics-software-community/1-temperature-monitor/temp_ws/install/temp_bringups
[0.134s] -- The C compiler identification is GNU 13.3.0
[0.253s] -- The CXX compiler identification is GNU 13.3.0
[0.275s] -- Detecting C compiler ABI info
[0.358s] -- Detecting C compiler ABI info - done
[0.367s] -- Check for working C compiler: /usr/bin/cc - skipped
[0.368s] -- Detecting C compile features
[0.368s] -- Detecting C compile features - done
[0.377s] -- Detecting CXX compiler ABI info
[0.483s] -- Detecting CXX compiler ABI info - done
[0.497s] -- Check for working CXX compiler: /usr/bin/c++ - skipped
[0.498s] -- Detecting CXX compile features
[0.498s] -- Detecting CXX compile features - done
[0.502s] -- Found ament_cmake: 2.5.4 (/opt/ros/jazzy/share/ament_cmake/cmake)
[0.648s] -- Found Python3: /usr/bin/python3 (found version "3.12.3") found components: Interpreter 
[0.771s] -- Found ament_lint_auto: 0.17.3 (/opt/ros/jazzy/share/ament_lint_auto/cmake)
[0.880s] -- Added test 'lint_cmake' to check CMake code style
[0.882s] -- Added test 'xmllint' to check XML markup files
[0.883s] -- Configuring done (0.9s)
[0.886s] -- Generating done (0.0s)
[0.888s] -- Build files have been written to: /home/newir529/robotics-software-community/1-temperature-monitor/temp_ws/build/temp_bringups
[0.967s] Invoked command in '/home/newir529/robotics-software-community/1-temperature-monitor/temp_ws/build/temp_bringups' returned '0': CMAKE_PREFIX_PATH=${CMAKE_PREFIX_PATH}:/home/newir529/robotics-software-community/1-temperature-monitor/temp_ws/install/temp_client:/opt/ros/jazzy DEBUGINFOD_URLS=https://debuginfod.ubuntu.com /usr/bin/cmake /home/newir529/robotics-software-community/1-temperature-monitor/temp_ws/src/temp_bringups -DCMAKE_INSTALL_PREFIX=/home/newir529/robotics-software-community/1-temperature-monitor/temp_ws/install/temp_bringups
[0.968s] Invoking command in '/home/newir529/robotics-software-community/1-temperature-monitor/temp_ws/build/temp_bringups': CMAKE_PREFIX_PATH=${CMAKE_PREFIX_PATH}:/home/newir529/robotics-software-community/1-temperature-monitor/temp_ws/install/temp_client:/opt/ros/jazzy DEBUGINFOD_URLS=https://debuginfod.ubuntu.com /usr/bin/cmake --build /home/newir529/robotics-software-community/1-temperature-monitor/temp_ws/build/temp_bringups -- -j8 -l8
[1.006s] Invoked command in '/home/newir529/robotics-software-community/1-temperature-monitor/temp_ws/build/temp_bringups' returned '0': CMAKE_PREFIX_PATH=${CMAKE_PREFIX_PATH}:/home/newir529/robotics-software-community/1-temperature-monitor/temp_ws/install/temp_client:/opt/ros/jazzy DEBUGINFOD_URLS=https://debuginfod.ubuntu.com /usr/bin/cmake --build /home/newir529/robotics-software-community/1-temperature-monitor/temp_ws/build/temp_bringups -- -j8 -l8
[1.007s] Invoking command in '/home/newir529/robotics-software-community/1-temperature-monitor/temp_ws/build/temp_bringups': CMAKE_PREFIX_PATH=${CMAKE_PREFIX_PATH}:/home/newir529/robotics-software-community/1-temperature-monitor/temp_ws/install/temp_client:/opt/ros/jazzy DEBUGINFOD_URLS=https://debuginfod.ubuntu.com /usr/bin/cmake --install /home/newir529/robotics-software-community/1-temperature-monitor/temp_ws/build/temp_bringups
[1.015s] -- Install configuration: ""
[1.015s] -- Installing: /home/newir529/robotics-software-community/1-temperature-monitor/temp_ws/install/temp_bringups/share/ament_index/resource_index/package_run_dependencies/temp_bringups
[1.015s] -- Installing: /home/newir529/robotics-software-community/1-temperature-monitor/temp_ws/install/temp_bringups/share/ament_index/resource_index/parent_prefix_path/temp_bringups
[1.015s] -- Installing: /home/newir529/robotics-software-community/1-temperature-monitor/temp_ws/install/temp_bringups/share/temp_bringups/environment/ament_prefix_path.sh
[1.016s] -- Installing: /home/newir529/robotics-software-community/1-temperature-monitor/temp_ws/install/temp_bringups/share/temp_bringups/environment/ament_prefix_path.dsv
[1.016s] -- Installing: /home/newir529/robotics-software-community/1-temperature-monitor/temp_ws/install/temp_bringups/share/temp_bringups/environment/path.sh
[1.016s] -- Installing: /home/newir529/robotics-software-community/1-temperature-monitor/temp_ws/install/temp_bringups/share/temp_bringups/environment/path.dsv
[1.016s] -- Installing: /home/newir529/robotics-software-community/1-temperature-monitor/temp_ws/install/temp_bringups/share/temp_bringups/local_setup.bash
[1.016s] -- Installing: /home/newir529/robotics-software-community/1-temperature-monitor/temp_ws/install/temp_bringups/share/temp_bringups/local_setup.sh
[1.016s] -- Installing: /home/newir529/robotics-software-community/1-temperature-monitor/temp_ws/install/temp_bringups/share/temp_bringups/local_setup.zsh
[1.016s] -- Installing: /home/newir529/robotics-software-community/1-temperature-monitor/temp_ws/install/temp_bringups/share/temp_bringups/local_setup.dsv
[1.017s] -- Installing: /home/newir529/robotics-software-community/1-temperature-monitor/temp_ws/install/temp_bringups/share/temp_bringups/package.dsv
[1.017s] -- Installing: /home/newir529/robotics-software-community/1-temperature-monitor/temp_ws/install/temp_bringups/share/ament_index/resource_index/packages/temp_bringups
[1.017s] -- Installing: /home/newir529/robotics-software-community/1-temperature-monitor/temp_ws/install/temp_bringups/share/temp_bringups/cmake/temp_bringupsConfig.cmake
[1.017s] -- Installing: /home/newir529/robotics-software-community/1-temperature-monitor/temp_ws/install/temp_bringups/share/temp_bringups/cmake/temp_bringupsConfig-version.cmake
[1.017s] -- Installing: /home/newir529/robotics-software-community/1-temperature-monitor/temp_ws/install/temp_bringups/share/temp_bringups/package.xml
[1.019s] Invoked command in '/home/newir529/robotics-software-community/1-temperature-monitor/temp_ws/build/temp_bringups' returned '0': CMAKE_PREFIX_PATH=${CMAKE_PREFIX_PATH}:/home/newir529/robotics-software-community/1-temperature-monitor/temp_ws/install/temp_client:/opt/ros/jazzy DEBUGINFOD_URLS=https://debuginfod.ubuntu.com /usr/bin/cmake --install /home/newir529/robotics-software-community/1-temperature-monitor/temp_ws/build/temp_bringups
