running develop
Removing /home/newir529/robotics-software-community/1-temperature-monitor/temp_ws/install/temp_client/lib/python3.12/site-packages/temp-client.egg-link (link to .)
running egg_info
writing ../../build/temp_client/temp_client.egg-info/PKG-INFO
writing dependency_links to ../../build/temp_client/temp_client.egg-info/dependency_links.txt
writing entry points to ../../build/temp_client/temp_client.egg-info/entry_points.txt
writing requirements to ../../build/temp_client/temp_client.egg-info/requires.txt
writing top-level names to ../../build/temp_client/temp_client.egg-info/top_level.txt
reading manifest file '../../build/temp_client/temp_client.egg-info/SOURCES.txt'
adding license file 'LICENSE'
writing manifest file '../../build/temp_client/temp_client.egg-info/SOURCES.txt'
running build
running build_py
creating /home/newir529/robotics-software-community/1-temperature-monitor/temp_ws/build/temp_client/build
creating /home/newir529/robotics-software-community/1-temperature-monitor/temp_ws/build/temp_client/build/lib
creating /home/newir529/robotics-software-community/1-temperature-monitor/temp_ws/build/temp_client/build/lib/temp_client
copying temp_client/temp_pub.py -> /home/newir529/robotics-software-community/1-temperature-monitor/temp_ws/build/temp_client/build/lib/temp_client
copying temp_client/__init__.py -> /home/newir529/robotics-software-community/1-temperature-monitor/temp_ws/build/temp_client/build/lib/temp_client
running install
running install_lib
creating /home/newir529/robotics-software-community/1-temperature-monitor/temp_ws/install/temp_client/lib/python3.12/site-packages/temp_client
copying /home/newir529/robotics-software-community/1-temperature-monitor/temp_ws/build/temp_client/build/lib/temp_client/temp_pub.py -> /home/newir529/robotics-software-community/1-temperature-monitor/temp_ws/install/temp_client/lib/python3.12/site-packages/temp_client
copying /home/newir529/robotics-software-community/1-temperature-monitor/temp_ws/build/temp_client/build/lib/temp_client/__init__.py -> /home/newir529/robotics-software-community/1-temperature-monitor/temp_ws/install/temp_client/lib/python3.12/site-packages/temp_client
byte-compiling /home/newir529/robotics-software-community/1-temperature-monitor/temp_ws/install/temp_client/lib/python3.12/site-packages/temp_client/temp_pub.py to temp_pub.cpython-312.pyc
byte-compiling /home/newir529/robotics-software-community/1-temperature-monitor/temp_ws/install/temp_client/lib/python3.12/site-packages/temp_client/__init__.py to __init__.cpython-312.pyc
running install_data
copying resource/temp_client -> /home/newir529/robotics-software-community/1-temperature-monitor/temp_ws/install/temp_client/share/ament_index/resource_index/packages
copying package.xml -> /home/newir529/robotics-software-community/1-temperature-monitor/temp_ws/install/temp_client/share/temp_client
running install_egg_info
Copying ../../build/temp_client/temp_client.egg-info to /home/newir529/robotics-software-community/1-temperature-monitor/temp_ws/install/temp_client/lib/python3.12/site-packages/temp_client-0.0.0-py3.12.egg-info
running install_scripts
Installing temp_pub script to /home/newir529/robotics-software-community/1-temperature-monitor/temp_ws/install/temp_client/lib/temp_client
writing list of installed files to '/home/newir529/robotics-software-community/1-temperature-monitor/temp_ws/build/temp_client/install.log'
