[0.970s] Invoking command in '/home/newir529/robotics-software-community/1-temperature-monitor/temp_ws/build/temp_client': DEBUGINFOD_URLS=https://debuginfod.ubuntu.com PYTHONPATH=/home/newir529/robotics-software-community/1-temperature-monitor/temp_ws/build/temp_client/prefix_override:/usr/lib/python3/dist-packages/colcon_core/task/python/colcon_distutils_commands:/home/newir529/robotics-software-community/1-temperature-monitor/temp_ws/install/temp_client/lib/python3.12/site-packages:/home/newir529/robotics-software-community/1-temperature-monitor/temp_ws/install/temp_interface/lib/python3.12/site-packages:/home/newir529/robotics-software-community/1-temperature-monitor/temp_ws/build/temp_client:/home/newir529/robotics-software-community/1-temperature-monitor/temp_ws/install/temp_client/lib/python3.12/site-packages:/opt/ros/jazzy/lib/python3.12/site-packages /usr/bin/python3 -W ignore:setup.py install is deprecated -W ignore:easy_install command is deprecated setup.py develop --uninstall --editable --build-directory /home/newir529/robotics-software-community/1-temperature-monitor/temp_ws/build/temp_client/build
[1.293s] running develop
[1.579s] Removing /home/newir529/robotics-software-community/1-temperature-monitor/temp_ws/install/temp_client/lib/python3.12/site-packages/temp-client.egg-link (link to .)
[1.606s] Invoked command in '/home/newir529/robotics-software-community/1-temperature-monitor/temp_ws/build/temp_client' returned '0': DEBUGINFOD_URLS=https://debuginfod.ubuntu.com PYTHONPATH=/home/newir529/robotics-software-community/1-temperature-monitor/temp_ws/build/temp_client/prefix_override:/usr/lib/python3/dist-packages/colcon_core/task/python/colcon_distutils_commands:/home/newir529/robotics-software-community/1-temperature-monitor/temp_ws/install/temp_client/lib/python3.12/site-packages:/home/newir529/robotics-software-community/1-temperature-monitor/temp_ws/install/temp_interface/lib/python3.12/site-packages:/home/newir529/robotics-software-community/1-temperature-monitor/temp_ws/build/temp_client:/home/newir529/robotics-software-community/1-temperature-monitor/temp_ws/install/temp_client/lib/python3.12/site-packages:/opt/ros/jazzy/lib/python3.12/site-packages /usr/bin/python3 -W ignore:setup.py install is deprecated -W ignore:easy_install command is deprecated setup.py develop --uninstall --editable --build-directory /home/newir529/robotics-software-community/1-temperature-monitor/temp_ws/build/temp_client/build
[1.608s] Invoking command in '/home/newir529/robotics-software-community/1-temperature-monitor/temp_ws/src/temp_client': DEBUGINFOD_URLS=https://debuginfod.ubuntu.com PYTHONPATH=/home/newir529/robotics-software-community/1-temperature-monitor/temp_ws/build/temp_client/prefix_override:/usr/lib/python3/dist-packages/colcon_core/task/python/colcon_distutils_commands:/home/newir529/robotics-software-community/1-temperature-monitor/temp_ws/install/temp_client/lib/python3.12/site-packages:/home/newir529/robotics-software-community/1-temperature-monitor/temp_ws/install/temp_interface/lib/python3.12/site-packages:/home/newir529/robotics-software-community/1-temperature-monitor/temp_ws/build/temp_client:/home/newir529/robotics-software-community/1-temperature-monitor/temp_ws/install/temp_client/lib/python3.12/site-packages:/opt/ros/jazzy/lib/python3.12/site-packages /usr/bin/python3 -W ignore:setup.py install is deprecated -W ignore:easy_install command is deprecated setup.py egg_info --egg-base ../../build/temp_client build --build-base /home/newir529/robotics-software-community/1-temperature-monitor/temp_ws/build/temp_client/build install --record /home/newir529/robotics-software-community/1-temperature-monitor/temp_ws/build/temp_client/install.log --single-version-externally-managed install_data --force
[1.902s] running egg_info
[1.924s] writing ../../build/temp_client/temp_client.egg-info/PKG-INFO
[1.925s] writing dependency_links to ../../build/temp_client/temp_client.egg-info/dependency_links.txt
[1.925s] writing entry points to ../../build/temp_client/temp_client.egg-info/entry_points.txt
[1.925s] writing requirements to ../../build/temp_client/temp_client.egg-info/requires.txt
[1.925s] writing top-level names to ../../build/temp_client/temp_client.egg-info/top_level.txt
[2.057s] reading manifest file '../../build/temp_client/temp_client.egg-info/SOURCES.txt'
[2.064s] adding license file 'LICENSE'
[2.065s] writing manifest file '../../build/temp_client/temp_client.egg-info/SOURCES.txt'
[2.065s] running build
[2.065s] running build_py
[2.065s] creating /home/newir529/robotics-software-community/1-temperature-monitor/temp_ws/build/temp_client/build
[2.065s] creating /home/newir529/robotics-software-community/1-temperature-monitor/temp_ws/build/temp_client/build/lib
[2.065s] creating /home/newir529/robotics-software-community/1-temperature-monitor/temp_ws/build/temp_client/build/lib/temp_client
[2.066s] copying temp_client/temp_pub.py -> /home/newir529/robotics-software-community/1-temperature-monitor/temp_ws/build/temp_client/build/lib/temp_client
[2.066s] copying temp_client/__init__.py -> /home/newir529/robotics-software-community/1-temperature-monitor/temp_ws/build/temp_client/build/lib/temp_client
[2.066s] running install
[2.075s] running install_lib
[2.103s] creating /home/newir529/robotics-software-community/1-temperature-monitor/temp_ws/install/temp_client/lib/python3.12/site-packages/temp_client
[2.103s] copying /home/newir529/robotics-software-community/1-temperature-monitor/temp_ws/build/temp_client/build/lib/temp_client/temp_pub.py -> /home/newir529/robotics-software-community/1-temperature-monitor/temp_ws/install/temp_client/lib/python3.12/site-packages/temp_client
[2.104s] copying /home/newir529/robotics-software-community/1-temperature-monitor/temp_ws/build/temp_client/build/lib/temp_client/__init__.py -> /home/newir529/robotics-software-community/1-temperature-monitor/temp_ws/install/temp_client/lib/python3.12/site-packages/temp_client
[2.104s] byte-compiling /home/newir529/robotics-software-community/1-temperature-monitor/temp_ws/install/temp_client/lib/python3.12/site-packages/temp_client/temp_pub.py to temp_pub.cpython-312.pyc
[2.106s] byte-compiling /home/newir529/robotics-software-community/1-temperature-monitor/temp_ws/install/temp_client/lib/python3.12/site-packages/temp_client/__init__.py to __init__.cpython-312.pyc
[2.106s] running install_data
[2.106s] copying resource/temp_client -> /home/newir529/robotics-software-community/1-temperature-monitor/temp_ws/install/temp_client/share/ament_index/resource_index/packages
[2.106s] copying package.xml -> /home/newir529/robotics-software-community/1-temperature-monitor/temp_ws/install/temp_client/share/temp_client
[2.107s] running install_egg_info
[2.132s] Copying ../../build/temp_client/temp_client.egg-info to /home/newir529/robotics-software-community/1-temperature-monitor/temp_ws/install/temp_client/lib/python3.12/site-packages/temp_client-0.0.0-py3.12.egg-info
[2.133s] running install_scripts
[2.193s] Installing temp_pub script to /home/newir529/robotics-software-community/1-temperature-monitor/temp_ws/install/temp_client/lib/temp_client
[2.193s] writing list of installed files to '/home/newir529/robotics-software-community/1-temperature-monitor/temp_ws/build/temp_client/install.log'
[2.218s] Invoked command in '/home/newir529/robotics-software-community/1-temperature-monitor/temp_ws/src/temp_client' returned '0': DEBUGINFOD_URLS=https://debuginfod.ubuntu.com PYTHONPATH=/home/newir529/robotics-software-community/1-temperature-monitor/temp_ws/build/temp_client/prefix_override:/usr/lib/python3/dist-packages/colcon_core/task/python/colcon_distutils_commands:/home/newir529/robotics-software-community/1-temperature-monitor/temp_ws/install/temp_client/lib/python3.12/site-packages:/home/newir529/robotics-software-community/1-temperature-monitor/temp_ws/install/temp_interface/lib/python3.12/site-packages:/home/newir529/robotics-software-community/1-temperature-monitor/temp_ws/build/temp_client:/home/newir529/robotics-software-community/1-temperature-monitor/temp_ws/install/temp_client/lib/python3.12/site-packages:/opt/ros/jazzy/lib/python3.12/site-packages /usr/bin/python3 -W ignore:setup.py install is deprecated -W ignore:easy_install command is deprecated setup.py egg_info --egg-base ../../build/temp_client build --build-base /home/newir529/robotics-software-community/1-temperature-monitor/temp_ws/build/temp_client/build install --record /home/newir529/robotics-software-community/1-temperature-monitor/temp_ws/build/temp_client/install.log --single-version-externally-managed install_data --force
