[0.102s] DEBUG:colcon:Command line arguments: ['/usr/bin/colcon', 'build']
[0.102s] DEBUG:colcon:Parsed command line arguments: Namespace(log_base=None, log_level=None, verb_name='build', build_base='build', install_base='install', merge_install=False, symlink_install=False, test_result_base=None, continue_on_error=False, executor='parallel', parallel_workers=8, event_handlers=None, ignore_user_meta=False, metas=['./colcon.meta'], base_paths=['.'], packages_ignore=None, packages_ignore_regex=None, paths=None, packages_up_to=None, packages_up_to_regex=None, packages_above=None, packages_above_and_dependencies=None, packages_above_depth=None, packages_select_by_dep=None, packages_skip_by_dep=None, packages_skip_up_to=None, packages_select_build_failed=False, packages_skip_build_finished=False, packages_select_test_failures=False, packages_skip_test_passed=False, packages_select=None, packages_skip=None, packages_select_regex=None, packages_skip_regex=None, packages_start=None, packages_end=None, allow_overriding=[], cmake_args=None, cmake_target=None, cmake_target_skip_unavailable=False, cmake_clean_cache=False, cmake_clean_first=False, cmake_force_configure=False, ament_cmake_args=None, catkin_cmake_args=None, catkin_skip_building_tests=False, mixin_files=None, mixin=None, verb_parser=<colcon_mixin.mixin.mixin_argument.MixinArgumentDecorator object at 0x7755a9dc4d70>, verb_extension=<colcon_core.verb.build.BuildVerb object at 0x7755a9d43920>, main=<bound method BuildVerb.main of <colcon_core.verb.build.BuildVerb object at 0x7755a9d43920>>, mixin_verb=('build',))
[0.137s] Level 1:colcon.colcon_core.package_discovery:discover_packages(colcon_meta) check parameters
[0.137s] Level 1:colcon.colcon_core.package_discovery:discover_packages(recursive) check parameters
[0.137s] Level 1:colcon.colcon_core.package_discovery:discover_packages(ignore) check parameters
[0.137s] Level 1:colcon.colcon_core.package_discovery:discover_packages(path) check parameters
[0.137s] Level 1:colcon.colcon_core.package_discovery:discover_packages(colcon_meta) discover
[0.137s] Level 1:colcon.colcon_core.package_discovery:discover_packages(recursive) discover
[0.137s] INFO:colcon.colcon_core.package_discovery:Crawling recursively for packages in '/home/newir529/robotics-software-community/1-temperature-monitor/temp_ws'
[0.137s] Level 1:colcon.colcon_core.package_identification:_identify(.) by extensions ['ignore', 'ignore_ament_install']
[0.137s] Level 1:colcon.colcon_core.package_identification:_identify(.) by extension 'ignore'
[0.137s] Level 1:colcon.colcon_core.package_identification:_identify(.) by extension 'ignore_ament_install'
[0.137s] Level 1:colcon.colcon_core.package_identification:_identify(.) by extensions ['colcon_pkg']
[0.137s] Level 1:colcon.colcon_core.package_identification:_identify(.) by extension 'colcon_pkg'
[0.137s] Level 1:colcon.colcon_core.package_identification:_identify(.) by extensions ['colcon_meta']
[0.137s] Level 1:colcon.colcon_core.package_identification:_identify(.) by extension 'colcon_meta'
[0.137s] Level 1:colcon.colcon_core.package_identification:_identify(.) by extensions ['ros']
[0.137s] Level 1:colcon.colcon_core.package_identification:_identify(.) by extension 'ros'
[0.164s] Level 1:colcon.colcon_core.package_identification:_identify(.) by extensions ['cmake', 'python']
[0.164s] Level 1:colcon.colcon_core.package_identification:_identify(.) by extension 'cmake'
[0.164s] Level 1:colcon.colcon_core.package_identification:_identify(.) by extension 'python'
[0.164s] Level 1:colcon.colcon_core.package_identification:_identify(.) by extensions ['python_setup_py']
[0.164s] Level 1:colcon.colcon_core.package_identification:_identify(.) by extension 'python_setup_py'
[0.164s] Level 1:colcon.colcon_core.package_identification:_identify(build) by extensions ['ignore', 'ignore_ament_install']
[0.164s] Level 1:colcon.colcon_core.package_identification:_identify(build) by extension 'ignore'
[0.164s] Level 1:colcon.colcon_core.package_identification:_identify(build) ignored
[0.164s] Level 1:colcon.colcon_core.package_identification:_identify(install) by extensions ['ignore', 'ignore_ament_install']
[0.165s] Level 1:colcon.colcon_core.package_identification:_identify(install) by extension 'ignore'
[0.165s] Level 1:colcon.colcon_core.package_identification:_identify(install) ignored
[0.165s] Level 1:colcon.colcon_core.package_identification:_identify(log) by extensions ['ignore', 'ignore_ament_install']
[0.165s] Level 1:colcon.colcon_core.package_identification:_identify(log) by extension 'ignore'
[0.165s] Level 1:colcon.colcon_core.package_identification:_identify(log) ignored
[0.165s] Level 1:colcon.colcon_core.package_identification:_identify(src) by extensions ['ignore', 'ignore_ament_install']
[0.165s] Level 1:colcon.colcon_core.package_identification:_identify(src) by extension 'ignore'
[0.165s] Level 1:colcon.colcon_core.package_identification:_identify(src) by extension 'ignore_ament_install'
[0.165s] Level 1:colcon.colcon_core.package_identification:_identify(src) by extensions ['colcon_pkg']
[0.165s] Level 1:colcon.colcon_core.package_identification:_identify(src) by extension 'colcon_pkg'
[0.165s] Level 1:colcon.colcon_core.package_identification:_identify(src) by extensions ['colcon_meta']
[0.165s] Level 1:colcon.colcon_core.package_identification:_identify(src) by extension 'colcon_meta'
[0.165s] Level 1:colcon.colcon_core.package_identification:_identify(src) by extensions ['ros']
[0.165s] Level 1:colcon.colcon_core.package_identification:_identify(src) by extension 'ros'
[0.165s] Level 1:colcon.colcon_core.package_identification:_identify(src) by extensions ['cmake', 'python']
[0.165s] Level 1:colcon.colcon_core.package_identification:_identify(src) by extension 'cmake'
[0.165s] Level 1:colcon.colcon_core.package_identification:_identify(src) by extension 'python'
[0.165s] Level 1:colcon.colcon_core.package_identification:_identify(src) by extensions ['python_setup_py']
[0.165s] Level 1:colcon.colcon_core.package_identification:_identify(src) by extension 'python_setup_py'
[0.165s] Level 1:colcon.colcon_core.package_identification:_identify(src/temp_bringups) by extensions ['ignore', 'ignore_ament_install']
[0.166s] Level 1:colcon.colcon_core.package_identification:_identify(src/temp_bringups) by extension 'ignore'
[0.166s] Level 1:colcon.colcon_core.package_identification:_identify(src/temp_bringups) by extension 'ignore_ament_install'
[0.166s] Level 1:colcon.colcon_core.package_identification:_identify(src/temp_bringups) by extensions ['colcon_pkg']
[0.166s] Level 1:colcon.colcon_core.package_identification:_identify(src/temp_bringups) by extension 'colcon_pkg'
[0.166s] Level 1:colcon.colcon_core.package_identification:_identify(src/temp_bringups) by extensions ['colcon_meta']
[0.166s] Level 1:colcon.colcon_core.package_identification:_identify(src/temp_bringups) by extension 'colcon_meta'
[0.166s] Level 1:colcon.colcon_core.package_identification:_identify(src/temp_bringups) by extensions ['ros']
[0.166s] Level 1:colcon.colcon_core.package_identification:_identify(src/temp_bringups) by extension 'ros'
[0.168s] DEBUG:colcon.colcon_core.package_identification:Package 'src/temp_bringups' with type 'ros.ament_cmake' and name 'temp_bringups'
[0.168s] Level 1:colcon.colcon_core.package_identification:_identify(src/temp_client) by extensions ['ignore', 'ignore_ament_install']
[0.168s] Level 1:colcon.colcon_core.package_identification:_identify(src/temp_client) by extension 'ignore'
[0.168s] Level 1:colcon.colcon_core.package_identification:_identify(src/temp_client) by extension 'ignore_ament_install'
[0.168s] Level 1:colcon.colcon_core.package_identification:_identify(src/temp_client) by extensions ['colcon_pkg']
[0.168s] Level 1:colcon.colcon_core.package_identification:_identify(src/temp_client) by extension 'colcon_pkg'
[0.168s] Level 1:colcon.colcon_core.package_identification:_identify(src/temp_client) by extensions ['colcon_meta']
[0.168s] Level 1:colcon.colcon_core.package_identification:_identify(src/temp_client) by extension 'colcon_meta'
[0.168s] Level 1:colcon.colcon_core.package_identification:_identify(src/temp_client) by extensions ['ros']
[0.168s] Level 1:colcon.colcon_core.package_identification:_identify(src/temp_client) by extension 'ros'
[0.169s] DEBUG:colcon.colcon_core.package_identification:Package 'src/temp_client' with type 'ros.ament_python' and name 'temp_client'
[0.169s] Level 1:colcon.colcon_core.package_identification:_identify(src/temp_interface) by extensions ['ignore', 'ignore_ament_install']
[0.169s] Level 1:colcon.colcon_core.package_identification:_identify(src/temp_interface) by extension 'ignore'
[0.169s] Level 1:colcon.colcon_core.package_identification:_identify(src/temp_interface) by extension 'ignore_ament_install'
[0.169s] Level 1:colcon.colcon_core.package_identification:_identify(src/temp_interface) by extensions ['colcon_pkg']
[0.169s] Level 1:colcon.colcon_core.package_identification:_identify(src/temp_interface) by extension 'colcon_pkg'
[0.169s] Level 1:colcon.colcon_core.package_identification:_identify(src/temp_interface) by extensions ['colcon_meta']
[0.169s] Level 1:colcon.colcon_core.package_identification:_identify(src/temp_interface) by extension 'colcon_meta'
[0.169s] Level 1:colcon.colcon_core.package_identification:_identify(src/temp_interface) by extensions ['ros']
[0.169s] Level 1:colcon.colcon_core.package_identification:_identify(src/temp_interface) by extension 'ros'
[0.170s] DEBUG:colcon.colcon_core.package_identification:Package 'src/temp_interface' with type 'ros.ament_cmake' and name 'temp_interface'
[0.170s] Level 1:colcon.colcon_core.package_discovery:discover_packages(recursive) using defaults
[0.170s] Level 1:colcon.colcon_core.package_discovery:discover_packages(ignore) discover
[0.170s] Level 1:colcon.colcon_core.package_discovery:discover_packages(ignore) using defaults
[0.170s] Level 1:colcon.colcon_core.package_discovery:discover_packages(path) discover
[0.170s] Level 1:colcon.colcon_core.package_discovery:discover_packages(path) using defaults
[0.186s] Level 1:colcon.colcon_core.package_discovery:discover_packages(prefix_path) check parameters
[0.187s] Level 1:colcon.colcon_core.package_discovery:discover_packages(prefix_path) discover
[0.188s] DEBUG:colcon.colcon_installed_package_information.package_discovery:Found 3 installed packages in /home/newir529/robotics-software-community/1-temperature-monitor/temp_ws/install
[0.189s] DEBUG:colcon.colcon_installed_package_information.package_discovery:Found 292 installed packages in /opt/ros/jazzy
[0.191s] Level 1:colcon.colcon_core.package_discovery:discover_packages(prefix_path) using defaults
[0.232s] Level 5:colcon.colcon_core.verb:set package 'temp_bringups' build argument 'cmake_args' from command line to 'None'
[0.232s] Level 5:colcon.colcon_core.verb:set package 'temp_bringups' build argument 'cmake_target' from command line to 'None'
[0.232s] Level 5:colcon.colcon_core.verb:set package 'temp_bringups' build argument 'cmake_target_skip_unavailable' from command line to 'False'
[0.232s] Level 5:colcon.colcon_core.verb:set package 'temp_bringups' build argument 'cmake_clean_cache' from command line to 'False'
[0.232s] Level 5:colcon.colcon_core.verb:set package 'temp_bringups' build argument 'cmake_clean_first' from command line to 'False'
[0.233s] Level 5:colcon.colcon_core.verb:set package 'temp_bringups' build argument 'cmake_force_configure' from command line to 'False'
[0.233s] Level 5:colcon.colcon_core.verb:set package 'temp_bringups' build argument 'ament_cmake_args' from command line to 'None'
[0.233s] Level 5:colcon.colcon_core.verb:set package 'temp_bringups' build argument 'catkin_cmake_args' from command line to 'None'
[0.233s] Level 5:colcon.colcon_core.verb:set package 'temp_bringups' build argument 'catkin_skip_building_tests' from command line to 'False'
[0.233s] DEBUG:colcon.colcon_core.verb:Building package 'temp_bringups' with the following arguments: {'ament_cmake_args': None, 'build_base': '/home/newir529/robotics-software-community/1-temperature-monitor/temp_ws/build/temp_bringups', 'catkin_cmake_args': None, 'catkin_skip_building_tests': False, 'cmake_args': None, 'cmake_clean_cache': False, 'cmake_clean_first': False, 'cmake_force_configure': False, 'cmake_target': None, 'cmake_target_skip_unavailable': False, 'install_base': '/home/newir529/robotics-software-community/1-temperature-monitor/temp_ws/install/temp_bringups', 'merge_install': False, 'path': '/home/newir529/robotics-software-community/1-temperature-monitor/temp_ws/src/temp_bringups', 'symlink_install': False, 'test_result_base': None}
[0.233s] Level 5:colcon.colcon_core.verb:set package 'temp_interface' build argument 'cmake_args' from command line to 'None'
[0.233s] Level 5:colcon.colcon_core.verb:set package 'temp_interface' build argument 'cmake_target' from command line to 'None'
[0.233s] Level 5:colcon.colcon_core.verb:set package 'temp_interface' build argument 'cmake_target_skip_unavailable' from command line to 'False'
[0.233s] Level 5:colcon.colcon_core.verb:set package 'temp_interface' build argument 'cmake_clean_cache' from command line to 'False'
[0.233s] Level 5:colcon.colcon_core.verb:set package 'temp_interface' build argument 'cmake_clean_first' from command line to 'False'
[0.233s] Level 5:colcon.colcon_core.verb:set package 'temp_interface' build argument 'cmake_force_configure' from command line to 'False'
[0.233s] Level 5:colcon.colcon_core.verb:set package 'temp_interface' build argument 'ament_cmake_args' from command line to 'None'
[0.233s] Level 5:colcon.colcon_core.verb:set package 'temp_interface' build argument 'catkin_cmake_args' from command line to 'None'
[0.233s] Level 5:colcon.colcon_core.verb:set package 'temp_interface' build argument 'catkin_skip_building_tests' from command line to 'False'
[0.233s] DEBUG:colcon.colcon_core.verb:Building package 'temp_interface' with the following arguments: {'ament_cmake_args': None, 'build_base': '/home/newir529/robotics-software-community/1-temperature-monitor/temp_ws/build/temp_interface', 'catkin_cmake_args': None, 'catkin_skip_building_tests': False, 'cmake_args': None, 'cmake_clean_cache': False, 'cmake_clean_first': False, 'cmake_force_configure': False, 'cmake_target': None, 'cmake_target_skip_unavailable': False, 'install_base': '/home/newir529/robotics-software-community/1-temperature-monitor/temp_ws/install/temp_interface', 'merge_install': False, 'path': '/home/newir529/robotics-software-community/1-temperature-monitor/temp_ws/src/temp_interface', 'symlink_install': False, 'test_result_base': None}
[0.233s] Level 5:colcon.colcon_core.verb:set package 'temp_client' build argument 'cmake_args' from command line to 'None'
[0.233s] Level 5:colcon.colcon_core.verb:set package 'temp_client' build argument 'cmake_target' from command line to 'None'
[0.233s] Level 5:colcon.colcon_core.verb:set package 'temp_client' build argument 'cmake_target_skip_unavailable' from command line to 'False'
[0.233s] Level 5:colcon.colcon_core.verb:set package 'temp_client' build argument 'cmake_clean_cache' from command line to 'False'
[0.233s] Level 5:colcon.colcon_core.verb:set package 'temp_client' build argument 'cmake_clean_first' from command line to 'False'
[0.233s] Level 5:colcon.colcon_core.verb:set package 'temp_client' build argument 'cmake_force_configure' from command line to 'False'
[0.233s] Level 5:colcon.colcon_core.verb:set package 'temp_client' build argument 'ament_cmake_args' from command line to 'None'
[0.233s] Level 5:colcon.colcon_core.verb:set package 'temp_client' build argument 'catkin_cmake_args' from command line to 'None'
[0.233s] Level 5:colcon.colcon_core.verb:set package 'temp_client' build argument 'catkin_skip_building_tests' from command line to 'False'
[0.234s] DEBUG:colcon.colcon_core.verb:Building package 'temp_client' with the following arguments: {'ament_cmake_args': None, 'build_base': '/home/newir529/robotics-software-community/1-temperature-monitor/temp_ws/build/temp_client', 'catkin_cmake_args': None, 'catkin_skip_building_tests': False, 'cmake_args': None, 'cmake_clean_cache': False, 'cmake_clean_first': False, 'cmake_force_configure': False, 'cmake_target': None, 'cmake_target_skip_unavailable': False, 'install_base': '/home/newir529/robotics-software-community/1-temperature-monitor/temp_ws/install/temp_client', 'merge_install': False, 'path': '/home/newir529/robotics-software-community/1-temperature-monitor/temp_ws/src/temp_client', 'symlink_install': False, 'test_result_base': None}
[0.234s] INFO:colcon.colcon_core.executor:Executing jobs using 'parallel' executor
[0.234s] DEBUG:colcon.colcon_parallel_executor.executor.parallel:run_until_complete
[0.234s] INFO:colcon.colcon_ros.task.ament_cmake.build:Building ROS package in '/home/newir529/robotics-software-community/1-temperature-monitor/temp_ws/src/temp_interface' with build type 'ament_cmake'
[0.234s] INFO:colcon.colcon_cmake.task.cmake.build:Building CMake package in '/home/newir529/robotics-software-community/1-temperature-monitor/temp_ws/src/temp_interface'
[0.237s] INFO:colcon.colcon_core.plugin_system:Skipping extension 'colcon_core.shell.bat': Not used on non-Windows systems
[0.237s] INFO:colcon.colcon_core.shell:Skip shell extension 'powershell' for command environment: Not usable outside of PowerShell
[0.237s] DEBUG:colcon.colcon_core.shell:Skip shell extension 'dsv' for command environment
[0.241s] INFO:colcon.colcon_ros.task.ament_cmake.build:Building ROS package in '/home/newir529/robotics-software-community/1-temperature-monitor/temp_ws/src/temp_bringups' with build type 'ament_cmake'
[0.241s] INFO:colcon.colcon_cmake.task.cmake.build:Building CMake package in '/home/newir529/robotics-software-community/1-temperature-monitor/temp_ws/src/temp_bringups'
[0.241s] INFO:colcon.colcon_core.shell:Skip shell extension 'powershell' for command environment: Not usable outside of PowerShell
[0.241s] DEBUG:colcon.colcon_core.shell:Skip shell extension 'dsv' for command environment
[0.247s] DEBUG:colcon.colcon_core.event_handler.log_command:Invoking command in '/home/newir529/robotics-software-community/1-temperature-monitor/temp_ws/build/temp_interface': CMAKE_PREFIX_PATH=${CMAKE_PREFIX_PATH}:/home/newir529/robotics-software-community/1-temperature-monitor/temp_ws/install/temp_client:/opt/ros/jazzy DEBUGINFOD_URLS=https://debuginfod.ubuntu.com /usr/bin/cmake --build /home/newir529/robotics-software-community/1-temperature-monitor/temp_ws/build/temp_interface -- -j8 -l8
[0.250s] DEBUG:colcon.colcon_core.event_handler.log_command:Invoking command in '/home/newir529/robotics-software-community/1-temperature-monitor/temp_ws/build/temp_bringups': CMAKE_PREFIX_PATH=${CMAKE_PREFIX_PATH}:/home/newir529/robotics-software-community/1-temperature-monitor/temp_ws/install/temp_client:/opt/ros/jazzy DEBUGINFOD_URLS=https://debuginfod.ubuntu.com /usr/bin/cmake --build /home/newir529/robotics-software-community/1-temperature-monitor/temp_ws/build/temp_bringups -- -j8 -l8
[0.286s] DEBUG:colcon.colcon_core.event_handler.log_command:Invoked command in '/home/newir529/robotics-software-community/1-temperature-monitor/temp_ws/build/temp_bringups' returned '0': CMAKE_PREFIX_PATH=${CMAKE_PREFIX_PATH}:/home/newir529/robotics-software-community/1-temperature-monitor/temp_ws/install/temp_client:/opt/ros/jazzy DEBUGINFOD_URLS=https://debuginfod.ubuntu.com /usr/bin/cmake --build /home/newir529/robotics-software-community/1-temperature-monitor/temp_ws/build/temp_bringups -- -j8 -l8
[0.296s] DEBUG:colcon.colcon_core.event_handler.log_command:Invoking command in '/home/newir529/robotics-software-community/1-temperature-monitor/temp_ws/build/temp_bringups': CMAKE_PREFIX_PATH=${CMAKE_PREFIX_PATH}:/home/newir529/robotics-software-community/1-temperature-monitor/temp_ws/install/temp_client:/opt/ros/jazzy DEBUGINFOD_URLS=https://debuginfod.ubuntu.com /usr/bin/cmake --install /home/newir529/robotics-software-community/1-temperature-monitor/temp_ws/build/temp_bringups
[0.306s] Level 1:colcon.colcon_core.environment:create_environment_scripts_only(temp_bringups)
[0.307s] DEBUG:colcon.colcon_core.event_handler.log_command:Invoked command in '/home/newir529/robotics-software-community/1-temperature-monitor/temp_ws/build/temp_bringups' returned '0': CMAKE_PREFIX_PATH=${CMAKE_PREFIX_PATH}:/home/newir529/robotics-software-community/1-temperature-monitor/temp_ws/install/temp_client:/opt/ros/jazzy DEBUGINFOD_URLS=https://debuginfod.ubuntu.com /usr/bin/cmake --install /home/newir529/robotics-software-community/1-temperature-monitor/temp_ws/build/temp_bringups
[0.310s] Level 1:colcon.colcon_core.environment:checking '/home/newir529/robotics-software-community/1-temperature-monitor/temp_ws/install/temp_bringups' for CMake module files
[0.311s] Level 1:colcon.colcon_core.environment:checking '/home/newir529/robotics-software-community/1-temperature-monitor/temp_ws/install/temp_bringups' for CMake config files
[0.311s] Level 1:colcon.colcon_core.shell:create_environment_hook('temp_bringups', 'cmake_prefix_path')
[0.311s] INFO:colcon.colcon_core.shell:Creating environment hook '/home/newir529/robotics-software-community/1-temperature-monitor/temp_ws/install/temp_bringups/share/temp_bringups/hook/cmake_prefix_path.ps1'
[0.312s] INFO:colcon.colcon_core.shell:Creating environment descriptor '/home/newir529/robotics-software-community/1-temperature-monitor/temp_ws/install/temp_bringups/share/temp_bringups/hook/cmake_prefix_path.dsv'
[0.312s] INFO:colcon.colcon_core.shell:Creating environment hook '/home/newir529/robotics-software-community/1-temperature-monitor/temp_ws/install/temp_bringups/share/temp_bringups/hook/cmake_prefix_path.sh'
[0.313s] Level 1:colcon.colcon_core.environment:checking '/home/newir529/robotics-software-community/1-temperature-monitor/temp_ws/install/temp_bringups/bin'
[0.313s] Level 1:colcon.colcon_core.environment:checking '/home/newir529/robotics-software-community/1-temperature-monitor/temp_ws/install/temp_bringups/lib/pkgconfig/temp_bringups.pc'
[0.313s] Level 1:colcon.colcon_core.environment:checking '/home/newir529/robotics-software-community/1-temperature-monitor/temp_ws/install/temp_bringups/lib/python3.12/site-packages'
[0.313s] Level 1:colcon.colcon_core.environment:checking '/home/newir529/robotics-software-community/1-temperature-monitor/temp_ws/install/temp_bringups/bin'
[0.313s] INFO:colcon.colcon_core.shell:Creating package script '/home/newir529/robotics-software-community/1-temperature-monitor/temp_ws/install/temp_bringups/share/temp_bringups/package.ps1'
[0.314s] INFO:colcon.colcon_core.shell:Creating package descriptor '/home/newir529/robotics-software-community/1-temperature-monitor/temp_ws/install/temp_bringups/share/temp_bringups/package.dsv'
[0.315s] INFO:colcon.colcon_core.shell:Creating package script '/home/newir529/robotics-software-community/1-temperature-monitor/temp_ws/install/temp_bringups/share/temp_bringups/package.sh'
[0.315s] INFO:colcon.colcon_core.shell:Creating package script '/home/newir529/robotics-software-community/1-temperature-monitor/temp_ws/install/temp_bringups/share/temp_bringups/package.bash'
[0.316s] INFO:colcon.colcon_core.shell:Creating package script '/home/newir529/robotics-software-community/1-temperature-monitor/temp_ws/install/temp_bringups/share/temp_bringups/package.zsh'
[0.316s] Level 1:colcon.colcon_core.environment:create_file_with_runtime_dependencies(/home/newir529/robotics-software-community/1-temperature-monitor/temp_ws/install/temp_bringups/share/colcon-core/packages/temp_bringups)
[0.317s] Level 1:colcon.colcon_core.environment:create_environment_scripts_only(temp_bringups)
[0.317s] Level 1:colcon.colcon_core.environment:checking '/home/newir529/robotics-software-community/1-temperature-monitor/temp_ws/install/temp_bringups' for CMake module files
[0.318s] Level 1:colcon.colcon_core.environment:checking '/home/newir529/robotics-software-community/1-temperature-monitor/temp_ws/install/temp_bringups' for CMake config files
[0.319s] Level 1:colcon.colcon_core.shell:create_environment_hook('temp_bringups', 'cmake_prefix_path')
[0.319s] INFO:colcon.colcon_core.shell:Creating environment hook '/home/newir529/robotics-software-community/1-temperature-monitor/temp_ws/install/temp_bringups/share/temp_bringups/hook/cmake_prefix_path.ps1'
[0.319s] INFO:colcon.colcon_core.shell:Creating environment descriptor '/home/newir529/robotics-software-community/1-temperature-monitor/temp_ws/install/temp_bringups/share/temp_bringups/hook/cmake_prefix_path.dsv'
[0.320s] INFO:colcon.colcon_core.shell:Creating environment hook '/home/newir529/robotics-software-community/1-temperature-monitor/temp_ws/install/temp_bringups/share/temp_bringups/hook/cmake_prefix_path.sh'
[0.320s] Level 1:colcon.colcon_core.environment:checking '/home/newir529/robotics-software-community/1-temperature-monitor/temp_ws/install/temp_bringups/bin'
[0.321s] Level 1:colcon.colcon_core.environment:checking '/home/newir529/robotics-software-community/1-temperature-monitor/temp_ws/install/temp_bringups/lib/pkgconfig/temp_bringups.pc'
[0.321s] Level 1:colcon.colcon_core.environment:checking '/home/newir529/robotics-software-community/1-temperature-monitor/temp_ws/install/temp_bringups/lib/python3.12/site-packages'
[0.321s] Level 1:colcon.colcon_core.environment:checking '/home/newir529/robotics-software-community/1-temperature-monitor/temp_ws/install/temp_bringups/bin'
[0.322s] INFO:colcon.colcon_core.shell:Creating package script '/home/newir529/robotics-software-community/1-temperature-monitor/temp_ws/install/temp_bringups/share/temp_bringups/package.ps1'
[0.322s] INFO:colcon.colcon_core.shell:Creating package descriptor '/home/newir529/robotics-software-community/1-temperature-monitor/temp_ws/install/temp_bringups/share/temp_bringups/package.dsv'
[0.323s] INFO:colcon.colcon_core.shell:Creating package script '/home/newir529/robotics-software-community/1-temperature-monitor/temp_ws/install/temp_bringups/share/temp_bringups/package.sh'
[0.324s] INFO:colcon.colcon_core.shell:Creating package script '/home/newir529/robotics-software-community/1-temperature-monitor/temp_ws/install/temp_bringups/share/temp_bringups/package.bash'
[0.324s] INFO:colcon.colcon_core.shell:Creating package script '/home/newir529/robotics-software-community/1-temperature-monitor/temp_ws/install/temp_bringups/share/temp_bringups/package.zsh'
[0.325s] Level 1:colcon.colcon_core.environment:create_file_with_runtime_dependencies(/home/newir529/robotics-software-community/1-temperature-monitor/temp_ws/install/temp_bringups/share/colcon-core/packages/temp_bringups)
[0.799s] DEBUG:colcon.colcon_core.event_handler.log_command:Invoked command in '/home/newir529/robotics-software-community/1-temperature-monitor/temp_ws/build/temp_interface' returned '0': CMAKE_PREFIX_PATH=${CMAKE_PREFIX_PATH}:/home/newir529/robotics-software-community/1-temperature-monitor/temp_ws/install/temp_client:/opt/ros/jazzy DEBUGINFOD_URLS=https://debuginfod.ubuntu.com /usr/bin/cmake --build /home/newir529/robotics-software-community/1-temperature-monitor/temp_ws/build/temp_interface -- -j8 -l8
[0.800s] DEBUG:colcon.colcon_core.event_handler.log_command:Invoking command in '/home/newir529/robotics-software-community/1-temperature-monitor/temp_ws/build/temp_interface': CMAKE_PREFIX_PATH=${CMAKE_PREFIX_PATH}:/home/newir529/robotics-software-community/1-temperature-monitor/temp_ws/install/temp_client:/opt/ros/jazzy DEBUGINFOD_URLS=https://debuginfod.ubuntu.com /usr/bin/cmake --install /home/newir529/robotics-software-community/1-temperature-monitor/temp_ws/build/temp_interface
[0.857s] Level 1:colcon.colcon_core.environment:create_environment_scripts_only(temp_interface)
[0.857s] Level 1:colcon.colcon_core.environment:checking '/home/newir529/robotics-software-community/1-temperature-monitor/temp_ws/install/temp_interface' for CMake module files
[0.857s] DEBUG:colcon.colcon_core.event_handler.log_command:Invoked command in '/home/newir529/robotics-software-community/1-temperature-monitor/temp_ws/build/temp_interface' returned '0': CMAKE_PREFIX_PATH=${CMAKE_PREFIX_PATH}:/home/newir529/robotics-software-community/1-temperature-monitor/temp_ws/install/temp_client:/opt/ros/jazzy DEBUGINFOD_URLS=https://debuginfod.ubuntu.com /usr/bin/cmake --install /home/newir529/robotics-software-community/1-temperature-monitor/temp_ws/build/temp_interface
[0.858s] Level 1:colcon.colcon_core.environment:checking '/home/newir529/robotics-software-community/1-temperature-monitor/temp_ws/install/temp_interface' for CMake config files
[0.858s] Level 1:colcon.colcon_core.shell:create_environment_hook('temp_interface', 'cmake_prefix_path')
[0.858s] INFO:colcon.colcon_core.shell:Creating environment hook '/home/newir529/robotics-software-community/1-temperature-monitor/temp_ws/install/temp_interface/share/temp_interface/hook/cmake_prefix_path.ps1'
[0.859s] INFO:colcon.colcon_core.shell:Creating environment descriptor '/home/newir529/robotics-software-community/1-temperature-monitor/temp_ws/install/temp_interface/share/temp_interface/hook/cmake_prefix_path.dsv'
[0.859s] INFO:colcon.colcon_core.shell:Creating environment hook '/home/newir529/robotics-software-community/1-temperature-monitor/temp_ws/install/temp_interface/share/temp_interface/hook/cmake_prefix_path.sh'
[0.860s] Level 1:colcon.colcon_core.environment:checking '/home/newir529/robotics-software-community/1-temperature-monitor/temp_ws/install/temp_interface/lib'
[0.860s] Level 1:colcon.colcon_core.shell:create_environment_hook('temp_interface', 'ld_library_path_lib')
[0.860s] INFO:colcon.colcon_core.shell:Creating environment hook '/home/newir529/robotics-software-community/1-temperature-monitor/temp_ws/install/temp_interface/share/temp_interface/hook/ld_library_path_lib.ps1'
[0.860s] INFO:colcon.colcon_core.shell:Creating environment descriptor '/home/newir529/robotics-software-community/1-temperature-monitor/temp_ws/install/temp_interface/share/temp_interface/hook/ld_library_path_lib.dsv'
[0.860s] INFO:colcon.colcon_core.shell:Creating environment hook '/home/newir529/robotics-software-community/1-temperature-monitor/temp_ws/install/temp_interface/share/temp_interface/hook/ld_library_path_lib.sh'
[0.861s] Level 1:colcon.colcon_core.environment:checking '/home/newir529/robotics-software-community/1-temperature-monitor/temp_ws/install/temp_interface/bin'
[0.861s] Level 1:colcon.colcon_core.environment:checking '/home/newir529/robotics-software-community/1-temperature-monitor/temp_ws/install/temp_interface/lib/pkgconfig/temp_interface.pc'
[0.861s] Level 1:colcon.colcon_core.environment:checking '/home/newir529/robotics-software-community/1-temperature-monitor/temp_ws/install/temp_interface/lib/python3.12/site-packages'
[0.861s] Level 1:colcon.colcon_core.shell:create_environment_hook('temp_interface', 'pythonpath')
[0.861s] INFO:colcon.colcon_core.shell:Creating environment hook '/home/newir529/robotics-software-community/1-temperature-monitor/temp_ws/install/temp_interface/share/temp_interface/hook/pythonpath.ps1'
[0.862s] INFO:colcon.colcon_core.shell:Creating environment descriptor '/home/newir529/robotics-software-community/1-temperature-monitor/temp_ws/install/temp_interface/share/temp_interface/hook/pythonpath.dsv'
[0.862s] INFO:colcon.colcon_core.shell:Creating environment hook '/home/newir529/robotics-software-community/1-temperature-monitor/temp_ws/install/temp_interface/share/temp_interface/hook/pythonpath.sh'
[0.862s] Level 1:colcon.colcon_core.environment:checking '/home/newir529/robotics-software-community/1-temperature-monitor/temp_ws/install/temp_interface/bin'
[0.863s] INFO:colcon.colcon_core.shell:Creating package script '/home/newir529/robotics-software-community/1-temperature-monitor/temp_ws/install/temp_interface/share/temp_interface/package.ps1'
[0.863s] INFO:colcon.colcon_core.shell:Creating package descriptor '/home/newir529/robotics-software-community/1-temperature-monitor/temp_ws/install/temp_interface/share/temp_interface/package.dsv'
[0.863s] INFO:colcon.colcon_core.shell:Creating package script '/home/newir529/robotics-software-community/1-temperature-monitor/temp_ws/install/temp_interface/share/temp_interface/package.sh'
[0.864s] INFO:colcon.colcon_core.shell:Creating package script '/home/newir529/robotics-software-community/1-temperature-monitor/temp_ws/install/temp_interface/share/temp_interface/package.bash'
[0.864s] INFO:colcon.colcon_core.shell:Creating package script '/home/newir529/robotics-software-community/1-temperature-monitor/temp_ws/install/temp_interface/share/temp_interface/package.zsh'
[0.864s] Level 1:colcon.colcon_core.environment:create_file_with_runtime_dependencies(/home/newir529/robotics-software-community/1-temperature-monitor/temp_ws/install/temp_interface/share/colcon-core/packages/temp_interface)
[0.865s] Level 1:colcon.colcon_core.environment:create_environment_scripts_only(temp_interface)
[0.865s] Level 1:colcon.colcon_core.environment:checking '/home/newir529/robotics-software-community/1-temperature-monitor/temp_ws/install/temp_interface' for CMake module files
[0.865s] Level 1:colcon.colcon_core.environment:checking '/home/newir529/robotics-software-community/1-temperature-monitor/temp_ws/install/temp_interface' for CMake config files
[0.866s] Level 1:colcon.colcon_core.shell:create_environment_hook('temp_interface', 'cmake_prefix_path')
[0.866s] INFO:colcon.colcon_core.shell:Creating environment hook '/home/newir529/robotics-software-community/1-temperature-monitor/temp_ws/install/temp_interface/share/temp_interface/hook/cmake_prefix_path.ps1'
[0.866s] INFO:colcon.colcon_core.shell:Creating environment descriptor '/home/newir529/robotics-software-community/1-temperature-monitor/temp_ws/install/temp_interface/share/temp_interface/hook/cmake_prefix_path.dsv'
[0.866s] INFO:colcon.colcon_core.shell:Creating environment hook '/home/newir529/robotics-software-community/1-temperature-monitor/temp_ws/install/temp_interface/share/temp_interface/hook/cmake_prefix_path.sh'
[0.867s] Level 1:colcon.colcon_core.environment:checking '/home/newir529/robotics-software-community/1-temperature-monitor/temp_ws/install/temp_interface/lib'
[0.867s] Level 1:colcon.colcon_core.shell:create_environment_hook('temp_interface', 'ld_library_path_lib')
[0.867s] INFO:colcon.colcon_core.shell:Creating environment hook '/home/newir529/robotics-software-community/1-temperature-monitor/temp_ws/install/temp_interface/share/temp_interface/hook/ld_library_path_lib.ps1'
[0.867s] INFO:colcon.colcon_core.shell:Creating environment descriptor '/home/newir529/robotics-software-community/1-temperature-monitor/temp_ws/install/temp_interface/share/temp_interface/hook/ld_library_path_lib.dsv'
[0.868s] INFO:colcon.colcon_core.shell:Creating environment hook '/home/newir529/robotics-software-community/1-temperature-monitor/temp_ws/install/temp_interface/share/temp_interface/hook/ld_library_path_lib.sh'
[0.868s] Level 1:colcon.colcon_core.environment:checking '/home/newir529/robotics-software-community/1-temperature-monitor/temp_ws/install/temp_interface/bin'
[0.868s] Level 1:colcon.colcon_core.environment:checking '/home/newir529/robotics-software-community/1-temperature-monitor/temp_ws/install/temp_interface/lib/pkgconfig/temp_interface.pc'
[0.868s] Level 1:colcon.colcon_core.environment:checking '/home/newir529/robotics-software-community/1-temperature-monitor/temp_ws/install/temp_interface/lib/python3.12/site-packages'
[0.868s] Level 1:colcon.colcon_core.shell:create_environment_hook('temp_interface', 'pythonpath')
[0.868s] INFO:colcon.colcon_core.shell:Creating environment hook '/home/newir529/robotics-software-community/1-temperature-monitor/temp_ws/install/temp_interface/share/temp_interface/hook/pythonpath.ps1'
[0.869s] INFO:colcon.colcon_core.shell:Creating environment descriptor '/home/newir529/robotics-software-community/1-temperature-monitor/temp_ws/install/temp_interface/share/temp_interface/hook/pythonpath.dsv'
[0.869s] INFO:colcon.colcon_core.shell:Creating environment hook '/home/newir529/robotics-software-community/1-temperature-monitor/temp_ws/install/temp_interface/share/temp_interface/hook/pythonpath.sh'
[0.869s] Level 1:colcon.colcon_core.environment:checking '/home/newir529/robotics-software-community/1-temperature-monitor/temp_ws/install/temp_interface/bin'
[0.870s] INFO:colcon.colcon_core.shell:Creating package script '/home/newir529/robotics-software-community/1-temperature-monitor/temp_ws/install/temp_interface/share/temp_interface/package.ps1'
[0.870s] INFO:colcon.colcon_core.shell:Creating package descriptor '/home/newir529/robotics-software-community/1-temperature-monitor/temp_ws/install/temp_interface/share/temp_interface/package.dsv'
[0.871s] INFO:colcon.colcon_core.shell:Creating package script '/home/newir529/robotics-software-community/1-temperature-monitor/temp_ws/install/temp_interface/share/temp_interface/package.sh'
[0.871s] INFO:colcon.colcon_core.shell:Creating package script '/home/newir529/robotics-software-community/1-temperature-monitor/temp_ws/install/temp_interface/share/temp_interface/package.bash'
[0.871s] INFO:colcon.colcon_core.shell:Creating package script '/home/newir529/robotics-software-community/1-temperature-monitor/temp_ws/install/temp_interface/share/temp_interface/package.zsh'
[0.872s] Level 1:colcon.colcon_core.environment:create_file_with_runtime_dependencies(/home/newir529/robotics-software-community/1-temperature-monitor/temp_ws/install/temp_interface/share/colcon-core/packages/temp_interface)
[0.872s] INFO:colcon.colcon_ros.task.ament_python.build:Building ROS package in '/home/newir529/robotics-software-community/1-temperature-monitor/temp_ws/src/temp_client' with build type 'ament_python'
[0.872s] Level 1:colcon.colcon_core.shell:create_environment_hook('temp_client', 'ament_prefix_path')
[0.872s] INFO:colcon.colcon_core.shell:Creating environment hook '/home/newir529/robotics-software-community/1-temperature-monitor/temp_ws/install/temp_client/share/temp_client/hook/ament_prefix_path.ps1'
[0.873s] INFO:colcon.colcon_core.shell:Creating environment descriptor '/home/newir529/robotics-software-community/1-temperature-monitor/temp_ws/install/temp_client/share/temp_client/hook/ament_prefix_path.dsv'
[0.873s] INFO:colcon.colcon_core.shell:Creating environment hook '/home/newir529/robotics-software-community/1-temperature-monitor/temp_ws/install/temp_client/share/temp_client/hook/ament_prefix_path.sh'
[0.873s] INFO:colcon.colcon_core.shell:Skip shell extension 'powershell' for command environment: Not usable outside of PowerShell
[0.873s] DEBUG:colcon.colcon_core.shell:Skip shell extension 'dsv' for command environment
[1.091s] INFO:colcon.colcon_core.task.python.build:Building Python package in '/home/newir529/robotics-software-community/1-temperature-monitor/temp_ws/src/temp_client'
[1.091s] INFO:colcon.colcon_core.shell:Skip shell extension 'powershell' for command environment: Not usable outside of PowerShell
[1.091s] DEBUG:colcon.colcon_core.shell:Skip shell extension 'dsv' for command environment
[1.723s] DEBUG:colcon.colcon_core.event_handler.log_command:Invoking command in '/home/newir529/robotics-software-community/1-temperature-monitor/temp_ws/src/temp_client': DEBUGINFOD_URLS=https://debuginfod.ubuntu.com PYTHONPATH=/home/newir529/robotics-software-community/1-temperature-monitor/temp_ws/build/temp_client/prefix_override:/usr/lib/python3/dist-packages/colcon_core/task/python/colcon_distutils_commands:/home/newir529/robotics-software-community/1-temperature-monitor/temp_ws/install/temp_client/lib/python3.12/site-packages:/home/newir529/robotics-software-community/1-temperature-monitor/temp_ws/install/temp_interface/lib/python3.12/site-packages:/home/newir529/robotics-software-community/1-temperature-monitor/temp_ws/build/temp_client:/home/newir529/robotics-software-community/1-temperature-monitor/temp_ws/install/temp_client/lib/python3.12/site-packages:/opt/ros/jazzy/lib/python3.12/site-packages /usr/bin/python3 -W ignore:setup.py install is deprecated -W ignore:easy_install command is deprecated setup.py egg_info --egg-base ../../build/temp_client build --build-base /home/newir529/robotics-software-community/1-temperature-monitor/temp_ws/build/temp_client/build install --record /home/newir529/robotics-software-community/1-temperature-monitor/temp_ws/build/temp_client/install.log --single-version-externally-managed install_data
[2.297s] Level 1:colcon.colcon_core.environment:checking '/home/newir529/robotics-software-community/1-temperature-monitor/temp_ws/install/temp_client' for CMake module files
[2.298s] DEBUG:colcon.colcon_core.event_handler.log_command:Invoked command in '/home/newir529/robotics-software-community/1-temperature-monitor/temp_ws/src/temp_client' returned '0': DEBUGINFOD_URLS=https://debuginfod.ubuntu.com PYTHONPATH=/home/newir529/robotics-software-community/1-temperature-monitor/temp_ws/build/temp_client/prefix_override:/usr/lib/python3/dist-packages/colcon_core/task/python/colcon_distutils_commands:/home/newir529/robotics-software-community/1-temperature-monitor/temp_ws/install/temp_client/lib/python3.12/site-packages:/home/newir529/robotics-software-community/1-temperature-monitor/temp_ws/install/temp_interface/lib/python3.12/site-packages:/home/newir529/robotics-software-community/1-temperature-monitor/temp_ws/build/temp_client:/home/newir529/robotics-software-community/1-temperature-monitor/temp_ws/install/temp_client/lib/python3.12/site-packages:/opt/ros/jazzy/lib/python3.12/site-packages /usr/bin/python3 -W ignore:setup.py install is deprecated -W ignore:easy_install command is deprecated setup.py egg_info --egg-base ../../build/temp_client build --build-base /home/newir529/robotics-software-community/1-temperature-monitor/temp_ws/build/temp_client/build install --record /home/newir529/robotics-software-community/1-temperature-monitor/temp_ws/build/temp_client/install.log --single-version-externally-managed install_data
[2.298s] Level 1:colcon.colcon_core.environment:checking '/home/newir529/robotics-software-community/1-temperature-monitor/temp_ws/install/temp_client' for CMake config files
[2.299s] Level 1:colcon.colcon_core.environment:checking '/home/newir529/robotics-software-community/1-temperature-monitor/temp_ws/install/temp_client/lib'
[2.299s] Level 1:colcon.colcon_core.environment:checking '/home/newir529/robotics-software-community/1-temperature-monitor/temp_ws/install/temp_client/bin'
[2.299s] Level 1:colcon.colcon_core.environment:checking '/home/newir529/robotics-software-community/1-temperature-monitor/temp_ws/install/temp_client/lib/pkgconfig/temp_client.pc'
[2.299s] Level 1:colcon.colcon_core.environment:checking '/home/newir529/robotics-software-community/1-temperature-monitor/temp_ws/install/temp_client/lib/python3.12/site-packages'
[2.299s] Level 1:colcon.colcon_core.shell:create_environment_hook('temp_client', 'pythonpath')
[2.299s] INFO:colcon.colcon_core.shell:Creating environment hook '/home/newir529/robotics-software-community/1-temperature-monitor/temp_ws/install/temp_client/share/temp_client/hook/pythonpath.ps1'
[2.300s] INFO:colcon.colcon_core.shell:Creating environment descriptor '/home/newir529/robotics-software-community/1-temperature-monitor/temp_ws/install/temp_client/share/temp_client/hook/pythonpath.dsv'
[2.300s] INFO:colcon.colcon_core.shell:Creating environment hook '/home/newir529/robotics-software-community/1-temperature-monitor/temp_ws/install/temp_client/share/temp_client/hook/pythonpath.sh'
[2.301s] Level 1:colcon.colcon_core.environment:checking '/home/newir529/robotics-software-community/1-temperature-monitor/temp_ws/install/temp_client/bin'
[2.301s] Level 1:colcon.colcon_core.environment:create_environment_scripts_only(temp_client)
[2.301s] INFO:colcon.colcon_core.shell:Creating package script '/home/newir529/robotics-software-community/1-temperature-monitor/temp_ws/install/temp_client/share/temp_client/package.ps1'
[2.301s] INFO:colcon.colcon_core.shell:Creating package descriptor '/home/newir529/robotics-software-community/1-temperature-monitor/temp_ws/install/temp_client/share/temp_client/package.dsv'
[2.302s] INFO:colcon.colcon_core.shell:Creating package script '/home/newir529/robotics-software-community/1-temperature-monitor/temp_ws/install/temp_client/share/temp_client/package.sh'
[2.302s] INFO:colcon.colcon_core.shell:Creating package script '/home/newir529/robotics-software-community/1-temperature-monitor/temp_ws/install/temp_client/share/temp_client/package.bash'
[2.302s] INFO:colcon.colcon_core.shell:Creating package script '/home/newir529/robotics-software-community/1-temperature-monitor/temp_ws/install/temp_client/share/temp_client/package.zsh'
[2.302s] Level 1:colcon.colcon_core.environment:create_file_with_runtime_dependencies(/home/newir529/robotics-software-community/1-temperature-monitor/temp_ws/install/temp_client/share/colcon-core/packages/temp_client)
[2.303s] DEBUG:colcon.colcon_parallel_executor.executor.parallel:closing loop
[2.303s] DEBUG:colcon.colcon_parallel_executor.executor.parallel:loop closed
[2.303s] DEBUG:colcon.colcon_parallel_executor.executor.parallel:run_until_complete finished with '0'
[2.303s] DEBUG:colcon.colcon_core.event_reactor:joining thread
[2.309s] INFO:colcon.colcon_core.plugin_system:Skipping extension 'colcon_notification.desktop_notification.terminal_notifier': Not used on non-Darwin systems
[2.309s] INFO:colcon.colcon_core.plugin_system:Skipping extension 'colcon_notification.desktop_notification.win32': Not used on non-Windows systems
[2.309s] INFO:colcon.colcon_notification.desktop_notification:Sending desktop notification using 'notify2'
[2.317s] DEBUG:colcon.colcon_core.event_reactor:joined thread
[2.318s] INFO:colcon.colcon_core.shell:Creating prefix script '/home/newir529/robotics-software-community/1-temperature-monitor/temp_ws/install/local_setup.ps1'
[2.319s] INFO:colcon.colcon_core.shell:Creating prefix util module '/home/newir529/robotics-software-community/1-temperature-monitor/temp_ws/install/_local_setup_util_ps1.py'
[2.320s] INFO:colcon.colcon_core.shell:Creating prefix chain script '/home/newir529/robotics-software-community/1-temperature-monitor/temp_ws/install/setup.ps1'
[2.321s] INFO:colcon.colcon_core.shell:Creating prefix script '/home/newir529/robotics-software-community/1-temperature-monitor/temp_ws/install/local_setup.sh'
[2.321s] INFO:colcon.colcon_core.shell:Creating prefix util module '/home/newir529/robotics-software-community/1-temperature-monitor/temp_ws/install/_local_setup_util_sh.py'
[2.322s] INFO:colcon.colcon_core.shell:Creating prefix chain script '/home/newir529/robotics-software-community/1-temperature-monitor/temp_ws/install/setup.sh'
[2.323s] INFO:colcon.colcon_core.shell:Creating prefix script '/home/newir529/robotics-software-community/1-temperature-monitor/temp_ws/install/local_setup.bash'
[2.323s] INFO:colcon.colcon_core.shell:Creating prefix chain script '/home/newir529/robotics-software-community/1-temperature-monitor/temp_ws/install/setup.bash'
[2.324s] INFO:colcon.colcon_core.shell:Creating prefix script '/home/newir529/robotics-software-community/1-temperature-monitor/temp_ws/install/local_setup.zsh'
[2.324s] INFO:colcon.colcon_core.shell:Creating prefix chain script '/home/newir529/robotics-software-community/1-temperature-monitor/temp_ws/install/setup.zsh'
