running egg_info
writing ../../build/temp_client/temp_client.egg-info/PKG-INFO
writing dependency_links to ../../build/temp_client/temp_client.egg-info/dependency_links.txt
writing entry points to ../../build/temp_client/temp_client.egg-info/entry_points.txt
writing requirements to ../../build/temp_client/temp_client.egg-info/requires.txt
writing top-level names to ../../build/temp_client/temp_client.egg-info/top_level.txt
reading manifest file '../../build/temp_client/temp_client.egg-info/SOURCES.txt'
adding license file 'LICENSE'
writing manifest file '../../build/temp_client/temp_client.egg-info/SOURCES.txt'
running build
running build_py
running install
running install_lib
running install_data
running install_egg_info
removing '/home/newir529/robotics-software-community/1-temperature-monitor/temp_ws/install/temp_client/lib/python3.12/site-packages/temp_client-0.0.0-py3.12.egg-info' (and everything under it)
Copying ../../build/temp_client/temp_client.egg-info to /home/newir529/robotics-software-community/1-temperature-monitor/temp_ws/install/temp_client/lib/python3.12/site-packages/temp_client-0.0.0-py3.12.egg-info
running install_scripts
Installing temp_pub script to /home/newir529/robotics-software-community/1-temperature-monitor/temp_ws/install/temp_client/lib/temp_client
writing list of installed files to '/home/newir529/robotics-software-community/1-temperature-monitor/temp_ws/build/temp_client/install.log'
