[0.144s] DEBUG:colcon:Command line arguments: ['/usr/bin/colcon', 'build']
[0.144s] DEBUG:colcon:Parsed command line arguments: Namespace(log_base=None, log_level=None, verb_name='build', build_base='build', install_base='install', merge_install=False, symlink_install=False, test_result_base=None, continue_on_error=False, executor='parallel', parallel_workers=8, event_handlers=None, ignore_user_meta=False, metas=['./colcon.meta'], base_paths=['.'], packages_ignore=None, packages_ignore_regex=None, paths=None, packages_up_to=None, packages_up_to_regex=None, packages_above=None, packages_above_and_dependencies=None, packages_above_depth=None, packages_select_by_dep=None, packages_skip_by_dep=None, packages_skip_up_to=None, packages_select_build_failed=False, packages_skip_build_finished=False, packages_select_test_failures=False, packages_skip_test_passed=False, packages_select=None, packages_skip=None, packages_select_regex=None, packages_skip_regex=None, packages_start=None, packages_end=None, allow_overriding=[], cmake_args=None, cmake_target=None, cmake_target_skip_unavailable=False, cmake_clean_cache=False, cmake_clean_first=False, cmake_force_configure=False, ament_cmake_args=None, catkin_cmake_args=None, catkin_skip_building_tests=False, mixin_files=None, mixin=None, verb_parser=<colcon_mixin.mixin.mixin_argument.MixinArgumentDecorator object at 0x7d5982898e60>, verb_extension=<colcon_core.verb.build.BuildVerb object at 0x7d598329f9e0>, main=<bound method BuildVerb.main of <colcon_core.verb.build.BuildVerb object at 0x7d598329f9e0>>, mixin_verb=('build',))
[0.200s] Level 1:colcon.colcon_core.package_discovery:discover_packages(colcon_meta) check parameters
[0.200s] Level 1:colcon.colcon_core.package_discovery:discover_packages(recursive) check parameters
[0.200s] Level 1:colcon.colcon_core.package_discovery:discover_packages(ignore) check parameters
[0.200s] Level 1:colcon.colcon_core.package_discovery:discover_packages(path) check parameters
[0.200s] Level 1:colcon.colcon_core.package_discovery:discover_packages(colcon_meta) discover
[0.200s] Level 1:colcon.colcon_core.package_discovery:discover_packages(recursive) discover
[0.200s] INFO:colcon.colcon_core.package_discovery:Crawling recursively for packages in '/home/newir529/robotics-software-community/1-temperature-monitor/temp_ws'
[0.200s] Level 1:colcon.colcon_core.package_identification:_identify(.) by extensions ['ignore', 'ignore_ament_install']
[0.200s] Level 1:colcon.colcon_core.package_identification:_identify(.) by extension 'ignore'
[0.200s] Level 1:colcon.colcon_core.package_identification:_identify(.) by extension 'ignore_ament_install'
[0.200s] Level 1:colcon.colcon_core.package_identification:_identify(.) by extensions ['colcon_pkg']
[0.200s] Level 1:colcon.colcon_core.package_identification:_identify(.) by extension 'colcon_pkg'
[0.200s] Level 1:colcon.colcon_core.package_identification:_identify(.) by extensions ['colcon_meta']
[0.200s] Level 1:colcon.colcon_core.package_identification:_identify(.) by extension 'colcon_meta'
[0.201s] Level 1:colcon.colcon_core.package_identification:_identify(.) by extensions ['ros']
[0.201s] Level 1:colcon.colcon_core.package_identification:_identify(.) by extension 'ros'
[0.224s] Level 1:colcon.colcon_core.package_identification:_identify(.) by extensions ['cmake', 'python']
[0.224s] Level 1:colcon.colcon_core.package_identification:_identify(.) by extension 'cmake'
[0.224s] Level 1:colcon.colcon_core.package_identification:_identify(.) by extension 'python'
[0.224s] Level 1:colcon.colcon_core.package_identification:_identify(.) by extensions ['python_setup_py']
[0.224s] Level 1:colcon.colcon_core.package_identification:_identify(.) by extension 'python_setup_py'
[0.224s] Level 1:colcon.colcon_core.package_identification:_identify(build) by extensions ['ignore', 'ignore_ament_install']
[0.224s] Level 1:colcon.colcon_core.package_identification:_identify(build) by extension 'ignore'
[0.224s] Level 1:colcon.colcon_core.package_identification:_identify(build) ignored
[0.225s] Level 1:colcon.colcon_core.package_identification:_identify(install) by extensions ['ignore', 'ignore_ament_install']
[0.225s] Level 1:colcon.colcon_core.package_identification:_identify(install) by extension 'ignore'
[0.225s] Level 1:colcon.colcon_core.package_identification:_identify(install) ignored
[0.225s] Level 1:colcon.colcon_core.package_identification:_identify(log) by extensions ['ignore', 'ignore_ament_install']
[0.225s] Level 1:colcon.colcon_core.package_identification:_identify(log) by extension 'ignore'
[0.225s] Level 1:colcon.colcon_core.package_identification:_identify(log) ignored
[0.225s] Level 1:colcon.colcon_core.package_identification:_identify(src) by extensions ['ignore', 'ignore_ament_install']
[0.225s] Level 1:colcon.colcon_core.package_identification:_identify(src) by extension 'ignore'
[0.225s] Level 1:colcon.colcon_core.package_identification:_identify(src) by extension 'ignore_ament_install'
[0.225s] Level 1:colcon.colcon_core.package_identification:_identify(src) by extensions ['colcon_pkg']
[0.225s] Level 1:colcon.colcon_core.package_identification:_identify(src) by extension 'colcon_pkg'
[0.225s] Level 1:colcon.colcon_core.package_identification:_identify(src) by extensions ['colcon_meta']
[0.225s] Level 1:colcon.colcon_core.package_identification:_identify(src) by extension 'colcon_meta'
[0.225s] Level 1:colcon.colcon_core.package_identification:_identify(src) by extensions ['ros']
[0.225s] Level 1:colcon.colcon_core.package_identification:_identify(src) by extension 'ros'
[0.226s] Level 1:colcon.colcon_core.package_identification:_identify(src) by extensions ['cmake', 'python']
[0.226s] Level 1:colcon.colcon_core.package_identification:_identify(src) by extension 'cmake'
[0.226s] Level 1:colcon.colcon_core.package_identification:_identify(src) by extension 'python'
[0.226s] Level 1:colcon.colcon_core.package_identification:_identify(src) by extensions ['python_setup_py']
[0.226s] Level 1:colcon.colcon_core.package_identification:_identify(src) by extension 'python_setup_py'
[0.226s] Level 1:colcon.colcon_core.package_identification:_identify(src/temp_bringups) by extensions ['ignore', 'ignore_ament_install']
[0.226s] Level 1:colcon.colcon_core.package_identification:_identify(src/temp_bringups) by extension 'ignore'
[0.226s] Level 1:colcon.colcon_core.package_identification:_identify(src/temp_bringups) by extension 'ignore_ament_install'
[0.226s] Level 1:colcon.colcon_core.package_identification:_identify(src/temp_bringups) by extensions ['colcon_pkg']
[0.226s] Level 1:colcon.colcon_core.package_identification:_identify(src/temp_bringups) by extension 'colcon_pkg'
[0.226s] Level 1:colcon.colcon_core.package_identification:_identify(src/temp_bringups) by extensions ['colcon_meta']
[0.226s] Level 1:colcon.colcon_core.package_identification:_identify(src/temp_bringups) by extension 'colcon_meta'
[0.226s] Level 1:colcon.colcon_core.package_identification:_identify(src/temp_bringups) by extensions ['ros']
[0.226s] Level 1:colcon.colcon_core.package_identification:_identify(src/temp_bringups) by extension 'ros'
[0.229s] DEBUG:colcon.colcon_core.package_identification:Package 'src/temp_bringups' with type 'ros.ament_cmake' and name 'temp_bringups'
[0.229s] Level 1:colcon.colcon_core.package_identification:_identify(src/temp_client) by extensions ['ignore', 'ignore_ament_install']
[0.229s] Level 1:colcon.colcon_core.package_identification:_identify(src/temp_client) by extension 'ignore'
[0.229s] Level 1:colcon.colcon_core.package_identification:_identify(src/temp_client) by extension 'ignore_ament_install'
[0.229s] Level 1:colcon.colcon_core.package_identification:_identify(src/temp_client) by extensions ['colcon_pkg']
[0.229s] Level 1:colcon.colcon_core.package_identification:_identify(src/temp_client) by extension 'colcon_pkg'
[0.229s] Level 1:colcon.colcon_core.package_identification:_identify(src/temp_client) by extensions ['colcon_meta']
[0.229s] Level 1:colcon.colcon_core.package_identification:_identify(src/temp_client) by extension 'colcon_meta'
[0.229s] Level 1:colcon.colcon_core.package_identification:_identify(src/temp_client) by extensions ['ros']
[0.230s] Level 1:colcon.colcon_core.package_identification:_identify(src/temp_client) by extension 'ros'
[0.230s] DEBUG:colcon.colcon_core.package_identification:Package 'src/temp_client' with type 'ros.ament_python' and name 'temp_client'
[0.230s] Level 1:colcon.colcon_core.package_identification:_identify(src/temp_interface) by extensions ['ignore', 'ignore_ament_install']
[0.230s] Level 1:colcon.colcon_core.package_identification:_identify(src/temp_interface) by extension 'ignore'
[0.230s] Level 1:colcon.colcon_core.package_identification:_identify(src/temp_interface) by extension 'ignore_ament_install'
[0.230s] Level 1:colcon.colcon_core.package_identification:_identify(src/temp_interface) by extensions ['colcon_pkg']
[0.231s] Level 1:colcon.colcon_core.package_identification:_identify(src/temp_interface) by extension 'colcon_pkg'
[0.231s] Level 1:colcon.colcon_core.package_identification:_identify(src/temp_interface) by extensions ['colcon_meta']
[0.231s] Level 1:colcon.colcon_core.package_identification:_identify(src/temp_interface) by extension 'colcon_meta'
[0.231s] Level 1:colcon.colcon_core.package_identification:_identify(src/temp_interface) by extensions ['ros']
[0.231s] Level 1:colcon.colcon_core.package_identification:_identify(src/temp_interface) by extension 'ros'
[0.231s] DEBUG:colcon.colcon_core.package_identification:Package 'src/temp_interface' with type 'ros.ament_cmake' and name 'temp_interface'
[0.231s] Level 1:colcon.colcon_core.package_discovery:discover_packages(recursive) using defaults
[0.231s] Level 1:colcon.colcon_core.package_discovery:discover_packages(ignore) discover
[0.231s] Level 1:colcon.colcon_core.package_discovery:discover_packages(ignore) using defaults
[0.231s] Level 1:colcon.colcon_core.package_discovery:discover_packages(path) discover
[0.231s] Level 1:colcon.colcon_core.package_discovery:discover_packages(path) using defaults
[0.251s] Level 1:colcon.colcon_core.package_discovery:discover_packages(prefix_path) check parameters
[0.251s] Level 1:colcon.colcon_core.package_discovery:discover_packages(prefix_path) discover
[0.254s] DEBUG:colcon.colcon_installed_package_information.package_discovery:Found 2 installed packages in /home/newir529/robotics-software-community/1-temperature-monitor/temp_ws/install
[0.256s] DEBUG:colcon.colcon_installed_package_information.package_discovery:Found 292 installed packages in /opt/ros/jazzy
[0.257s] Level 1:colcon.colcon_core.package_discovery:discover_packages(prefix_path) using defaults
[0.330s] Level 5:colcon.colcon_core.verb:set package 'temp_bringups' build argument 'cmake_args' from command line to 'None'
[0.330s] Level 5:colcon.colcon_core.verb:set package 'temp_bringups' build argument 'cmake_target' from command line to 'None'
[0.330s] Level 5:colcon.colcon_core.verb:set package 'temp_bringups' build argument 'cmake_target_skip_unavailable' from command line to 'False'
[0.330s] Level 5:colcon.colcon_core.verb:set package 'temp_bringups' build argument 'cmake_clean_cache' from command line to 'False'
[0.330s] Level 5:colcon.colcon_core.verb:set package 'temp_bringups' build argument 'cmake_clean_first' from command line to 'False'
[0.330s] Level 5:colcon.colcon_core.verb:set package 'temp_bringups' build argument 'cmake_force_configure' from command line to 'False'
[0.330s] Level 5:colcon.colcon_core.verb:set package 'temp_bringups' build argument 'ament_cmake_args' from command line to 'None'
[0.330s] Level 5:colcon.colcon_core.verb:set package 'temp_bringups' build argument 'catkin_cmake_args' from command line to 'None'
[0.330s] Level 5:colcon.colcon_core.verb:set package 'temp_bringups' build argument 'catkin_skip_building_tests' from command line to 'False'
[0.330s] DEBUG:colcon.colcon_core.verb:Building package 'temp_bringups' with the following arguments: {'ament_cmake_args': None, 'build_base': '/home/newir529/robotics-software-community/1-temperature-monitor/temp_ws/build/temp_bringups', 'catkin_cmake_args': None, 'catkin_skip_building_tests': False, 'cmake_args': None, 'cmake_clean_cache': False, 'cmake_clean_first': False, 'cmake_force_configure': False, 'cmake_target': None, 'cmake_target_skip_unavailable': False, 'install_base': '/home/newir529/robotics-software-community/1-temperature-monitor/temp_ws/install/temp_bringups', 'merge_install': False, 'path': '/home/newir529/robotics-software-community/1-temperature-monitor/temp_ws/src/temp_bringups', 'symlink_install': False, 'test_result_base': None}
[0.330s] Level 5:colcon.colcon_core.verb:set package 'temp_interface' build argument 'cmake_args' from command line to 'None'
[0.330s] Level 5:colcon.colcon_core.verb:set package 'temp_interface' build argument 'cmake_target' from command line to 'None'
[0.330s] Level 5:colcon.colcon_core.verb:set package 'temp_interface' build argument 'cmake_target_skip_unavailable' from command line to 'False'
[0.330s] Level 5:colcon.colcon_core.verb:set package 'temp_interface' build argument 'cmake_clean_cache' from command line to 'False'
[0.330s] Level 5:colcon.colcon_core.verb:set package 'temp_interface' build argument 'cmake_clean_first' from command line to 'False'
[0.330s] Level 5:colcon.colcon_core.verb:set package 'temp_interface' build argument 'cmake_force_configure' from command line to 'False'
[0.330s] Level 5:colcon.colcon_core.verb:set package 'temp_interface' build argument 'ament_cmake_args' from command line to 'None'
[0.330s] Level 5:colcon.colcon_core.verb:set package 'temp_interface' build argument 'catkin_cmake_args' from command line to 'None'
[0.330s] Level 5:colcon.colcon_core.verb:set package 'temp_interface' build argument 'catkin_skip_building_tests' from command line to 'False'
[0.331s] DEBUG:colcon.colcon_core.verb:Building package 'temp_interface' with the following arguments: {'ament_cmake_args': None, 'build_base': '/home/newir529/robotics-software-community/1-temperature-monitor/temp_ws/build/temp_interface', 'catkin_cmake_args': None, 'catkin_skip_building_tests': False, 'cmake_args': None, 'cmake_clean_cache': False, 'cmake_clean_first': False, 'cmake_force_configure': False, 'cmake_target': None, 'cmake_target_skip_unavailable': False, 'install_base': '/home/newir529/robotics-software-community/1-temperature-monitor/temp_ws/install/temp_interface', 'merge_install': False, 'path': '/home/newir529/robotics-software-community/1-temperature-monitor/temp_ws/src/temp_interface', 'symlink_install': False, 'test_result_base': None}
[0.331s] Level 5:colcon.colcon_core.verb:set package 'temp_client' build argument 'cmake_args' from command line to 'None'
[0.331s] Level 5:colcon.colcon_core.verb:set package 'temp_client' build argument 'cmake_target' from command line to 'None'
[0.331s] Level 5:colcon.colcon_core.verb:set package 'temp_client' build argument 'cmake_target_skip_unavailable' from command line to 'False'
[0.331s] Level 5:colcon.colcon_core.verb:set package 'temp_client' build argument 'cmake_clean_cache' from command line to 'False'
[0.331s] Level 5:colcon.colcon_core.verb:set package 'temp_client' build argument 'cmake_clean_first' from command line to 'False'
[0.331s] Level 5:colcon.colcon_core.verb:set package 'temp_client' build argument 'cmake_force_configure' from command line to 'False'
[0.331s] Level 5:colcon.colcon_core.verb:set package 'temp_client' build argument 'ament_cmake_args' from command line to 'None'
[0.331s] Level 5:colcon.colcon_core.verb:set package 'temp_client' build argument 'catkin_cmake_args' from command line to 'None'
[0.331s] Level 5:colcon.colcon_core.verb:set package 'temp_client' build argument 'catkin_skip_building_tests' from command line to 'False'
[0.331s] DEBUG:colcon.colcon_core.verb:Building package 'temp_client' with the following arguments: {'ament_cmake_args': None, 'build_base': '/home/newir529/robotics-software-community/1-temperature-monitor/temp_ws/build/temp_client', 'catkin_cmake_args': None, 'catkin_skip_building_tests': False, 'cmake_args': None, 'cmake_clean_cache': False, 'cmake_clean_first': False, 'cmake_force_configure': False, 'cmake_target': None, 'cmake_target_skip_unavailable': False, 'install_base': '/home/newir529/robotics-software-community/1-temperature-monitor/temp_ws/install/temp_client', 'merge_install': False, 'path': '/home/newir529/robotics-software-community/1-temperature-monitor/temp_ws/src/temp_client', 'symlink_install': False, 'test_result_base': None}
[0.331s] INFO:colcon.colcon_core.executor:Executing jobs using 'parallel' executor
[0.332s] DEBUG:colcon.colcon_parallel_executor.executor.parallel:run_until_complete
[0.332s] INFO:colcon.colcon_ros.task.ament_cmake.build:Building ROS package in '/home/newir529/robotics-software-community/1-temperature-monitor/temp_ws/src/temp_interface' with build type 'ament_cmake'
[0.332s] INFO:colcon.colcon_cmake.task.cmake.build:Building CMake package in '/home/newir529/robotics-software-community/1-temperature-monitor/temp_ws/src/temp_interface'
[0.336s] INFO:colcon.colcon_core.plugin_system:Skipping extension 'colcon_core.shell.bat': Not used on non-Windows systems
[0.336s] INFO:colcon.colcon_core.shell:Skip shell extension 'powershell' for command environment: Not usable outside of PowerShell
[0.336s] DEBUG:colcon.colcon_core.shell:Skip shell extension 'dsv' for command environment
[0.339s] INFO:colcon.colcon_ros.task.ament_cmake.build:Building ROS package in '/home/newir529/robotics-software-community/1-temperature-monitor/temp_ws/src/temp_bringups' with build type 'ament_cmake'
[0.340s] INFO:colcon.colcon_cmake.task.cmake.build:Building CMake package in '/home/newir529/robotics-software-community/1-temperature-monitor/temp_ws/src/temp_bringups'
[0.340s] INFO:colcon.colcon_core.shell:Skip shell extension 'powershell' for command environment: Not usable outside of PowerShell
[0.340s] DEBUG:colcon.colcon_core.shell:Skip shell extension 'dsv' for command environment
[0.346s] DEBUG:colcon.colcon_core.event_handler.log_command:Invoking command in '/home/newir529/robotics-software-community/1-temperature-monitor/temp_ws/build/temp_interface': CMAKE_PREFIX_PATH=${CMAKE_PREFIX_PATH}:/home/newir529/robotics-software-community/1-temperature-monitor/temp_ws/install/temp_client:/opt/ros/jazzy DEBUGINFOD_URLS=https://debuginfod.ubuntu.com /usr/bin/cmake --build /home/newir529/robotics-software-community/1-temperature-monitor/temp_ws/build/temp_interface -- -j8 -l8
[0.349s] DEBUG:colcon.colcon_core.event_handler.log_command:Invoking command in '/home/newir529/robotics-software-community/1-temperature-monitor/temp_ws/build/temp_bringups': CMAKE_PREFIX_PATH=${CMAKE_PREFIX_PATH}:/home/newir529/robotics-software-community/1-temperature-monitor/temp_ws/install/temp_client:/opt/ros/jazzy DEBUGINFOD_URLS=https://debuginfod.ubuntu.com /usr/bin/cmake /home/newir529/robotics-software-community/1-temperature-monitor/temp_ws/src/temp_bringups -DCMAKE_INSTALL_PREFIX=/home/newir529/robotics-software-community/1-temperature-monitor/temp_ws/install/temp_bringups
[0.969s] DEBUG:colcon.colcon_core.event_handler.log_command:Invoked command in '/home/newir529/robotics-software-community/1-temperature-monitor/temp_ws/build/temp_interface' returned '0': CMAKE_PREFIX_PATH=${CMAKE_PREFIX_PATH}:/home/newir529/robotics-software-community/1-temperature-monitor/temp_ws/install/temp_client:/opt/ros/jazzy DEBUGINFOD_URLS=https://debuginfod.ubuntu.com /usr/bin/cmake --build /home/newir529/robotics-software-community/1-temperature-monitor/temp_ws/build/temp_interface -- -j8 -l8
[0.981s] DEBUG:colcon.colcon_core.event_handler.log_command:Invoking command in '/home/newir529/robotics-software-community/1-temperature-monitor/temp_ws/build/temp_interface': CMAKE_PREFIX_PATH=${CMAKE_PREFIX_PATH}:/home/newir529/robotics-software-community/1-temperature-monitor/temp_ws/install/temp_client:/opt/ros/jazzy DEBUGINFOD_URLS=https://debuginfod.ubuntu.com /usr/bin/cmake --install /home/newir529/robotics-software-community/1-temperature-monitor/temp_ws/build/temp_interface
[1.046s] Level 1:colcon.colcon_core.environment:create_environment_scripts_only(temp_interface)
[1.046s] DEBUG:colcon.colcon_core.event_handler.log_command:Invoked command in '/home/newir529/robotics-software-community/1-temperature-monitor/temp_ws/build/temp_interface' returned '0': CMAKE_PREFIX_PATH=${CMAKE_PREFIX_PATH}:/home/newir529/robotics-software-community/1-temperature-monitor/temp_ws/install/temp_client:/opt/ros/jazzy DEBUGINFOD_URLS=https://debuginfod.ubuntu.com /usr/bin/cmake --install /home/newir529/robotics-software-community/1-temperature-monitor/temp_ws/build/temp_interface
[1.050s] Level 1:colcon.colcon_core.environment:checking '/home/newir529/robotics-software-community/1-temperature-monitor/temp_ws/install/temp_interface' for CMake module files
[1.051s] Level 1:colcon.colcon_core.environment:checking '/home/newir529/robotics-software-community/1-temperature-monitor/temp_ws/install/temp_interface' for CMake config files
[1.052s] Level 1:colcon.colcon_core.shell:create_environment_hook('temp_interface', 'cmake_prefix_path')
[1.052s] INFO:colcon.colcon_core.shell:Creating environment hook '/home/newir529/robotics-software-community/1-temperature-monitor/temp_ws/install/temp_interface/share/temp_interface/hook/cmake_prefix_path.ps1'
[1.053s] INFO:colcon.colcon_core.shell:Creating environment descriptor '/home/newir529/robotics-software-community/1-temperature-monitor/temp_ws/install/temp_interface/share/temp_interface/hook/cmake_prefix_path.dsv'
[1.054s] INFO:colcon.colcon_core.shell:Creating environment hook '/home/newir529/robotics-software-community/1-temperature-monitor/temp_ws/install/temp_interface/share/temp_interface/hook/cmake_prefix_path.sh'
[1.054s] Level 1:colcon.colcon_core.environment:checking '/home/newir529/robotics-software-community/1-temperature-monitor/temp_ws/install/temp_interface/lib'
[1.055s] Level 1:colcon.colcon_core.shell:create_environment_hook('temp_interface', 'ld_library_path_lib')
[1.055s] INFO:colcon.colcon_core.shell:Creating environment hook '/home/newir529/robotics-software-community/1-temperature-monitor/temp_ws/install/temp_interface/share/temp_interface/hook/ld_library_path_lib.ps1'
[1.055s] INFO:colcon.colcon_core.shell:Creating environment descriptor '/home/newir529/robotics-software-community/1-temperature-monitor/temp_ws/install/temp_interface/share/temp_interface/hook/ld_library_path_lib.dsv'
[1.055s] INFO:colcon.colcon_core.shell:Creating environment hook '/home/newir529/robotics-software-community/1-temperature-monitor/temp_ws/install/temp_interface/share/temp_interface/hook/ld_library_path_lib.sh'
[1.056s] Level 1:colcon.colcon_core.environment:checking '/home/newir529/robotics-software-community/1-temperature-monitor/temp_ws/install/temp_interface/bin'
[1.056s] Level 1:colcon.colcon_core.environment:checking '/home/newir529/robotics-software-community/1-temperature-monitor/temp_ws/install/temp_interface/lib/pkgconfig/temp_interface.pc'
[1.056s] Level 1:colcon.colcon_core.environment:checking '/home/newir529/robotics-software-community/1-temperature-monitor/temp_ws/install/temp_interface/lib/python3.12/site-packages'
[1.056s] Level 1:colcon.colcon_core.shell:create_environment_hook('temp_interface', 'pythonpath')
[1.056s] INFO:colcon.colcon_core.shell:Creating environment hook '/home/newir529/robotics-software-community/1-temperature-monitor/temp_ws/install/temp_interface/share/temp_interface/hook/pythonpath.ps1'
[1.057s] INFO:colcon.colcon_core.shell:Creating environment descriptor '/home/newir529/robotics-software-community/1-temperature-monitor/temp_ws/install/temp_interface/share/temp_interface/hook/pythonpath.dsv'
[1.057s] INFO:colcon.colcon_core.shell:Creating environment hook '/home/newir529/robotics-software-community/1-temperature-monitor/temp_ws/install/temp_interface/share/temp_interface/hook/pythonpath.sh'
[1.058s] Level 1:colcon.colcon_core.environment:checking '/home/newir529/robotics-software-community/1-temperature-monitor/temp_ws/install/temp_interface/bin'
[1.058s] INFO:colcon.colcon_core.shell:Creating package script '/home/newir529/robotics-software-community/1-temperature-monitor/temp_ws/install/temp_interface/share/temp_interface/package.ps1'
[1.059s] INFO:colcon.colcon_core.shell:Creating package descriptor '/home/newir529/robotics-software-community/1-temperature-monitor/temp_ws/install/temp_interface/share/temp_interface/package.dsv'
[1.059s] INFO:colcon.colcon_core.shell:Creating package script '/home/newir529/robotics-software-community/1-temperature-monitor/temp_ws/install/temp_interface/share/temp_interface/package.sh'
[1.060s] INFO:colcon.colcon_core.shell:Creating package script '/home/newir529/robotics-software-community/1-temperature-monitor/temp_ws/install/temp_interface/share/temp_interface/package.bash'
[1.061s] INFO:colcon.colcon_core.shell:Creating package script '/home/newir529/robotics-software-community/1-temperature-monitor/temp_ws/install/temp_interface/share/temp_interface/package.zsh'
[1.062s] Level 1:colcon.colcon_core.environment:create_file_with_runtime_dependencies(/home/newir529/robotics-software-community/1-temperature-monitor/temp_ws/install/temp_interface/share/colcon-core/packages/temp_interface)
[1.062s] Level 1:colcon.colcon_core.environment:create_environment_scripts_only(temp_interface)
[1.063s] Level 1:colcon.colcon_core.environment:checking '/home/newir529/robotics-software-community/1-temperature-monitor/temp_ws/install/temp_interface' for CMake module files
[1.063s] Level 1:colcon.colcon_core.environment:checking '/home/newir529/robotics-software-community/1-temperature-monitor/temp_ws/install/temp_interface' for CMake config files
[1.064s] Level 1:colcon.colcon_core.shell:create_environment_hook('temp_interface', 'cmake_prefix_path')
[1.064s] INFO:colcon.colcon_core.shell:Creating environment hook '/home/newir529/robotics-software-community/1-temperature-monitor/temp_ws/install/temp_interface/share/temp_interface/hook/cmake_prefix_path.ps1'
[1.064s] INFO:colcon.colcon_core.shell:Creating environment descriptor '/home/newir529/robotics-software-community/1-temperature-monitor/temp_ws/install/temp_interface/share/temp_interface/hook/cmake_prefix_path.dsv'
[1.065s] INFO:colcon.colcon_core.shell:Creating environment hook '/home/newir529/robotics-software-community/1-temperature-monitor/temp_ws/install/temp_interface/share/temp_interface/hook/cmake_prefix_path.sh'
[1.065s] Level 1:colcon.colcon_core.environment:checking '/home/newir529/robotics-software-community/1-temperature-monitor/temp_ws/install/temp_interface/lib'
[1.065s] Level 1:colcon.colcon_core.shell:create_environment_hook('temp_interface', 'ld_library_path_lib')
[1.066s] INFO:colcon.colcon_core.shell:Creating environment hook '/home/newir529/robotics-software-community/1-temperature-monitor/temp_ws/install/temp_interface/share/temp_interface/hook/ld_library_path_lib.ps1'
[1.066s] INFO:colcon.colcon_core.shell:Creating environment descriptor '/home/newir529/robotics-software-community/1-temperature-monitor/temp_ws/install/temp_interface/share/temp_interface/hook/ld_library_path_lib.dsv'
[1.066s] INFO:colcon.colcon_core.shell:Creating environment hook '/home/newir529/robotics-software-community/1-temperature-monitor/temp_ws/install/temp_interface/share/temp_interface/hook/ld_library_path_lib.sh'
[1.067s] Level 1:colcon.colcon_core.environment:checking '/home/newir529/robotics-software-community/1-temperature-monitor/temp_ws/install/temp_interface/bin'
[1.067s] Level 1:colcon.colcon_core.environment:checking '/home/newir529/robotics-software-community/1-temperature-monitor/temp_ws/install/temp_interface/lib/pkgconfig/temp_interface.pc'
[1.067s] Level 1:colcon.colcon_core.environment:checking '/home/newir529/robotics-software-community/1-temperature-monitor/temp_ws/install/temp_interface/lib/python3.12/site-packages'
[1.067s] Level 1:colcon.colcon_core.shell:create_environment_hook('temp_interface', 'pythonpath')
[1.067s] INFO:colcon.colcon_core.shell:Creating environment hook '/home/newir529/robotics-software-community/1-temperature-monitor/temp_ws/install/temp_interface/share/temp_interface/hook/pythonpath.ps1'
[1.068s] INFO:colcon.colcon_core.shell:Creating environment descriptor '/home/newir529/robotics-software-community/1-temperature-monitor/temp_ws/install/temp_interface/share/temp_interface/hook/pythonpath.dsv'
[1.068s] INFO:colcon.colcon_core.shell:Creating environment hook '/home/newir529/robotics-software-community/1-temperature-monitor/temp_ws/install/temp_interface/share/temp_interface/hook/pythonpath.sh'
[1.068s] Level 1:colcon.colcon_core.environment:checking '/home/newir529/robotics-software-community/1-temperature-monitor/temp_ws/install/temp_interface/bin'
[1.069s] INFO:colcon.colcon_core.shell:Creating package script '/home/newir529/robotics-software-community/1-temperature-monitor/temp_ws/install/temp_interface/share/temp_interface/package.ps1'
[1.069s] INFO:colcon.colcon_core.shell:Creating package descriptor '/home/newir529/robotics-software-community/1-temperature-monitor/temp_ws/install/temp_interface/share/temp_interface/package.dsv'
[1.070s] INFO:colcon.colcon_core.shell:Creating package script '/home/newir529/robotics-software-community/1-temperature-monitor/temp_ws/install/temp_interface/share/temp_interface/package.sh'
[1.070s] INFO:colcon.colcon_core.shell:Creating package script '/home/newir529/robotics-software-community/1-temperature-monitor/temp_ws/install/temp_interface/share/temp_interface/package.bash'
[1.070s] INFO:colcon.colcon_core.shell:Creating package script '/home/newir529/robotics-software-community/1-temperature-monitor/temp_ws/install/temp_interface/share/temp_interface/package.zsh'
[1.071s] Level 1:colcon.colcon_core.environment:create_file_with_runtime_dependencies(/home/newir529/robotics-software-community/1-temperature-monitor/temp_ws/install/temp_interface/share/colcon-core/packages/temp_interface)
[1.071s] INFO:colcon.colcon_ros.task.ament_python.build:Building ROS package in '/home/newir529/robotics-software-community/1-temperature-monitor/temp_ws/src/temp_client' with build type 'ament_python'
[1.071s] Level 1:colcon.colcon_core.shell:create_environment_hook('temp_client', 'ament_prefix_path')
[1.072s] INFO:colcon.colcon_core.shell:Creating environment hook '/home/newir529/robotics-software-community/1-temperature-monitor/temp_ws/install/temp_client/share/temp_client/hook/ament_prefix_path.ps1'
[1.072s] INFO:colcon.colcon_core.shell:Creating environment descriptor '/home/newir529/robotics-software-community/1-temperature-monitor/temp_ws/install/temp_client/share/temp_client/hook/ament_prefix_path.dsv'
[1.073s] INFO:colcon.colcon_core.shell:Creating environment hook '/home/newir529/robotics-software-community/1-temperature-monitor/temp_ws/install/temp_client/share/temp_client/hook/ament_prefix_path.sh'
[1.073s] INFO:colcon.colcon_core.shell:Skip shell extension 'powershell' for command environment: Not usable outside of PowerShell
[1.073s] DEBUG:colcon.colcon_core.shell:Skip shell extension 'dsv' for command environment
[1.302s] INFO:colcon.colcon_core.task.python.build:Building Python package in '/home/newir529/robotics-software-community/1-temperature-monitor/temp_ws/src/temp_client'
[1.303s] INFO:colcon.colcon_core.shell:Skip shell extension 'powershell' for command environment: Not usable outside of PowerShell
[1.303s] DEBUG:colcon.colcon_core.shell:Skip shell extension 'dsv' for command environment
[1.307s] DEBUG:colcon.colcon_core.event_handler.log_command:Invoked command in '/home/newir529/robotics-software-community/1-temperature-monitor/temp_ws/build/temp_bringups' returned '0': CMAKE_PREFIX_PATH=${CMAKE_PREFIX_PATH}:/home/newir529/robotics-software-community/1-temperature-monitor/temp_ws/install/temp_client:/opt/ros/jazzy DEBUGINFOD_URLS=https://debuginfod.ubuntu.com /usr/bin/cmake /home/newir529/robotics-software-community/1-temperature-monitor/temp_ws/src/temp_bringups -DCMAKE_INSTALL_PREFIX=/home/newir529/robotics-software-community/1-temperature-monitor/temp_ws/install/temp_bringups
[1.308s] DEBUG:colcon.colcon_core.event_handler.log_command:Invoking command in '/home/newir529/robotics-software-community/1-temperature-monitor/temp_ws/build/temp_bringups': CMAKE_PREFIX_PATH=${CMAKE_PREFIX_PATH}:/home/newir529/robotics-software-community/1-temperature-monitor/temp_ws/install/temp_client:/opt/ros/jazzy DEBUGINFOD_URLS=https://debuginfod.ubuntu.com /usr/bin/cmake --build /home/newir529/robotics-software-community/1-temperature-monitor/temp_ws/build/temp_bringups -- -j8 -l8
[1.346s] DEBUG:colcon.colcon_core.event_handler.log_command:Invoked command in '/home/newir529/robotics-software-community/1-temperature-monitor/temp_ws/build/temp_bringups' returned '0': CMAKE_PREFIX_PATH=${CMAKE_PREFIX_PATH}:/home/newir529/robotics-software-community/1-temperature-monitor/temp_ws/install/temp_client:/opt/ros/jazzy DEBUGINFOD_URLS=https://debuginfod.ubuntu.com /usr/bin/cmake --build /home/newir529/robotics-software-community/1-temperature-monitor/temp_ws/build/temp_bringups -- -j8 -l8
[1.347s] DEBUG:colcon.colcon_core.event_handler.log_command:Invoking command in '/home/newir529/robotics-software-community/1-temperature-monitor/temp_ws/build/temp_bringups': CMAKE_PREFIX_PATH=${CMAKE_PREFIX_PATH}:/home/newir529/robotics-software-community/1-temperature-monitor/temp_ws/install/temp_client:/opt/ros/jazzy DEBUGINFOD_URLS=https://debuginfod.ubuntu.com /usr/bin/cmake --install /home/newir529/robotics-software-community/1-temperature-monitor/temp_ws/build/temp_bringups
[1.358s] Level 1:colcon.colcon_core.environment:create_environment_scripts_only(temp_bringups)
[1.358s] Level 1:colcon.colcon_core.environment:checking '/home/newir529/robotics-software-community/1-temperature-monitor/temp_ws/install/temp_bringups' for CMake module files
[1.359s] DEBUG:colcon.colcon_core.event_handler.log_command:Invoked command in '/home/newir529/robotics-software-community/1-temperature-monitor/temp_ws/build/temp_bringups' returned '0': CMAKE_PREFIX_PATH=${CMAKE_PREFIX_PATH}:/home/newir529/robotics-software-community/1-temperature-monitor/temp_ws/install/temp_client:/opt/ros/jazzy DEBUGINFOD_URLS=https://debuginfod.ubuntu.com /usr/bin/cmake --install /home/newir529/robotics-software-community/1-temperature-monitor/temp_ws/build/temp_bringups
[1.359s] Level 1:colcon.colcon_core.environment:checking '/home/newir529/robotics-software-community/1-temperature-monitor/temp_ws/install/temp_bringups' for CMake config files
[1.359s] Level 1:colcon.colcon_core.shell:create_environment_hook('temp_bringups', 'cmake_prefix_path')
[1.359s] INFO:colcon.colcon_core.shell:Creating environment hook '/home/newir529/robotics-software-community/1-temperature-monitor/temp_ws/install/temp_bringups/share/temp_bringups/hook/cmake_prefix_path.ps1'
[1.360s] INFO:colcon.colcon_core.shell:Creating environment descriptor '/home/newir529/robotics-software-community/1-temperature-monitor/temp_ws/install/temp_bringups/share/temp_bringups/hook/cmake_prefix_path.dsv'
[1.360s] INFO:colcon.colcon_core.shell:Creating environment hook '/home/newir529/robotics-software-community/1-temperature-monitor/temp_ws/install/temp_bringups/share/temp_bringups/hook/cmake_prefix_path.sh'
[1.360s] Level 1:colcon.colcon_core.environment:checking '/home/newir529/robotics-software-community/1-temperature-monitor/temp_ws/install/temp_bringups/bin'
[1.361s] Level 1:colcon.colcon_core.environment:checking '/home/newir529/robotics-software-community/1-temperature-monitor/temp_ws/install/temp_bringups/lib/pkgconfig/temp_bringups.pc'
[1.361s] Level 1:colcon.colcon_core.environment:checking '/home/newir529/robotics-software-community/1-temperature-monitor/temp_ws/install/temp_bringups/lib/python3.12/site-packages'
[1.361s] Level 1:colcon.colcon_core.environment:checking '/home/newir529/robotics-software-community/1-temperature-monitor/temp_ws/install/temp_bringups/bin'
[1.361s] INFO:colcon.colcon_core.shell:Creating package script '/home/newir529/robotics-software-community/1-temperature-monitor/temp_ws/install/temp_bringups/share/temp_bringups/package.ps1'
[1.361s] INFO:colcon.colcon_core.shell:Creating package descriptor '/home/newir529/robotics-software-community/1-temperature-monitor/temp_ws/install/temp_bringups/share/temp_bringups/package.dsv'
[1.362s] INFO:colcon.colcon_core.shell:Creating package script '/home/newir529/robotics-software-community/1-temperature-monitor/temp_ws/install/temp_bringups/share/temp_bringups/package.sh'
[1.362s] INFO:colcon.colcon_core.shell:Creating package script '/home/newir529/robotics-software-community/1-temperature-monitor/temp_ws/install/temp_bringups/share/temp_bringups/package.bash'
[1.362s] INFO:colcon.colcon_core.shell:Creating package script '/home/newir529/robotics-software-community/1-temperature-monitor/temp_ws/install/temp_bringups/share/temp_bringups/package.zsh'
[1.363s] Level 1:colcon.colcon_core.environment:create_file_with_runtime_dependencies(/home/newir529/robotics-software-community/1-temperature-monitor/temp_ws/install/temp_bringups/share/colcon-core/packages/temp_bringups)
[1.363s] Level 1:colcon.colcon_core.environment:create_environment_scripts_only(temp_bringups)
[1.363s] Level 1:colcon.colcon_core.environment:checking '/home/newir529/robotics-software-community/1-temperature-monitor/temp_ws/install/temp_bringups' for CMake module files
[1.364s] Level 1:colcon.colcon_core.environment:checking '/home/newir529/robotics-software-community/1-temperature-monitor/temp_ws/install/temp_bringups' for CMake config files
[1.364s] Level 1:colcon.colcon_core.shell:create_environment_hook('temp_bringups', 'cmake_prefix_path')
[1.364s] INFO:colcon.colcon_core.shell:Creating environment hook '/home/newir529/robotics-software-community/1-temperature-monitor/temp_ws/install/temp_bringups/share/temp_bringups/hook/cmake_prefix_path.ps1'
[1.364s] INFO:colcon.colcon_core.shell:Creating environment descriptor '/home/newir529/robotics-software-community/1-temperature-monitor/temp_ws/install/temp_bringups/share/temp_bringups/hook/cmake_prefix_path.dsv'
[1.364s] INFO:colcon.colcon_core.shell:Creating environment hook '/home/newir529/robotics-software-community/1-temperature-monitor/temp_ws/install/temp_bringups/share/temp_bringups/hook/cmake_prefix_path.sh'
[1.365s] Level 1:colcon.colcon_core.environment:checking '/home/newir529/robotics-software-community/1-temperature-monitor/temp_ws/install/temp_bringups/bin'
[1.365s] Level 1:colcon.colcon_core.environment:checking '/home/newir529/robotics-software-community/1-temperature-monitor/temp_ws/install/temp_bringups/lib/pkgconfig/temp_bringups.pc'
[1.365s] Level 1:colcon.colcon_core.environment:checking '/home/newir529/robotics-software-community/1-temperature-monitor/temp_ws/install/temp_bringups/lib/python3.12/site-packages'
[1.365s] Level 1:colcon.colcon_core.environment:checking '/home/newir529/robotics-software-community/1-temperature-monitor/temp_ws/install/temp_bringups/bin'
[1.366s] INFO:colcon.colcon_core.shell:Creating package script '/home/newir529/robotics-software-community/1-temperature-monitor/temp_ws/install/temp_bringups/share/temp_bringups/package.ps1'
[1.366s] INFO:colcon.colcon_core.shell:Creating package descriptor '/home/newir529/robotics-software-community/1-temperature-monitor/temp_ws/install/temp_bringups/share/temp_bringups/package.dsv'
[1.366s] INFO:colcon.colcon_core.shell:Creating package script '/home/newir529/robotics-software-community/1-temperature-monitor/temp_ws/install/temp_bringups/share/temp_bringups/package.sh'
[1.367s] INFO:colcon.colcon_core.shell:Creating package script '/home/newir529/robotics-software-community/1-temperature-monitor/temp_ws/install/temp_bringups/share/temp_bringups/package.bash'
[1.367s] INFO:colcon.colcon_core.shell:Creating package script '/home/newir529/robotics-software-community/1-temperature-monitor/temp_ws/install/temp_bringups/share/temp_bringups/package.zsh'
[1.368s] Level 1:colcon.colcon_core.environment:create_file_with_runtime_dependencies(/home/newir529/robotics-software-community/1-temperature-monitor/temp_ws/install/temp_bringups/share/colcon-core/packages/temp_bringups)
[2.042s] DEBUG:colcon.colcon_core.event_handler.log_command:Invoking command in '/home/newir529/robotics-software-community/1-temperature-monitor/temp_ws/build/temp_client': DEBUGINFOD_URLS=https://debuginfod.ubuntu.com PYTHONPATH=/home/newir529/robotics-software-community/1-temperature-monitor/temp_ws/build/temp_client/prefix_override:/usr/lib/python3/dist-packages/colcon_core/task/python/colcon_distutils_commands:/home/newir529/robotics-software-community/1-temperature-monitor/temp_ws/install/temp_client/lib/python3.12/site-packages:/home/newir529/robotics-software-community/1-temperature-monitor/temp_ws/install/temp_interface/lib/python3.12/site-packages:/home/newir529/robotics-software-community/1-temperature-monitor/temp_ws/build/temp_client:/home/newir529/robotics-software-community/1-temperature-monitor/temp_ws/install/temp_client/lib/python3.12/site-packages:/opt/ros/jazzy/lib/python3.12/site-packages /usr/bin/python3 -W ignore:setup.py install is deprecated -W ignore:easy_install command is deprecated setup.py develop --uninstall --editable --build-directory /home/newir529/robotics-software-community/1-temperature-monitor/temp_ws/build/temp_client/build
[2.679s] DEBUG:colcon.colcon_core.event_handler.log_command:Invoked command in '/home/newir529/robotics-software-community/1-temperature-monitor/temp_ws/build/temp_client' returned '0': DEBUGINFOD_URLS=https://debuginfod.ubuntu.com PYTHONPATH=/home/newir529/robotics-software-community/1-temperature-monitor/temp_ws/build/temp_client/prefix_override:/usr/lib/python3/dist-packages/colcon_core/task/python/colcon_distutils_commands:/home/newir529/robotics-software-community/1-temperature-monitor/temp_ws/install/temp_client/lib/python3.12/site-packages:/home/newir529/robotics-software-community/1-temperature-monitor/temp_ws/install/temp_interface/lib/python3.12/site-packages:/home/newir529/robotics-software-community/1-temperature-monitor/temp_ws/build/temp_client:/home/newir529/robotics-software-community/1-temperature-monitor/temp_ws/install/temp_client/lib/python3.12/site-packages:/opt/ros/jazzy/lib/python3.12/site-packages /usr/bin/python3 -W ignore:setup.py install is deprecated -W ignore:easy_install command is deprecated setup.py develop --uninstall --editable --build-directory /home/newir529/robotics-software-community/1-temperature-monitor/temp_ws/build/temp_client/build
[2.680s] DEBUG:colcon.colcon_core.event_handler.log_command:Invoking command in '/home/newir529/robotics-software-community/1-temperature-monitor/temp_ws/src/temp_client': DEBUGINFOD_URLS=https://debuginfod.ubuntu.com PYTHONPATH=/home/newir529/robotics-software-community/1-temperature-monitor/temp_ws/build/temp_client/prefix_override:/usr/lib/python3/dist-packages/colcon_core/task/python/colcon_distutils_commands:/home/newir529/robotics-software-community/1-temperature-monitor/temp_ws/install/temp_client/lib/python3.12/site-packages:/home/newir529/robotics-software-community/1-temperature-monitor/temp_ws/install/temp_interface/lib/python3.12/site-packages:/home/newir529/robotics-software-community/1-temperature-monitor/temp_ws/build/temp_client:/home/newir529/robotics-software-community/1-temperature-monitor/temp_ws/install/temp_client/lib/python3.12/site-packages:/opt/ros/jazzy/lib/python3.12/site-packages /usr/bin/python3 -W ignore:setup.py install is deprecated -W ignore:easy_install command is deprecated setup.py egg_info --egg-base ../../build/temp_client build --build-base /home/newir529/robotics-software-community/1-temperature-monitor/temp_ws/build/temp_client/build install --record /home/newir529/robotics-software-community/1-temperature-monitor/temp_ws/build/temp_client/install.log --single-version-externally-managed install_data --force
[3.290s] Level 1:colcon.colcon_core.environment:checking '/home/newir529/robotics-software-community/1-temperature-monitor/temp_ws/install/temp_client' for CMake module files
[3.290s] DEBUG:colcon.colcon_core.event_handler.log_command:Invoked command in '/home/newir529/robotics-software-community/1-temperature-monitor/temp_ws/src/temp_client' returned '0': DEBUGINFOD_URLS=https://debuginfod.ubuntu.com PYTHONPATH=/home/newir529/robotics-software-community/1-temperature-monitor/temp_ws/build/temp_client/prefix_override:/usr/lib/python3/dist-packages/colcon_core/task/python/colcon_distutils_commands:/home/newir529/robotics-software-community/1-temperature-monitor/temp_ws/install/temp_client/lib/python3.12/site-packages:/home/newir529/robotics-software-community/1-temperature-monitor/temp_ws/install/temp_interface/lib/python3.12/site-packages:/home/newir529/robotics-software-community/1-temperature-monitor/temp_ws/build/temp_client:/home/newir529/robotics-software-community/1-temperature-monitor/temp_ws/install/temp_client/lib/python3.12/site-packages:/opt/ros/jazzy/lib/python3.12/site-packages /usr/bin/python3 -W ignore:setup.py install is deprecated -W ignore:easy_install command is deprecated setup.py egg_info --egg-base ../../build/temp_client build --build-base /home/newir529/robotics-software-community/1-temperature-monitor/temp_ws/build/temp_client/build install --record /home/newir529/robotics-software-community/1-temperature-monitor/temp_ws/build/temp_client/install.log --single-version-externally-managed install_data --force
[3.290s] Level 1:colcon.colcon_core.environment:checking '/home/newir529/robotics-software-community/1-temperature-monitor/temp_ws/install/temp_client' for CMake config files
[3.291s] Level 1:colcon.colcon_core.environment:checking '/home/newir529/robotics-software-community/1-temperature-monitor/temp_ws/install/temp_client/lib'
[3.291s] Level 1:colcon.colcon_core.environment:checking '/home/newir529/robotics-software-community/1-temperature-monitor/temp_ws/install/temp_client/bin'
[3.291s] Level 1:colcon.colcon_core.environment:checking '/home/newir529/robotics-software-community/1-temperature-monitor/temp_ws/install/temp_client/lib/pkgconfig/temp_client.pc'
[3.291s] Level 1:colcon.colcon_core.environment:checking '/home/newir529/robotics-software-community/1-temperature-monitor/temp_ws/install/temp_client/lib/python3.12/site-packages'
[3.291s] Level 1:colcon.colcon_core.shell:create_environment_hook('temp_client', 'pythonpath')
[3.292s] INFO:colcon.colcon_core.shell:Creating environment hook '/home/newir529/robotics-software-community/1-temperature-monitor/temp_ws/install/temp_client/share/temp_client/hook/pythonpath.ps1'
[3.292s] INFO:colcon.colcon_core.shell:Creating environment descriptor '/home/newir529/robotics-software-community/1-temperature-monitor/temp_ws/install/temp_client/share/temp_client/hook/pythonpath.dsv'
[3.292s] INFO:colcon.colcon_core.shell:Creating environment hook '/home/newir529/robotics-software-community/1-temperature-monitor/temp_ws/install/temp_client/share/temp_client/hook/pythonpath.sh'
[3.293s] Level 1:colcon.colcon_core.environment:checking '/home/newir529/robotics-software-community/1-temperature-monitor/temp_ws/install/temp_client/bin'
[3.293s] Level 1:colcon.colcon_core.environment:create_environment_scripts_only(temp_client)
[3.293s] INFO:colcon.colcon_core.shell:Creating package script '/home/newir529/robotics-software-community/1-temperature-monitor/temp_ws/install/temp_client/share/temp_client/package.ps1'
[3.293s] INFO:colcon.colcon_core.shell:Creating package descriptor '/home/newir529/robotics-software-community/1-temperature-monitor/temp_ws/install/temp_client/share/temp_client/package.dsv'
[3.294s] INFO:colcon.colcon_core.shell:Creating package script '/home/newir529/robotics-software-community/1-temperature-monitor/temp_ws/install/temp_client/share/temp_client/package.sh'
[3.294s] INFO:colcon.colcon_core.shell:Creating package script '/home/newir529/robotics-software-community/1-temperature-monitor/temp_ws/install/temp_client/share/temp_client/package.bash'
[3.294s] INFO:colcon.colcon_core.shell:Creating package script '/home/newir529/robotics-software-community/1-temperature-monitor/temp_ws/install/temp_client/share/temp_client/package.zsh'
[3.295s] Level 1:colcon.colcon_core.environment:create_file_with_runtime_dependencies(/home/newir529/robotics-software-community/1-temperature-monitor/temp_ws/install/temp_client/share/colcon-core/packages/temp_client)
[3.295s] DEBUG:colcon.colcon_parallel_executor.executor.parallel:closing loop
[3.295s] DEBUG:colcon.colcon_parallel_executor.executor.parallel:loop closed
[3.295s] DEBUG:colcon.colcon_parallel_executor.executor.parallel:run_until_complete finished with '0'
[3.295s] DEBUG:colcon.colcon_core.event_reactor:joining thread
[3.303s] INFO:colcon.colcon_core.plugin_system:Skipping extension 'colcon_notification.desktop_notification.terminal_notifier': Not used on non-Darwin systems
[3.304s] INFO:colcon.colcon_core.plugin_system:Skipping extension 'colcon_notification.desktop_notification.win32': Not used on non-Windows systems
[3.304s] INFO:colcon.colcon_notification.desktop_notification:Sending desktop notification using 'notify2'
[3.343s] DEBUG:colcon.colcon_core.event_reactor:joined thread
[3.344s] INFO:colcon.colcon_core.shell:Creating prefix script '/home/newir529/robotics-software-community/1-temperature-monitor/temp_ws/install/local_setup.ps1'
[3.344s] INFO:colcon.colcon_core.shell:Creating prefix util module '/home/newir529/robotics-software-community/1-temperature-monitor/temp_ws/install/_local_setup_util_ps1.py'
[3.347s] INFO:colcon.colcon_core.shell:Creating prefix chain script '/home/newir529/robotics-software-community/1-temperature-monitor/temp_ws/install/setup.ps1'
[3.349s] INFO:colcon.colcon_core.shell:Creating prefix script '/home/newir529/robotics-software-community/1-temperature-monitor/temp_ws/install/local_setup.sh'
[3.349s] INFO:colcon.colcon_core.shell:Creating prefix util module '/home/newir529/robotics-software-community/1-temperature-monitor/temp_ws/install/_local_setup_util_sh.py'
[3.350s] INFO:colcon.colcon_core.shell:Creating prefix chain script '/home/newir529/robotics-software-community/1-temperature-monitor/temp_ws/install/setup.sh'
[3.351s] INFO:colcon.colcon_core.shell:Creating prefix script '/home/newir529/robotics-software-community/1-temperature-monitor/temp_ws/install/local_setup.bash'
[3.352s] INFO:colcon.colcon_core.shell:Creating prefix chain script '/home/newir529/robotics-software-community/1-temperature-monitor/temp_ws/install/setup.bash'
[3.352s] INFO:colcon.colcon_core.shell:Creating prefix script '/home/newir529/robotics-software-community/1-temperature-monitor/temp_ws/install/local_setup.zsh'
[3.353s] INFO:colcon.colcon_core.shell:Creating prefix chain script '/home/newir529/robotics-software-community/1-temperature-monitor/temp_ws/install/setup.zsh'
