[0.181s] DEBUG:colcon:Command line arguments: ['/usr/bin/colcon', 'build']
[0.181s] DEBUG:colcon:Parsed command line arguments: Namespace(log_base=None, log_level=None, verb_name='build', build_base='build', install_base='install', merge_install=False, symlink_install=False, test_result_base=None, continue_on_error=False, executor='parallel', parallel_workers=8, event_handlers=None, ignore_user_meta=False, metas=['./colcon.meta'], base_paths=['.'], packages_ignore=None, packages_ignore_regex=None, paths=None, packages_up_to=None, packages_up_to_regex=None, packages_above=None, packages_above_and_dependencies=None, packages_above_depth=None, packages_select_by_dep=None, packages_skip_by_dep=None, packages_skip_up_to=None, packages_select_build_failed=False, packages_skip_build_finished=False, packages_select_test_failures=False, packages_skip_test_passed=False, packages_select=None, packages_skip=None, packages_select_regex=None, packages_skip_regex=None, packages_start=None, packages_end=None, allow_overriding=[], cmake_args=None, cmake_target=None, cmake_target_skip_unavailable=False, cmake_clean_cache=False, cmake_clean_first=False, cmake_force_configure=False, ament_cmake_args=None, catkin_cmake_args=None, catkin_skip_building_tests=False, mixin_files=None, mixin=None, verb_parser=<colcon_mixin.mixin.mixin_argument.MixinArgumentDecorator object at 0x7d63a9dc0740>, verb_extension=<colcon_core.verb.build.BuildVerb object at 0x7d63a9d3a630>, main=<bound method BuildVerb.main of <colcon_core.verb.build.BuildVerb object at 0x7d63a9d3a630>>, mixin_verb=('build',))
[0.242s] Level 1:colcon.colcon_core.package_discovery:discover_packages(colcon_meta) check parameters
[0.242s] Level 1:colcon.colcon_core.package_discovery:discover_packages(recursive) check parameters
[0.242s] Level 1:colcon.colcon_core.package_discovery:discover_packages(ignore) check parameters
[0.242s] Level 1:colcon.colcon_core.package_discovery:discover_packages(path) check parameters
[0.242s] Level 1:colcon.colcon_core.package_discovery:discover_packages(colcon_meta) discover
[0.242s] Level 1:colcon.colcon_core.package_discovery:discover_packages(recursive) discover
[0.242s] INFO:colcon.colcon_core.package_discovery:Crawling recursively for packages in '/home/newir529/robotics-software-community/1-temperature-monitor/temp_ws'
[0.242s] Level 1:colcon.colcon_core.package_identification:_identify(.) by extensions ['ignore', 'ignore_ament_install']
[0.243s] Level 1:colcon.colcon_core.package_identification:_identify(.) by extension 'ignore'
[0.243s] Level 1:colcon.colcon_core.package_identification:_identify(.) by extension 'ignore_ament_install'
[0.243s] Level 1:colcon.colcon_core.package_identification:_identify(.) by extensions ['colcon_pkg']
[0.243s] Level 1:colcon.colcon_core.package_identification:_identify(.) by extension 'colcon_pkg'
[0.243s] Level 1:colcon.colcon_core.package_identification:_identify(.) by extensions ['colcon_meta']
[0.243s] Level 1:colcon.colcon_core.package_identification:_identify(.) by extension 'colcon_meta'
[0.243s] Level 1:colcon.colcon_core.package_identification:_identify(.) by extensions ['ros']
[0.243s] Level 1:colcon.colcon_core.package_identification:_identify(.) by extension 'ros'
[0.282s] Level 1:colcon.colcon_core.package_identification:_identify(.) by extensions ['cmake', 'python']
[0.282s] Level 1:colcon.colcon_core.package_identification:_identify(.) by extension 'cmake'
[0.282s] Level 1:colcon.colcon_core.package_identification:_identify(.) by extension 'python'
[0.282s] Level 1:colcon.colcon_core.package_identification:_identify(.) by extensions ['python_setup_py']
[0.282s] Level 1:colcon.colcon_core.package_identification:_identify(.) by extension 'python_setup_py'
[0.283s] Level 1:colcon.colcon_core.package_identification:_identify(build) by extensions ['ignore', 'ignore_ament_install']
[0.283s] Level 1:colcon.colcon_core.package_identification:_identify(build) by extension 'ignore'
[0.283s] Level 1:colcon.colcon_core.package_identification:_identify(build) ignored
[0.283s] Level 1:colcon.colcon_core.package_identification:_identify(install) by extensions ['ignore', 'ignore_ament_install']
[0.283s] Level 1:colcon.colcon_core.package_identification:_identify(install) by extension 'ignore'
[0.283s] Level 1:colcon.colcon_core.package_identification:_identify(install) ignored
[0.283s] Level 1:colcon.colcon_core.package_identification:_identify(log) by extensions ['ignore', 'ignore_ament_install']
[0.283s] Level 1:colcon.colcon_core.package_identification:_identify(log) by extension 'ignore'
[0.284s] Level 1:colcon.colcon_core.package_identification:_identify(log) ignored
[0.284s] Level 1:colcon.colcon_core.package_identification:_identify(src) by extensions ['ignore', 'ignore_ament_install']
[0.284s] Level 1:colcon.colcon_core.package_identification:_identify(src) by extension 'ignore'
[0.284s] Level 1:colcon.colcon_core.package_identification:_identify(src) by extension 'ignore_ament_install'
[0.284s] Level 1:colcon.colcon_core.package_identification:_identify(src) by extensions ['colcon_pkg']
[0.284s] Level 1:colcon.colcon_core.package_identification:_identify(src) by extension 'colcon_pkg'
[0.284s] Level 1:colcon.colcon_core.package_identification:_identify(src) by extensions ['colcon_meta']
[0.284s] Level 1:colcon.colcon_core.package_identification:_identify(src) by extension 'colcon_meta'
[0.284s] Level 1:colcon.colcon_core.package_identification:_identify(src) by extensions ['ros']
[0.284s] Level 1:colcon.colcon_core.package_identification:_identify(src) by extension 'ros'
[0.284s] Level 1:colcon.colcon_core.package_identification:_identify(src) by extensions ['cmake', 'python']
[0.284s] Level 1:colcon.colcon_core.package_identification:_identify(src) by extension 'cmake'
[0.284s] Level 1:colcon.colcon_core.package_identification:_identify(src) by extension 'python'
[0.285s] Level 1:colcon.colcon_core.package_identification:_identify(src) by extensions ['python_setup_py']
[0.285s] Level 1:colcon.colcon_core.package_identification:_identify(src) by extension 'python_setup_py'
[0.285s] Level 1:colcon.colcon_core.package_identification:_identify(src/temp_interface) by extensions ['ignore', 'ignore_ament_install']
[0.285s] Level 1:colcon.colcon_core.package_identification:_identify(src/temp_interface) by extension 'ignore'
[0.285s] Level 1:colcon.colcon_core.package_identification:_identify(src/temp_interface) by extension 'ignore_ament_install'
[0.285s] Level 1:colcon.colcon_core.package_identification:_identify(src/temp_interface) by extensions ['colcon_pkg']
[0.285s] Level 1:colcon.colcon_core.package_identification:_identify(src/temp_interface) by extension 'colcon_pkg'
[0.285s] Level 1:colcon.colcon_core.package_identification:_identify(src/temp_interface) by extensions ['colcon_meta']
[0.285s] Level 1:colcon.colcon_core.package_identification:_identify(src/temp_interface) by extension 'colcon_meta'
[0.285s] Level 1:colcon.colcon_core.package_identification:_identify(src/temp_interface) by extensions ['ros']
[0.285s] Level 1:colcon.colcon_core.package_identification:_identify(src/temp_interface) by extension 'ros'
[0.289s] DEBUG:colcon.colcon_core.package_identification:Package 'src/temp_interface' with type 'ros.ament_cmake' and name 'temp_interface'
[0.289s] Level 1:colcon.colcon_core.package_discovery:discover_packages(recursive) using defaults
[0.289s] Level 1:colcon.colcon_core.package_discovery:discover_packages(ignore) discover
[0.289s] Level 1:colcon.colcon_core.package_discovery:discover_packages(ignore) using defaults
[0.289s] Level 1:colcon.colcon_core.package_discovery:discover_packages(path) discover
[0.289s] Level 1:colcon.colcon_core.package_discovery:discover_packages(path) using defaults
[0.315s] Level 1:colcon.colcon_core.package_discovery:discover_packages(prefix_path) check parameters
[0.315s] Level 1:colcon.colcon_core.package_discovery:discover_packages(prefix_path) discover
[0.319s] DEBUG:colcon.colcon_installed_package_information.package_discovery:Found 292 installed packages in /opt/ros/jazzy
[0.321s] Level 1:colcon.colcon_core.package_discovery:discover_packages(prefix_path) using defaults
[0.394s] Level 5:colcon.colcon_core.verb:set package 'temp_interface' build argument 'cmake_args' from command line to 'None'
[0.395s] Level 5:colcon.colcon_core.verb:set package 'temp_interface' build argument 'cmake_target' from command line to 'None'
[0.395s] Level 5:colcon.colcon_core.verb:set package 'temp_interface' build argument 'cmake_target_skip_unavailable' from command line to 'False'
[0.395s] Level 5:colcon.colcon_core.verb:set package 'temp_interface' build argument 'cmake_clean_cache' from command line to 'False'
[0.395s] Level 5:colcon.colcon_core.verb:set package 'temp_interface' build argument 'cmake_clean_first' from command line to 'False'
[0.395s] Level 5:colcon.colcon_core.verb:set package 'temp_interface' build argument 'cmake_force_configure' from command line to 'False'
[0.395s] Level 5:colcon.colcon_core.verb:set package 'temp_interface' build argument 'ament_cmake_args' from command line to 'None'
[0.395s] Level 5:colcon.colcon_core.verb:set package 'temp_interface' build argument 'catkin_cmake_args' from command line to 'None'
[0.395s] Level 5:colcon.colcon_core.verb:set package 'temp_interface' build argument 'catkin_skip_building_tests' from command line to 'False'
[0.395s] DEBUG:colcon.colcon_core.verb:Building package 'temp_interface' with the following arguments: {'ament_cmake_args': None, 'build_base': '/home/newir529/robotics-software-community/1-temperature-monitor/temp_ws/build/temp_interface', 'catkin_cmake_args': None, 'catkin_skip_building_tests': False, 'cmake_args': None, 'cmake_clean_cache': False, 'cmake_clean_first': False, 'cmake_force_configure': False, 'cmake_target': None, 'cmake_target_skip_unavailable': False, 'install_base': '/home/newir529/robotics-software-community/1-temperature-monitor/temp_ws/install/temp_interface', 'merge_install': False, 'path': '/home/newir529/robotics-software-community/1-temperature-monitor/temp_ws/src/temp_interface', 'symlink_install': False, 'test_result_base': None}
[0.395s] INFO:colcon.colcon_core.executor:Executing jobs using 'parallel' executor
[0.396s] DEBUG:colcon.colcon_parallel_executor.executor.parallel:run_until_complete
[0.397s] INFO:colcon.colcon_ros.task.ament_cmake.build:Building ROS package in '/home/newir529/robotics-software-community/1-temperature-monitor/temp_ws/src/temp_interface' with build type 'ament_cmake'
[0.397s] INFO:colcon.colcon_cmake.task.cmake.build:Building CMake package in '/home/newir529/robotics-software-community/1-temperature-monitor/temp_ws/src/temp_interface'
[0.399s] INFO:colcon.colcon_core.plugin_system:Skipping extension 'colcon_core.shell.bat': Not used on non-Windows systems
[0.400s] INFO:colcon.colcon_core.shell:Skip shell extension 'powershell' for command environment: Not usable outside of PowerShell
[0.400s] DEBUG:colcon.colcon_core.shell:Skip shell extension 'dsv' for command environment
[0.413s] DEBUG:colcon.colcon_core.event_handler.log_command:Invoking command in '/home/newir529/robotics-software-community/1-temperature-monitor/temp_ws/build/temp_interface': CMAKE_PREFIX_PATH=${CMAKE_PREFIX_PATH}:/opt/ros/jazzy DEBUGINFOD_URLS=https://debuginfod.ubuntu.com /usr/bin/cmake /home/newir529/robotics-software-community/1-temperature-monitor/temp_ws/src/temp_interface -DCMAKE_INSTALL_PREFIX=/home/newir529/robotics-software-community/1-temperature-monitor/temp_ws/install/temp_interface
[1.611s] DEBUG:colcon.colcon_core.event_handler.log_command:Invoked command in '/home/newir529/robotics-software-community/1-temperature-monitor/temp_ws/build/temp_interface' returned '1': CMAKE_PREFIX_PATH=${CMAKE_PREFIX_PATH}:/opt/ros/jazzy DEBUGINFOD_URLS=https://debuginfod.ubuntu.com /usr/bin/cmake /home/newir529/robotics-software-community/1-temperature-monitor/temp_ws/src/temp_interface -DCMAKE_INSTALL_PREFIX=/home/newir529/robotics-software-community/1-temperature-monitor/temp_ws/install/temp_interface
[1.636s] Level 1:colcon.colcon_core.environment:create_environment_scripts_only(temp_interface)
[1.641s] Level 1:colcon.colcon_core.environment:checking '/home/newir529/robotics-software-community/1-temperature-monitor/temp_ws/install/temp_interface' for CMake module files
[1.642s] Level 1:colcon.colcon_core.environment:checking '/home/newir529/robotics-software-community/1-temperature-monitor/temp_ws/install/temp_interface' for CMake config files
[1.643s] Level 1:colcon.colcon_core.environment:checking '/home/newir529/robotics-software-community/1-temperature-monitor/temp_ws/install/temp_interface/bin'
[1.643s] Level 1:colcon.colcon_core.environment:checking '/home/newir529/robotics-software-community/1-temperature-monitor/temp_ws/install/temp_interface/lib/pkgconfig/temp_interface.pc'
[1.643s] Level 1:colcon.colcon_core.environment:checking '/home/newir529/robotics-software-community/1-temperature-monitor/temp_ws/install/temp_interface/lib/python3.12/site-packages'
[1.644s] Level 1:colcon.colcon_core.environment:checking '/home/newir529/robotics-software-community/1-temperature-monitor/temp_ws/install/temp_interface/bin'
[1.644s] INFO:colcon.colcon_core.shell:Creating package script '/home/newir529/robotics-software-community/1-temperature-monitor/temp_ws/install/temp_interface/share/temp_interface/package.ps1'
[1.645s] INFO:colcon.colcon_core.shell:Creating package descriptor '/home/newir529/robotics-software-community/1-temperature-monitor/temp_ws/install/temp_interface/share/temp_interface/package.dsv'
[1.646s] INFO:colcon.colcon_core.shell:Creating package script '/home/newir529/robotics-software-community/1-temperature-monitor/temp_ws/install/temp_interface/share/temp_interface/package.sh'
[1.647s] INFO:colcon.colcon_core.shell:Creating package script '/home/newir529/robotics-software-community/1-temperature-monitor/temp_ws/install/temp_interface/share/temp_interface/package.bash'
[1.648s] INFO:colcon.colcon_core.shell:Creating package script '/home/newir529/robotics-software-community/1-temperature-monitor/temp_ws/install/temp_interface/share/temp_interface/package.zsh'
[1.649s] Level 1:colcon.colcon_core.environment:create_file_with_runtime_dependencies(/home/newir529/robotics-software-community/1-temperature-monitor/temp_ws/install/temp_interface/share/colcon-core/packages/temp_interface)
[1.660s] DEBUG:colcon.colcon_parallel_executor.executor.parallel:closing loop
[1.660s] DEBUG:colcon.colcon_parallel_executor.executor.parallel:loop closed
[1.660s] DEBUG:colcon.colcon_parallel_executor.executor.parallel:run_until_complete finished with '1'
[1.660s] DEBUG:colcon.colcon_core.event_reactor:joining thread
[1.668s] INFO:colcon.colcon_core.plugin_system:Skipping extension 'colcon_notification.desktop_notification.terminal_notifier': Not used on non-Darwin systems
[1.668s] INFO:colcon.colcon_core.plugin_system:Skipping extension 'colcon_notification.desktop_notification.win32': Not used on non-Windows systems
[1.668s] INFO:colcon.colcon_notification.desktop_notification:Sending desktop notification using 'notify2'
[1.692s] DEBUG:colcon.colcon_core.event_reactor:joined thread
[1.692s] INFO:colcon.colcon_core.shell:Creating prefix script '/home/newir529/robotics-software-community/1-temperature-monitor/temp_ws/install/local_setup.ps1'
[1.694s] INFO:colcon.colcon_core.shell:Creating prefix util module '/home/newir529/robotics-software-community/1-temperature-monitor/temp_ws/install/_local_setup_util_ps1.py'
[1.698s] INFO:colcon.colcon_core.shell:Creating prefix chain script '/home/newir529/robotics-software-community/1-temperature-monitor/temp_ws/install/setup.ps1'
[1.700s] INFO:colcon.colcon_core.shell:Creating prefix script '/home/newir529/robotics-software-community/1-temperature-monitor/temp_ws/install/local_setup.sh'
[1.702s] INFO:colcon.colcon_core.shell:Creating prefix util module '/home/newir529/robotics-software-community/1-temperature-monitor/temp_ws/install/_local_setup_util_sh.py'
[1.704s] INFO:colcon.colcon_core.shell:Creating prefix chain script '/home/newir529/robotics-software-community/1-temperature-monitor/temp_ws/install/setup.sh'
[1.707s] INFO:colcon.colcon_core.shell:Creating prefix script '/home/newir529/robotics-software-community/1-temperature-monitor/temp_ws/install/local_setup.bash'
[1.709s] INFO:colcon.colcon_core.shell:Creating prefix chain script '/home/newir529/robotics-software-community/1-temperature-monitor/temp_ws/install/setup.bash'
[1.710s] INFO:colcon.colcon_core.shell:Creating prefix script '/home/newir529/robotics-software-community/1-temperature-monitor/temp_ws/install/local_setup.zsh'
[1.711s] INFO:colcon.colcon_core.shell:Creating prefix chain script '/home/newir529/robotics-software-community/1-temperature-monitor/temp_ws/install/setup.zsh'
