[  2%] Built target temp_interface__rosidl_generator_type_description
[  2%] Built target ament_cmake_python_copy_temp_interface
[  5%] Built target temp_interface__cpp
[ 20%] Built target temp_interface__rosidl_generator_c
[ 38%] Built target temp_interface__rosidl_typesupport_introspection_c
[ 38%] Built target temp_interface__rosidl_typesupport_c
[ 55%] Built target temp_interface__rosidl_typesupport_fastrtps_c
[ 55%] Built target temp_interface__rosidl_typesupport_fastrtps_cpp
[ 64%] Built target temp_interface__rosidl_typesupport_introspection_cpp
[ 73%] Built target temp_interface__rosidl_typesupport_cpp
[ 73%] Built target temp_interface
[ 76%] Built target temp_interface__py
[ 82%] Built target temp_interface__rosidl_generator_py
[ 91%] Built target temp_interface_s__rosidl_typesupport_c
[ 94%] Built target temp_interface_s__rosidl_typesupport_fastrtps_c
[100%] Built target temp_interface_s__rosidl_typesupport_introspection_c
running egg_info
writing temp_interface.egg-info/PKG-INFO
writing dependency_links to temp_interface.egg-info/dependency_links.txt
writing top-level names to temp_interface.egg-info/top_level.txt
reading manifest file 'temp_interface.egg-info/SOURCES.txt'
writing manifest file 'temp_interface.egg-info/SOURCES.txt'
[100%] Built target ament_cmake_python_build_temp_interface_egg
-- Install configuration: ""
-- Up-to-date: /home/newir529/robotics-software-community/1-temperature-monitor/temp_ws/install/temp_interface/share/ament_index/resource_index/rosidl_interfaces/temp_interface
-- Up-to-date: /home/newir529/robotics-software-community/1-temperature-monitor/temp_ws/install/temp_interface/share/temp_interface/msg/Temperature.json
-- Up-to-date: /home/newir529/robotics-software-community/1-temperature-monitor/temp_ws/install/temp_interface/include/temp_interface/temp_interface
-- Up-to-date: /home/newir529/robotics-software-community/1-temperature-monitor/temp_ws/install/temp_interface/include/temp_interface/temp_interface/msg
-- Up-to-date: /home/newir529/robotics-software-community/1-temperature-monitor/temp_ws/install/temp_interface/include/temp_interface/temp_interface/msg/temperature.h
-- Up-to-date: /home/newir529/robotics-software-community/1-temperature-monitor/temp_ws/install/temp_interface/include/temp_interface/temp_interface/msg/detail
-- Up-to-date: /home/newir529/robotics-software-community/1-temperature-monitor/temp_ws/install/temp_interface/include/temp_interface/temp_interface/msg/detail/temperature__type_support.h
-- Up-to-date: /home/newir529/robotics-software-community/1-temperature-monitor/temp_ws/install/temp_interface/include/temp_interface/temp_interface/msg/detail/temperature__description.c
-- Up-to-date: /home/newir529/robotics-software-community/1-temperature-monitor/temp_ws/install/temp_interface/include/temp_interface/temp_interface/msg/detail/temperature__functions.c
-- Up-to-date: /home/newir529/robotics-software-community/1-temperature-monitor/temp_ws/install/temp_interface/include/temp_interface/temp_interface/msg/detail/temperature__functions.h
-- Up-to-date: /home/newir529/robotics-software-community/1-temperature-monitor/temp_ws/install/temp_interface/include/temp_interface/temp_interface/msg/detail/temperature__type_support.c
-- Up-to-date: /home/newir529/robotics-software-community/1-temperature-monitor/temp_ws/install/temp_interface/include/temp_interface/temp_interface/msg/detail/temperature__struct.h
-- Up-to-date: /home/newir529/robotics-software-community/1-temperature-monitor/temp_ws/install/temp_interface/include/temp_interface/temp_interface/msg/rosidl_generator_c__visibility_control.h
-- Up-to-date: /home/newir529/robotics-software-community/1-temperature-monitor/temp_ws/install/temp_interface/share/temp_interface/environment/library_path.sh
-- Up-to-date: /home/newir529/robotics-software-community/1-temperature-monitor/temp_ws/install/temp_interface/share/temp_interface/environment/library_path.dsv
-- Up-to-date: /home/newir529/robotics-software-community/1-temperature-monitor/temp_ws/install/temp_interface/lib/libtemp_interface__rosidl_generator_c.so
-- Up-to-date: /home/newir529/robotics-software-community/1-temperature-monitor/temp_ws/install/temp_interface/include/temp_interface/temp_interface
-- Up-to-date: /home/newir529/robotics-software-community/1-temperature-monitor/temp_ws/install/temp_interface/include/temp_interface/temp_interface/msg
-- Up-to-date: /home/newir529/robotics-software-community/1-temperature-monitor/temp_ws/install/temp_interface/include/temp_interface/temp_interface/msg/rosidl_typesupport_fastrtps_c__visibility_control.h
-- Up-to-date: /home/newir529/robotics-software-community/1-temperature-monitor/temp_ws/install/temp_interface/include/temp_interface/temp_interface/msg/detail
-- Up-to-date: /home/newir529/robotics-software-community/1-temperature-monitor/temp_ws/install/temp_interface/include/temp_interface/temp_interface/msg/detail/temperature__rosidl_typesupport_fastrtps_c.h
-- Up-to-date: /home/newir529/robotics-software-community/1-temperature-monitor/temp_ws/install/temp_interface/lib/libtemp_interface__rosidl_typesupport_fastrtps_c.so
-- Up-to-date: /home/newir529/robotics-software-community/1-temperature-monitor/temp_ws/install/temp_interface/include/temp_interface/temp_interface
-- Up-to-date: /home/newir529/robotics-software-community/1-temperature-monitor/temp_ws/install/temp_interface/include/temp_interface/temp_interface/msg
-- Up-to-date: /home/newir529/robotics-software-community/1-temperature-monitor/temp_ws/install/temp_interface/include/temp_interface/temp_interface/msg/rosidl_typesupport_introspection_c__visibility_control.h
-- Up-to-date: /home/newir529/robotics-software-community/1-temperature-monitor/temp_ws/install/temp_interface/include/temp_interface/temp_interface/msg/detail
-- Up-to-date: /home/newir529/robotics-software-community/1-temperature-monitor/temp_ws/install/temp_interface/include/temp_interface/temp_interface/msg/detail/temperature__rosidl_typesupport_introspection_c.h
-- Up-to-date: /home/newir529/robotics-software-community/1-temperature-monitor/temp_ws/install/temp_interface/include/temp_interface/temp_interface/msg/detail/temperature__type_support.c
-- Up-to-date: /home/newir529/robotics-software-community/1-temperature-monitor/temp_ws/install/temp_interface/lib/libtemp_interface__rosidl_typesupport_introspection_c.so
-- Up-to-date: /home/newir529/robotics-software-community/1-temperature-monitor/temp_ws/install/temp_interface/lib/libtemp_interface__rosidl_typesupport_c.so
-- Up-to-date: /home/newir529/robotics-software-community/1-temperature-monitor/temp_ws/install/temp_interface/include/temp_interface/temp_interface
-- Up-to-date: /home/newir529/robotics-software-community/1-temperature-monitor/temp_ws/install/temp_interface/include/temp_interface/temp_interface/msg
-- Up-to-date: /home/newir529/robotics-software-community/1-temperature-monitor/temp_ws/install/temp_interface/include/temp_interface/temp_interface/msg/rosidl_generator_cpp__visibility_control.hpp
-- Up-to-date: /home/newir529/robotics-software-community/1-temperature-monitor/temp_ws/install/temp_interface/include/temp_interface/temp_interface/msg/detail
-- Up-to-date: /home/newir529/robotics-software-community/1-temperature-monitor/temp_ws/install/temp_interface/include/temp_interface/temp_interface/msg/detail/temperature__builder.hpp
-- Up-to-date: /home/newir529/robotics-software-community/1-temperature-monitor/temp_ws/install/temp_interface/include/temp_interface/temp_interface/msg/detail/temperature__traits.hpp
-- Up-to-date: /home/newir529/robotics-software-community/1-temperature-monitor/temp_ws/install/temp_interface/include/temp_interface/temp_interface/msg/detail/temperature__struct.hpp
-- Up-to-date: /home/newir529/robotics-software-community/1-temperature-monitor/temp_ws/install/temp_interface/include/temp_interface/temp_interface/msg/detail/temperature__type_support.hpp
-- Up-to-date: /home/newir529/robotics-software-community/1-temperature-monitor/temp_ws/install/temp_interface/include/temp_interface/temp_interface/msg/temperature.hpp
-- Up-to-date: /home/newir529/robotics-software-community/1-temperature-monitor/temp_ws/install/temp_interface/include/temp_interface/temp_interface
-- Up-to-date: /home/newir529/robotics-software-community/1-temperature-monitor/temp_ws/install/temp_interface/include/temp_interface/temp_interface/msg
-- Up-to-date: /home/newir529/robotics-software-community/1-temperature-monitor/temp_ws/install/temp_interface/include/temp_interface/temp_interface/msg/rosidl_typesupport_fastrtps_cpp__visibility_control.h
-- Up-to-date: /home/newir529/robotics-software-community/1-temperature-monitor/temp_ws/install/temp_interface/include/temp_interface/temp_interface/msg/detail
-- Up-to-date: /home/newir529/robotics-software-community/1-temperature-monitor/temp_ws/install/temp_interface/include/temp_interface/temp_interface/msg/detail/temperature__rosidl_typesupport_fastrtps_cpp.hpp
-- Up-to-date: /home/newir529/robotics-software-community/1-temperature-monitor/temp_ws/install/temp_interface/include/temp_interface/temp_interface/msg/detail/dds_fastrtps
-- Up-to-date: /home/newir529/robotics-software-community/1-temperature-monitor/temp_ws/install/temp_interface/lib/libtemp_interface__rosidl_typesupport_fastrtps_cpp.so
-- Up-to-date: /home/newir529/robotics-software-community/1-temperature-monitor/temp_ws/install/temp_interface/include/temp_interface/temp_interface
-- Up-to-date: /home/newir529/robotics-software-community/1-temperature-monitor/temp_ws/install/temp_interface/include/temp_interface/temp_interface/msg
-- Up-to-date: /home/newir529/robotics-software-community/1-temperature-monitor/temp_ws/install/temp_interface/include/temp_interface/temp_interface/msg/detail
-- Up-to-date: /home/newir529/robotics-software-community/1-temperature-monitor/temp_ws/install/temp_interface/include/temp_interface/temp_interface/msg/detail/temperature__type_support.cpp
-- Up-to-date: /home/newir529/robotics-software-community/1-temperature-monitor/temp_ws/install/temp_interface/include/temp_interface/temp_interface/msg/detail/temperature__rosidl_typesupport_introspection_cpp.hpp
-- Up-to-date: /home/newir529/robotics-software-community/1-temperature-monitor/temp_ws/install/temp_interface/lib/libtemp_interface__rosidl_typesupport_introspection_cpp.so
-- Up-to-date: /home/newir529/robotics-software-community/1-temperature-monitor/temp_ws/install/temp_interface/lib/libtemp_interface__rosidl_typesupport_cpp.so
-- Up-to-date: /home/newir529/robotics-software-community/1-temperature-monitor/temp_ws/install/temp_interface/share/temp_interface/environment/pythonpath.sh
-- Up-to-date: /home/newir529/robotics-software-community/1-temperature-monitor/temp_ws/install/temp_interface/share/temp_interface/environment/pythonpath.dsv
-- Up-to-date: /home/newir529/robotics-software-community/1-temperature-monitor/temp_ws/install/temp_interface/lib/python3.12/site-packages/temp_interface-1.0.0-py3.12.egg-info
-- Installing: /home/newir529/robotics-software-community/1-temperature-monitor/temp_ws/install/temp_interface/lib/python3.12/site-packages/temp_interface-1.0.0-py3.12.egg-info/SOURCES.txt
-- Installing: /home/newir529/robotics-software-community/1-temperature-monitor/temp_ws/install/temp_interface/lib/python3.12/site-packages/temp_interface-1.0.0-py3.12.egg-info/dependency_links.txt
-- Installing: /home/newir529/robotics-software-community/1-temperature-monitor/temp_ws/install/temp_interface/lib/python3.12/site-packages/temp_interface-1.0.0-py3.12.egg-info/PKG-INFO
-- Installing: /home/newir529/robotics-software-community/1-temperature-monitor/temp_ws/install/temp_interface/lib/python3.12/site-packages/temp_interface-1.0.0-py3.12.egg-info/top_level.txt
-- Up-to-date: /home/newir529/robotics-software-community/1-temperature-monitor/temp_ws/install/temp_interface/lib/python3.12/site-packages/temp_interface
-- Up-to-date: /home/newir529/robotics-software-community/1-temperature-monitor/temp_ws/install/temp_interface/lib/python3.12/site-packages/temp_interface/_temp_interface_s.ep.rosidl_typesupport_introspection_c.c
-- Up-to-date: /home/newir529/robotics-software-community/1-temperature-monitor/temp_ws/install/temp_interface/lib/python3.12/site-packages/temp_interface/temp_interface_s__rosidl_typesupport_c.so
-- Up-to-date: /home/newir529/robotics-software-community/1-temperature-monitor/temp_ws/install/temp_interface/lib/python3.12/site-packages/temp_interface/temp_interface_s__rosidl_typesupport_fastrtps_c.so
-- Up-to-date: /home/newir529/robotics-software-community/1-temperature-monitor/temp_ws/install/temp_interface/lib/python3.12/site-packages/temp_interface/_temp_interface_s.ep.rosidl_typesupport_c.c
-- Up-to-date: /home/newir529/robotics-software-community/1-temperature-monitor/temp_ws/install/temp_interface/lib/python3.12/site-packages/temp_interface/msg
-- Up-to-date: /home/newir529/robotics-software-community/1-temperature-monitor/temp_ws/install/temp_interface/lib/python3.12/site-packages/temp_interface/msg/_temperature.py
-- Up-to-date: /home/newir529/robotics-software-community/1-temperature-monitor/temp_ws/install/temp_interface/lib/python3.12/site-packages/temp_interface/msg/_temperature_s.c
-- Up-to-date: /home/newir529/robotics-software-community/1-temperature-monitor/temp_ws/install/temp_interface/lib/python3.12/site-packages/temp_interface/msg/__init__.py
-- Up-to-date: /home/newir529/robotics-software-community/1-temperature-monitor/temp_ws/install/temp_interface/lib/python3.12/site-packages/temp_interface/_temp_interface_s.ep.rosidl_typesupport_fastrtps_c.c
-- Up-to-date: /home/newir529/robotics-software-community/1-temperature-monitor/temp_ws/install/temp_interface/lib/python3.12/site-packages/temp_interface/temp_interface_s__rosidl_typesupport_introspection_c.so
-- Up-to-date: /home/newir529/robotics-software-community/1-temperature-monitor/temp_ws/install/temp_interface/lib/python3.12/site-packages/temp_interface/__init__.py
Listing '/home/newir529/robotics-software-community/1-temperature-monitor/temp_ws/install/temp_interface/lib/python3.12/site-packages/temp_interface'...
Listing '/home/newir529/robotics-software-community/1-temperature-monitor/temp_ws/install/temp_interface/lib/python3.12/site-packages/temp_interface/msg'...
-- Up-to-date: /home/newir529/robotics-software-community/1-temperature-monitor/temp_ws/install/temp_interface/lib/python3.12/site-packages/temp_interface/temp_interface_s__rosidl_typesupport_fastrtps_c.so
-- Up-to-date: /home/newir529/robotics-software-community/1-temperature-monitor/temp_ws/install/temp_interface/lib/python3.12/site-packages/temp_interface/temp_interface_s__rosidl_typesupport_introspection_c.so
-- Up-to-date: /home/newir529/robotics-software-community/1-temperature-monitor/temp_ws/install/temp_interface/lib/python3.12/site-packages/temp_interface/temp_interface_s__rosidl_typesupport_c.so
-- Up-to-date: /home/newir529/robotics-software-community/1-temperature-monitor/temp_ws/install/temp_interface/lib/libtemp_interface__rosidl_generator_py.so
-- Up-to-date: /home/newir529/robotics-software-community/1-temperature-monitor/temp_ws/install/temp_interface/share/temp_interface/msg/Temperature.idl
-- Up-to-date: /home/newir529/robotics-software-community/1-temperature-monitor/temp_ws/install/temp_interface/share/temp_interface/msg/Temperature.msg
-- Up-to-date: /home/newir529/robotics-software-community/1-temperature-monitor/temp_ws/install/temp_interface/share/ament_index/resource_index/package_run_dependencies/temp_interface
-- Up-to-date: /home/newir529/robotics-software-community/1-temperature-monitor/temp_ws/install/temp_interface/share/ament_index/resource_index/parent_prefix_path/temp_interface
-- Up-to-date: /home/newir529/robotics-software-community/1-temperature-monitor/temp_ws/install/temp_interface/share/temp_interface/environment/ament_prefix_path.sh
-- Up-to-date: /home/newir529/robotics-software-community/1-temperature-monitor/temp_ws/install/temp_interface/share/temp_interface/environment/ament_prefix_path.dsv
-- Up-to-date: /home/newir529/robotics-software-community/1-temperature-monitor/temp_ws/install/temp_interface/share/temp_interface/environment/path.sh
-- Up-to-date: /home/newir529/robotics-software-community/1-temperature-monitor/temp_ws/install/temp_interface/share/temp_interface/environment/path.dsv
-- Up-to-date: /home/newir529/robotics-software-community/1-temperature-monitor/temp_ws/install/temp_interface/share/temp_interface/local_setup.bash
-- Up-to-date: /home/newir529/robotics-software-community/1-temperature-monitor/temp_ws/install/temp_interface/share/temp_interface/local_setup.sh
-- Up-to-date: /home/newir529/robotics-software-community/1-temperature-monitor/temp_ws/install/temp_interface/share/temp_interface/local_setup.zsh
-- Up-to-date: /home/newir529/robotics-software-community/1-temperature-monitor/temp_ws/install/temp_interface/share/temp_interface/local_setup.dsv
-- Installing: /home/newir529/robotics-software-community/1-temperature-monitor/temp_ws/install/temp_interface/share/temp_interface/package.dsv
-- Up-to-date: /home/newir529/robotics-software-community/1-temperature-monitor/temp_ws/install/temp_interface/share/ament_index/resource_index/packages/temp_interface
-- Up-to-date: /home/newir529/robotics-software-community/1-temperature-monitor/temp_ws/install/temp_interface/share/temp_interface/cmake/export_temp_interface__rosidl_generator_cExport.cmake
-- Up-to-date: /home/newir529/robotics-software-community/1-temperature-monitor/temp_ws/install/temp_interface/share/temp_interface/cmake/export_temp_interface__rosidl_generator_cExport-noconfig.cmake
-- Up-to-date: /home/newir529/robotics-software-community/1-temperature-monitor/temp_ws/install/temp_interface/share/temp_interface/cmake/export_temp_interface__rosidl_typesupport_fastrtps_cExport.cmake
-- Up-to-date: /home/newir529/robotics-software-community/1-temperature-monitor/temp_ws/install/temp_interface/share/temp_interface/cmake/export_temp_interface__rosidl_typesupport_fastrtps_cExport-noconfig.cmake
-- Up-to-date: /home/newir529/robotics-software-community/1-temperature-monitor/temp_ws/install/temp_interface/share/temp_interface/cmake/temp_interface__rosidl_typesupport_introspection_cExport.cmake
-- Up-to-date: /home/newir529/robotics-software-community/1-temperature-monitor/temp_ws/install/temp_interface/share/temp_interface/cmake/temp_interface__rosidl_typesupport_introspection_cExport-noconfig.cmake
-- Up-to-date: /home/newir529/robotics-software-community/1-temperature-monitor/temp_ws/install/temp_interface/share/temp_interface/cmake/temp_interface__rosidl_typesupport_cExport.cmake
-- Up-to-date: /home/newir529/robotics-software-community/1-temperature-monitor/temp_ws/install/temp_interface/share/temp_interface/cmake/temp_interface__rosidl_typesupport_cExport-noconfig.cmake
-- Up-to-date: /home/newir529/robotics-software-community/1-temperature-monitor/temp_ws/install/temp_interface/share/temp_interface/cmake/export_temp_interface__rosidl_generator_cppExport.cmake
-- Up-to-date: /home/newir529/robotics-software-community/1-temperature-monitor/temp_ws/install/temp_interface/share/temp_interface/cmake/export_temp_interface__rosidl_typesupport_fastrtps_cppExport.cmake
-- Up-to-date: /home/newir529/robotics-software-community/1-temperature-monitor/temp_ws/install/temp_interface/share/temp_interface/cmake/export_temp_interface__rosidl_typesupport_fastrtps_cppExport-noconfig.cmake
-- Up-to-date: /home/newir529/robotics-software-community/1-temperature-monitor/temp_ws/install/temp_interface/share/temp_interface/cmake/temp_interface__rosidl_typesupport_introspection_cppExport.cmake
-- Up-to-date: /home/newir529/robotics-software-community/1-temperature-monitor/temp_ws/install/temp_interface/share/temp_interface/cmake/temp_interface__rosidl_typesupport_introspection_cppExport-noconfig.cmake
-- Up-to-date: /home/newir529/robotics-software-community/1-temperature-monitor/temp_ws/install/temp_interface/share/temp_interface/cmake/temp_interface__rosidl_typesupport_cppExport.cmake
-- Up-to-date: /home/newir529/robotics-software-community/1-temperature-monitor/temp_ws/install/temp_interface/share/temp_interface/cmake/temp_interface__rosidl_typesupport_cppExport-noconfig.cmake
-- Up-to-date: /home/newir529/robotics-software-community/1-temperature-monitor/temp_ws/install/temp_interface/share/temp_interface/cmake/export_temp_interface__rosidl_generator_pyExport.cmake
-- Up-to-date: /home/newir529/robotics-software-community/1-temperature-monitor/temp_ws/install/temp_interface/share/temp_interface/cmake/export_temp_interface__rosidl_generator_pyExport-noconfig.cmake
-- Up-to-date: /home/newir529/robotics-software-community/1-temperature-monitor/temp_ws/install/temp_interface/share/temp_interface/cmake/rosidl_cmake-extras.cmake
-- Up-to-date: /home/newir529/robotics-software-community/1-temperature-monitor/temp_ws/install/temp_interface/share/temp_interface/cmake/ament_cmake_export_dependencies-extras.cmake
-- Up-to-date: /home/newir529/robotics-software-community/1-temperature-monitor/temp_ws/install/temp_interface/share/temp_interface/cmake/ament_cmake_export_include_directories-extras.cmake
-- Up-to-date: /home/newir529/robotics-software-community/1-temperature-monitor/temp_ws/install/temp_interface/share/temp_interface/cmake/ament_cmake_export_libraries-extras.cmake
-- Up-to-date: /home/newir529/robotics-software-community/1-temperature-monitor/temp_ws/install/temp_interface/share/temp_interface/cmake/ament_cmake_export_targets-extras.cmake
-- Up-to-date: /home/newir529/robotics-software-community/1-temperature-monitor/temp_ws/install/temp_interface/share/temp_interface/cmake/rosidl_cmake_export_typesupport_targets-extras.cmake
-- Up-to-date: /home/newir529/robotics-software-community/1-temperature-monitor/temp_ws/install/temp_interface/share/temp_interface/cmake/rosidl_cmake_export_typesupport_libraries-extras.cmake
-- Up-to-date: /home/newir529/robotics-software-community/1-temperature-monitor/temp_ws/install/temp_interface/share/temp_interface/cmake/temp_interfaceConfig.cmake
-- Up-to-date: /home/newir529/robotics-software-community/1-temperature-monitor/temp_ws/install/temp_interface/share/temp_interface/cmake/temp_interfaceConfig-version.cmake
-- Up-to-date: /home/newir529/robotics-software-community/1-temperature-monitor/temp_ws/install/temp_interface/share/temp_interface/package.xml
