[0.186s] DEBUG:colcon:Command line arguments: ['/usr/bin/colcon', 'build']
[0.186s] DEBUG:colcon:Parsed command line arguments: Namespace(log_base=None, log_level=None, verb_name='build', build_base='build', install_base='install', merge_install=False, symlink_install=False, test_result_base=None, continue_on_error=False, executor='parallel', parallel_workers=8, event_handlers=None, ignore_user_meta=False, metas=['./colcon.meta'], base_paths=['.'], packages_ignore=None, packages_ignore_regex=None, paths=None, packages_up_to=None, packages_up_to_regex=None, packages_above=None, packages_above_and_dependencies=None, packages_above_depth=None, packages_select_by_dep=None, packages_skip_by_dep=None, packages_skip_up_to=None, packages_select_build_failed=False, packages_skip_build_finished=False, packages_select_test_failures=False, packages_skip_test_passed=False, packages_select=None, packages_skip=None, packages_select_regex=None, packages_skip_regex=None, packages_start=None, packages_end=None, allow_overriding=[], cmake_args=None, cmake_target=None, cmake_target_skip_unavailable=False, cmake_clean_cache=False, cmake_clean_first=False, cmake_force_configure=False, ament_cmake_args=None, catkin_cmake_args=None, catkin_skip_building_tests=False, mixin_files=None, mixin=None, verb_parser=<colcon_mixin.mixin.mixin_argument.MixinArgumentDecorator object at 0x7dacfc5bcce0>, verb_extension=<colcon_core.verb.build.BuildVerb object at 0x7dacfc52e810>, main=<bound method BuildVerb.main of <colcon_core.verb.build.BuildVerb object at 0x7dacfc52e810>>, mixin_verb=('build',))
[0.247s] Level 1:colcon.colcon_core.package_discovery:discover_packages(colcon_meta) check parameters
[0.247s] Level 1:colcon.colcon_core.package_discovery:discover_packages(recursive) check parameters
[0.247s] Level 1:colcon.colcon_core.package_discovery:discover_packages(ignore) check parameters
[0.247s] Level 1:colcon.colcon_core.package_discovery:discover_packages(path) check parameters
[0.247s] Level 1:colcon.colcon_core.package_discovery:discover_packages(colcon_meta) discover
[0.247s] Level 1:colcon.colcon_core.package_discovery:discover_packages(recursive) discover
[0.247s] INFO:colcon.colcon_core.package_discovery:Crawling recursively for packages in '/home/newir529/robotics-software-community/1-temperature-monitor/temp_ws'
[0.247s] Level 1:colcon.colcon_core.package_identification:_identify(.) by extensions ['ignore', 'ignore_ament_install']
[0.248s] Level 1:colcon.colcon_core.package_identification:_identify(.) by extension 'ignore'
[0.248s] Level 1:colcon.colcon_core.package_identification:_identify(.) by extension 'ignore_ament_install'
[0.248s] Level 1:colcon.colcon_core.package_identification:_identify(.) by extensions ['colcon_pkg']
[0.248s] Level 1:colcon.colcon_core.package_identification:_identify(.) by extension 'colcon_pkg'
[0.248s] Level 1:colcon.colcon_core.package_identification:_identify(.) by extensions ['colcon_meta']
[0.248s] Level 1:colcon.colcon_core.package_identification:_identify(.) by extension 'colcon_meta'
[0.248s] Level 1:colcon.colcon_core.package_identification:_identify(.) by extensions ['ros']
[0.248s] Level 1:colcon.colcon_core.package_identification:_identify(.) by extension 'ros'
[0.289s] Level 1:colcon.colcon_core.package_identification:_identify(.) by extensions ['cmake', 'python']
[0.290s] Level 1:colcon.colcon_core.package_identification:_identify(.) by extension 'cmake'
[0.290s] Level 1:colcon.colcon_core.package_identification:_identify(.) by extension 'python'
[0.290s] Level 1:colcon.colcon_core.package_identification:_identify(.) by extensions ['python_setup_py']
[0.290s] Level 1:colcon.colcon_core.package_identification:_identify(.) by extension 'python_setup_py'
[0.290s] Level 1:colcon.colcon_core.package_identification:_identify(build) by extensions ['ignore', 'ignore_ament_install']
[0.290s] Level 1:colcon.colcon_core.package_identification:_identify(build) by extension 'ignore'
[0.290s] Level 1:colcon.colcon_core.package_identification:_identify(build) ignored
[0.290s] Level 1:colcon.colcon_core.package_identification:_identify(install) by extensions ['ignore', 'ignore_ament_install']
[0.291s] Level 1:colcon.colcon_core.package_identification:_identify(install) by extension 'ignore'
[0.291s] Level 1:colcon.colcon_core.package_identification:_identify(install) ignored
[0.291s] Level 1:colcon.colcon_core.package_identification:_identify(log) by extensions ['ignore', 'ignore_ament_install']
[0.291s] Level 1:colcon.colcon_core.package_identification:_identify(log) by extension 'ignore'
[0.291s] Level 1:colcon.colcon_core.package_identification:_identify(log) ignored
[0.291s] Level 1:colcon.colcon_core.package_identification:_identify(src) by extensions ['ignore', 'ignore_ament_install']
[0.291s] Level 1:colcon.colcon_core.package_identification:_identify(src) by extension 'ignore'
[0.291s] Level 1:colcon.colcon_core.package_identification:_identify(src) by extension 'ignore_ament_install'
[0.291s] Level 1:colcon.colcon_core.package_identification:_identify(src) by extensions ['colcon_pkg']
[0.291s] Level 1:colcon.colcon_core.package_identification:_identify(src) by extension 'colcon_pkg'
[0.292s] Level 1:colcon.colcon_core.package_identification:_identify(src) by extensions ['colcon_meta']
[0.292s] Level 1:colcon.colcon_core.package_identification:_identify(src) by extension 'colcon_meta'
[0.292s] Level 1:colcon.colcon_core.package_identification:_identify(src) by extensions ['ros']
[0.292s] Level 1:colcon.colcon_core.package_identification:_identify(src) by extension 'ros'
[0.292s] Level 1:colcon.colcon_core.package_identification:_identify(src) by extensions ['cmake', 'python']
[0.292s] Level 1:colcon.colcon_core.package_identification:_identify(src) by extension 'cmake'
[0.292s] Level 1:colcon.colcon_core.package_identification:_identify(src) by extension 'python'
[0.292s] Level 1:colcon.colcon_core.package_identification:_identify(src) by extensions ['python_setup_py']
[0.292s] Level 1:colcon.colcon_core.package_identification:_identify(src) by extension 'python_setup_py'
[0.292s] Level 1:colcon.colcon_core.package_identification:_identify(src/temp_client) by extensions ['ignore', 'ignore_ament_install']
[0.292s] Level 1:colcon.colcon_core.package_identification:_identify(src/temp_client) by extension 'ignore'
[0.292s] Level 1:colcon.colcon_core.package_identification:_identify(src/temp_client) by extension 'ignore_ament_install'
[0.292s] Level 1:colcon.colcon_core.package_identification:_identify(src/temp_client) by extensions ['colcon_pkg']
[0.293s] Level 1:colcon.colcon_core.package_identification:_identify(src/temp_client) by extension 'colcon_pkg'
[0.293s] Level 1:colcon.colcon_core.package_identification:_identify(src/temp_client) by extensions ['colcon_meta']
[0.293s] Level 1:colcon.colcon_core.package_identification:_identify(src/temp_client) by extension 'colcon_meta'
[0.293s] Level 1:colcon.colcon_core.package_identification:_identify(src/temp_client) by extensions ['ros']
[0.293s] Level 1:colcon.colcon_core.package_identification:_identify(src/temp_client) by extension 'ros'
[0.296s] DEBUG:colcon.colcon_core.package_identification:Package 'src/temp_client' with type 'ros.ament_python' and name 'temp_client'
[0.297s] Level 1:colcon.colcon_core.package_identification:_identify(src/temp_interface) by extensions ['ignore', 'ignore_ament_install']
[0.297s] Level 1:colcon.colcon_core.package_identification:_identify(src/temp_interface) by extension 'ignore'
[0.297s] Level 1:colcon.colcon_core.package_identification:_identify(src/temp_interface) by extension 'ignore_ament_install'
[0.297s] Level 1:colcon.colcon_core.package_identification:_identify(src/temp_interface) by extensions ['colcon_pkg']
[0.297s] Level 1:colcon.colcon_core.package_identification:_identify(src/temp_interface) by extension 'colcon_pkg'
[0.297s] Level 1:colcon.colcon_core.package_identification:_identify(src/temp_interface) by extensions ['colcon_meta']
[0.297s] Level 1:colcon.colcon_core.package_identification:_identify(src/temp_interface) by extension 'colcon_meta'
[0.297s] Level 1:colcon.colcon_core.package_identification:_identify(src/temp_interface) by extensions ['ros']
[0.297s] Level 1:colcon.colcon_core.package_identification:_identify(src/temp_interface) by extension 'ros'
[0.298s] DEBUG:colcon.colcon_core.package_identification:Package 'src/temp_interface' with type 'ros.ament_cmake' and name 'temp_interface'
[0.298s] Level 1:colcon.colcon_core.package_discovery:discover_packages(recursive) using defaults
[0.298s] Level 1:colcon.colcon_core.package_discovery:discover_packages(ignore) discover
[0.298s] Level 1:colcon.colcon_core.package_discovery:discover_packages(ignore) using defaults
[0.298s] Level 1:colcon.colcon_core.package_discovery:discover_packages(path) discover
[0.298s] Level 1:colcon.colcon_core.package_discovery:discover_packages(path) using defaults
[0.325s] Level 1:colcon.colcon_core.package_discovery:discover_packages(prefix_path) check parameters
[0.325s] Level 1:colcon.colcon_core.package_discovery:discover_packages(prefix_path) discover
[0.326s] WARNING:colcon.colcon_ros.prefix_path.ament:The path '/home/newir529/robotics-software-community/1-temperature-monitor/temp_ws/install/temp_interface' in the environment variable AMENT_PREFIX_PATH doesn't exist
[0.326s] WARNING:colcon.colcon_ros.prefix_path.catkin:The path '/home/newir529/robotics-software-community/1-temperature-monitor/temp_ws/install/temp_interface' in the environment variable CMAKE_PREFIX_PATH doesn't exist
[0.327s] DEBUG:colcon.colcon_installed_package_information.package_discovery:Found 0 installed packages in /home/newir529/robotics-software-community/1-temperature-monitor/temp_ws/install
[0.330s] DEBUG:colcon.colcon_installed_package_information.package_discovery:Found 292 installed packages in /opt/ros/jazzy
[0.332s] Level 1:colcon.colcon_core.package_discovery:discover_packages(prefix_path) using defaults
[0.425s] Level 5:colcon.colcon_core.verb:set package 'temp_interface' build argument 'cmake_args' from command line to 'None'
[0.425s] Level 5:colcon.colcon_core.verb:set package 'temp_interface' build argument 'cmake_target' from command line to 'None'
[0.425s] Level 5:colcon.colcon_core.verb:set package 'temp_interface' build argument 'cmake_target_skip_unavailable' from command line to 'False'
[0.425s] Level 5:colcon.colcon_core.verb:set package 'temp_interface' build argument 'cmake_clean_cache' from command line to 'False'
[0.425s] Level 5:colcon.colcon_core.verb:set package 'temp_interface' build argument 'cmake_clean_first' from command line to 'False'
[0.426s] Level 5:colcon.colcon_core.verb:set package 'temp_interface' build argument 'cmake_force_configure' from command line to 'False'
[0.426s] Level 5:colcon.colcon_core.verb:set package 'temp_interface' build argument 'ament_cmake_args' from command line to 'None'
[0.426s] Level 5:colcon.colcon_core.verb:set package 'temp_interface' build argument 'catkin_cmake_args' from command line to 'None'
[0.426s] Level 5:colcon.colcon_core.verb:set package 'temp_interface' build argument 'catkin_skip_building_tests' from command line to 'False'
[0.426s] DEBUG:colcon.colcon_core.verb:Building package 'temp_interface' with the following arguments: {'ament_cmake_args': None, 'build_base': '/home/newir529/robotics-software-community/1-temperature-monitor/temp_ws/build/temp_interface', 'catkin_cmake_args': None, 'catkin_skip_building_tests': False, 'cmake_args': None, 'cmake_clean_cache': False, 'cmake_clean_first': False, 'cmake_force_configure': False, 'cmake_target': None, 'cmake_target_skip_unavailable': False, 'install_base': '/home/newir529/robotics-software-community/1-temperature-monitor/temp_ws/install/temp_interface', 'merge_install': False, 'path': '/home/newir529/robotics-software-community/1-temperature-monitor/temp_ws/src/temp_interface', 'symlink_install': False, 'test_result_base': None}
[0.426s] Level 5:colcon.colcon_core.verb:set package 'temp_client' build argument 'cmake_args' from command line to 'None'
[0.426s] Level 5:colcon.colcon_core.verb:set package 'temp_client' build argument 'cmake_target' from command line to 'None'
[0.426s] Level 5:colcon.colcon_core.verb:set package 'temp_client' build argument 'cmake_target_skip_unavailable' from command line to 'False'
[0.426s] Level 5:colcon.colcon_core.verb:set package 'temp_client' build argument 'cmake_clean_cache' from command line to 'False'
[0.426s] Level 5:colcon.colcon_core.verb:set package 'temp_client' build argument 'cmake_clean_first' from command line to 'False'
[0.426s] Level 5:colcon.colcon_core.verb:set package 'temp_client' build argument 'cmake_force_configure' from command line to 'False'
[0.426s] Level 5:colcon.colcon_core.verb:set package 'temp_client' build argument 'ament_cmake_args' from command line to 'None'
[0.426s] Level 5:colcon.colcon_core.verb:set package 'temp_client' build argument 'catkin_cmake_args' from command line to 'None'
[0.426s] Level 5:colcon.colcon_core.verb:set package 'temp_client' build argument 'catkin_skip_building_tests' from command line to 'False'
[0.426s] DEBUG:colcon.colcon_core.verb:Building package 'temp_client' with the following arguments: {'ament_cmake_args': None, 'build_base': '/home/newir529/robotics-software-community/1-temperature-monitor/temp_ws/build/temp_client', 'catkin_cmake_args': None, 'catkin_skip_building_tests': False, 'cmake_args': None, 'cmake_clean_cache': False, 'cmake_clean_first': False, 'cmake_force_configure': False, 'cmake_target': None, 'cmake_target_skip_unavailable': False, 'install_base': '/home/newir529/robotics-software-community/1-temperature-monitor/temp_ws/install/temp_client', 'merge_install': False, 'path': '/home/newir529/robotics-software-community/1-temperature-monitor/temp_ws/src/temp_client', 'symlink_install': False, 'test_result_base': None}
[0.427s] INFO:colcon.colcon_core.executor:Executing jobs using 'parallel' executor
[0.428s] DEBUG:colcon.colcon_parallel_executor.executor.parallel:run_until_complete
[0.428s] INFO:colcon.colcon_ros.task.ament_cmake.build:Building ROS package in '/home/newir529/robotics-software-community/1-temperature-monitor/temp_ws/src/temp_interface' with build type 'ament_cmake'
[0.428s] INFO:colcon.colcon_cmake.task.cmake.build:Building CMake package in '/home/newir529/robotics-software-community/1-temperature-monitor/temp_ws/src/temp_interface'
[0.431s] INFO:colcon.colcon_core.plugin_system:Skipping extension 'colcon_core.shell.bat': Not used on non-Windows systems
[0.431s] INFO:colcon.colcon_core.shell:Skip shell extension 'powershell' for command environment: Not usable outside of PowerShell
[0.431s] DEBUG:colcon.colcon_core.shell:Skip shell extension 'dsv' for command environment
[0.446s] DEBUG:colcon.colcon_core.event_handler.log_command:Invoking command in '/home/newir529/robotics-software-community/1-temperature-monitor/temp_ws/build/temp_interface': CMAKE_PREFIX_PATH=${CMAKE_PREFIX_PATH}:/opt/ros/jazzy DEBUGINFOD_URLS=https://debuginfod.ubuntu.com /usr/bin/cmake /home/newir529/robotics-software-community/1-temperature-monitor/temp_ws/src/temp_interface -DCMAKE_INSTALL_PREFIX=/home/newir529/robotics-software-community/1-temperature-monitor/temp_ws/install/temp_interface
[6.786s] DEBUG:colcon.colcon_core.event_handler.log_command:Invoked command in '/home/newir529/robotics-software-community/1-temperature-monitor/temp_ws/build/temp_interface' returned '0': CMAKE_PREFIX_PATH=${CMAKE_PREFIX_PATH}:/opt/ros/jazzy DEBUGINFOD_URLS=https://debuginfod.ubuntu.com /usr/bin/cmake /home/newir529/robotics-software-community/1-temperature-monitor/temp_ws/src/temp_interface -DCMAKE_INSTALL_PREFIX=/home/newir529/robotics-software-community/1-temperature-monitor/temp_ws/install/temp_interface
[6.787s] DEBUG:colcon.colcon_core.event_handler.log_command:Invoking command in '/home/newir529/robotics-software-community/1-temperature-monitor/temp_ws/build/temp_interface': CMAKE_PREFIX_PATH=${CMAKE_PREFIX_PATH}:/opt/ros/jazzy DEBUGINFOD_URLS=https://debuginfod.ubuntu.com /usr/bin/cmake --build /home/newir529/robotics-software-community/1-temperature-monitor/temp_ws/build/temp_interface -- -j8 -l8
[12.640s] DEBUG:colcon.colcon_core.event_handler.log_command:Invoked command in '/home/newir529/robotics-software-community/1-temperature-monitor/temp_ws/build/temp_interface' returned '0': CMAKE_PREFIX_PATH=${CMAKE_PREFIX_PATH}:/opt/ros/jazzy DEBUGINFOD_URLS=https://debuginfod.ubuntu.com /usr/bin/cmake --build /home/newir529/robotics-software-community/1-temperature-monitor/temp_ws/build/temp_interface -- -j8 -l8
[12.659s] DEBUG:colcon.colcon_core.event_handler.log_command:Invoking command in '/home/newir529/robotics-software-community/1-temperature-monitor/temp_ws/build/temp_interface': CMAKE_PREFIX_PATH=${CMAKE_PREFIX_PATH}:/opt/ros/jazzy DEBUGINFOD_URLS=https://debuginfod.ubuntu.com /usr/bin/cmake --install /home/newir529/robotics-software-community/1-temperature-monitor/temp_ws/build/temp_interface
[12.838s] Level 1:colcon.colcon_core.environment:create_environment_scripts_only(temp_interface)
[12.838s] DEBUG:colcon.colcon_core.event_handler.log_command:Invoked command in '/home/newir529/robotics-software-community/1-temperature-monitor/temp_ws/build/temp_interface' returned '0': CMAKE_PREFIX_PATH=${CMAKE_PREFIX_PATH}:/opt/ros/jazzy DEBUGINFOD_URLS=https://debuginfod.ubuntu.com /usr/bin/cmake --install /home/newir529/robotics-software-community/1-temperature-monitor/temp_ws/build/temp_interface
[12.846s] Level 1:colcon.colcon_core.environment:checking '/home/newir529/robotics-software-community/1-temperature-monitor/temp_ws/install/temp_interface' for CMake module files
[12.848s] Level 1:colcon.colcon_core.environment:checking '/home/newir529/robotics-software-community/1-temperature-monitor/temp_ws/install/temp_interface' for CMake config files
[12.849s] Level 1:colcon.colcon_core.shell:create_environment_hook('temp_interface', 'cmake_prefix_path')
[12.850s] INFO:colcon.colcon_core.shell:Creating environment hook '/home/newir529/robotics-software-community/1-temperature-monitor/temp_ws/install/temp_interface/share/temp_interface/hook/cmake_prefix_path.ps1'
[12.851s] INFO:colcon.colcon_core.shell:Creating environment descriptor '/home/newir529/robotics-software-community/1-temperature-monitor/temp_ws/install/temp_interface/share/temp_interface/hook/cmake_prefix_path.dsv'
[12.852s] INFO:colcon.colcon_core.shell:Creating environment hook '/home/newir529/robotics-software-community/1-temperature-monitor/temp_ws/install/temp_interface/share/temp_interface/hook/cmake_prefix_path.sh'
[12.853s] Level 1:colcon.colcon_core.environment:checking '/home/newir529/robotics-software-community/1-temperature-monitor/temp_ws/install/temp_interface/lib'
[12.854s] Level 1:colcon.colcon_core.shell:create_environment_hook('temp_interface', 'ld_library_path_lib')
[12.854s] INFO:colcon.colcon_core.shell:Creating environment hook '/home/newir529/robotics-software-community/1-temperature-monitor/temp_ws/install/temp_interface/share/temp_interface/hook/ld_library_path_lib.ps1'
[12.855s] INFO:colcon.colcon_core.shell:Creating environment descriptor '/home/newir529/robotics-software-community/1-temperature-monitor/temp_ws/install/temp_interface/share/temp_interface/hook/ld_library_path_lib.dsv'
[12.855s] INFO:colcon.colcon_core.shell:Creating environment hook '/home/newir529/robotics-software-community/1-temperature-monitor/temp_ws/install/temp_interface/share/temp_interface/hook/ld_library_path_lib.sh'
[12.857s] Level 1:colcon.colcon_core.environment:checking '/home/newir529/robotics-software-community/1-temperature-monitor/temp_ws/install/temp_interface/bin'
[12.858s] Level 1:colcon.colcon_core.environment:checking '/home/newir529/robotics-software-community/1-temperature-monitor/temp_ws/install/temp_interface/lib/pkgconfig/temp_interface.pc'
[12.858s] Level 1:colcon.colcon_core.environment:checking '/home/newir529/robotics-software-community/1-temperature-monitor/temp_ws/install/temp_interface/lib/python3.12/site-packages'
[12.859s] Level 1:colcon.colcon_core.shell:create_environment_hook('temp_interface', 'pythonpath')
[12.859s] INFO:colcon.colcon_core.shell:Creating environment hook '/home/newir529/robotics-software-community/1-temperature-monitor/temp_ws/install/temp_interface/share/temp_interface/hook/pythonpath.ps1'
[12.860s] INFO:colcon.colcon_core.shell:Creating environment descriptor '/home/newir529/robotics-software-community/1-temperature-monitor/temp_ws/install/temp_interface/share/temp_interface/hook/pythonpath.dsv'
[12.861s] INFO:colcon.colcon_core.shell:Creating environment hook '/home/newir529/robotics-software-community/1-temperature-monitor/temp_ws/install/temp_interface/share/temp_interface/hook/pythonpath.sh'
[12.862s] Level 1:colcon.colcon_core.environment:checking '/home/newir529/robotics-software-community/1-temperature-monitor/temp_ws/install/temp_interface/bin'
[12.863s] INFO:colcon.colcon_core.shell:Creating package script '/home/newir529/robotics-software-community/1-temperature-monitor/temp_ws/install/temp_interface/share/temp_interface/package.ps1'
[12.865s] INFO:colcon.colcon_core.shell:Creating package descriptor '/home/newir529/robotics-software-community/1-temperature-monitor/temp_ws/install/temp_interface/share/temp_interface/package.dsv'
[12.866s] INFO:colcon.colcon_core.shell:Creating package script '/home/newir529/robotics-software-community/1-temperature-monitor/temp_ws/install/temp_interface/share/temp_interface/package.sh'
[12.868s] INFO:colcon.colcon_core.shell:Creating package script '/home/newir529/robotics-software-community/1-temperature-monitor/temp_ws/install/temp_interface/share/temp_interface/package.bash'
[12.869s] INFO:colcon.colcon_core.shell:Creating package script '/home/newir529/robotics-software-community/1-temperature-monitor/temp_ws/install/temp_interface/share/temp_interface/package.zsh'
[12.871s] Level 1:colcon.colcon_core.environment:create_file_with_runtime_dependencies(/home/newir529/robotics-software-community/1-temperature-monitor/temp_ws/install/temp_interface/share/colcon-core/packages/temp_interface)
[12.872s] Level 1:colcon.colcon_core.environment:create_environment_scripts_only(temp_interface)
[12.873s] Level 1:colcon.colcon_core.environment:checking '/home/newir529/robotics-software-community/1-temperature-monitor/temp_ws/install/temp_interface' for CMake module files
[12.874s] Level 1:colcon.colcon_core.environment:checking '/home/newir529/robotics-software-community/1-temperature-monitor/temp_ws/install/temp_interface' for CMake config files
[12.876s] Level 1:colcon.colcon_core.shell:create_environment_hook('temp_interface', 'cmake_prefix_path')
[12.876s] INFO:colcon.colcon_core.shell:Creating environment hook '/home/newir529/robotics-software-community/1-temperature-monitor/temp_ws/install/temp_interface/share/temp_interface/hook/cmake_prefix_path.ps1'
[12.877s] INFO:colcon.colcon_core.shell:Creating environment descriptor '/home/newir529/robotics-software-community/1-temperature-monitor/temp_ws/install/temp_interface/share/temp_interface/hook/cmake_prefix_path.dsv'
[12.878s] INFO:colcon.colcon_core.shell:Creating environment hook '/home/newir529/robotics-software-community/1-temperature-monitor/temp_ws/install/temp_interface/share/temp_interface/hook/cmake_prefix_path.sh'
[12.879s] Level 1:colcon.colcon_core.environment:checking '/home/newir529/robotics-software-community/1-temperature-monitor/temp_ws/install/temp_interface/lib'
[12.879s] Level 1:colcon.colcon_core.shell:create_environment_hook('temp_interface', 'ld_library_path_lib')
[12.880s] INFO:colcon.colcon_core.shell:Creating environment hook '/home/newir529/robotics-software-community/1-temperature-monitor/temp_ws/install/temp_interface/share/temp_interface/hook/ld_library_path_lib.ps1'
[12.881s] INFO:colcon.colcon_core.shell:Creating environment descriptor '/home/newir529/robotics-software-community/1-temperature-monitor/temp_ws/install/temp_interface/share/temp_interface/hook/ld_library_path_lib.dsv'
[12.882s] INFO:colcon.colcon_core.shell:Creating environment hook '/home/newir529/robotics-software-community/1-temperature-monitor/temp_ws/install/temp_interface/share/temp_interface/hook/ld_library_path_lib.sh'
[12.882s] Level 1:colcon.colcon_core.environment:checking '/home/newir529/robotics-software-community/1-temperature-monitor/temp_ws/install/temp_interface/bin'
[12.882s] Level 1:colcon.colcon_core.environment:checking '/home/newir529/robotics-software-community/1-temperature-monitor/temp_ws/install/temp_interface/lib/pkgconfig/temp_interface.pc'
[12.883s] Level 1:colcon.colcon_core.environment:checking '/home/newir529/robotics-software-community/1-temperature-monitor/temp_ws/install/temp_interface/lib/python3.12/site-packages'
[12.883s] Level 1:colcon.colcon_core.shell:create_environment_hook('temp_interface', 'pythonpath')
[12.884s] INFO:colcon.colcon_core.shell:Creating environment hook '/home/newir529/robotics-software-community/1-temperature-monitor/temp_ws/install/temp_interface/share/temp_interface/hook/pythonpath.ps1'
[12.884s] INFO:colcon.colcon_core.shell:Creating environment descriptor '/home/newir529/robotics-software-community/1-temperature-monitor/temp_ws/install/temp_interface/share/temp_interface/hook/pythonpath.dsv'
[12.885s] INFO:colcon.colcon_core.shell:Creating environment hook '/home/newir529/robotics-software-community/1-temperature-monitor/temp_ws/install/temp_interface/share/temp_interface/hook/pythonpath.sh'
[12.886s] Level 1:colcon.colcon_core.environment:checking '/home/newir529/robotics-software-community/1-temperature-monitor/temp_ws/install/temp_interface/bin'
[12.886s] INFO:colcon.colcon_core.shell:Creating package script '/home/newir529/robotics-software-community/1-temperature-monitor/temp_ws/install/temp_interface/share/temp_interface/package.ps1'
[12.887s] INFO:colcon.colcon_core.shell:Creating package descriptor '/home/newir529/robotics-software-community/1-temperature-monitor/temp_ws/install/temp_interface/share/temp_interface/package.dsv'
[12.888s] INFO:colcon.colcon_core.shell:Creating package script '/home/newir529/robotics-software-community/1-temperature-monitor/temp_ws/install/temp_interface/share/temp_interface/package.sh'
[12.889s] INFO:colcon.colcon_core.shell:Creating package script '/home/newir529/robotics-software-community/1-temperature-monitor/temp_ws/install/temp_interface/share/temp_interface/package.bash'
[12.889s] INFO:colcon.colcon_core.shell:Creating package script '/home/newir529/robotics-software-community/1-temperature-monitor/temp_ws/install/temp_interface/share/temp_interface/package.zsh'
[12.890s] Level 1:colcon.colcon_core.environment:create_file_with_runtime_dependencies(/home/newir529/robotics-software-community/1-temperature-monitor/temp_ws/install/temp_interface/share/colcon-core/packages/temp_interface)
[12.891s] INFO:colcon.colcon_ros.task.ament_python.build:Building ROS package in '/home/newir529/robotics-software-community/1-temperature-monitor/temp_ws/src/temp_client' with build type 'ament_python'
[12.891s] Level 1:colcon.colcon_core.shell:create_environment_hook('temp_client', 'ament_prefix_path')
[12.891s] INFO:colcon.colcon_core.shell:Creating environment hook '/home/newir529/robotics-software-community/1-temperature-monitor/temp_ws/install/temp_client/share/temp_client/hook/ament_prefix_path.ps1'
[12.893s] INFO:colcon.colcon_core.shell:Creating environment descriptor '/home/newir529/robotics-software-community/1-temperature-monitor/temp_ws/install/temp_client/share/temp_client/hook/ament_prefix_path.dsv'
[12.894s] INFO:colcon.colcon_core.shell:Creating environment hook '/home/newir529/robotics-software-community/1-temperature-monitor/temp_ws/install/temp_client/share/temp_client/hook/ament_prefix_path.sh'
[12.895s] INFO:colcon.colcon_core.shell:Skip shell extension 'powershell' for command environment: Not usable outside of PowerShell
[12.895s] DEBUG:colcon.colcon_core.shell:Skip shell extension 'dsv' for command environment
[13.453s] INFO:colcon.colcon_core.task.python.build:Building Python package in '/home/newir529/robotics-software-community/1-temperature-monitor/temp_ws/src/temp_client'
[13.453s] INFO:colcon.colcon_core.shell:Skip shell extension 'powershell' for command environment: Not usable outside of PowerShell
[13.453s] DEBUG:colcon.colcon_core.shell:Skip shell extension 'dsv' for command environment
[15.172s] DEBUG:colcon.colcon_core.event_handler.log_command:Invoking command in '/home/newir529/robotics-software-community/1-temperature-monitor/temp_ws/src/temp_client': DEBUGINFOD_URLS=https://debuginfod.ubuntu.com PYTHONPATH=/home/newir529/robotics-software-community/1-temperature-monitor/temp_ws/build/temp_client/prefix_override:/usr/lib/python3/dist-packages/colcon_core/task/python/colcon_distutils_commands:/home/newir529/robotics-software-community/1-temperature-monitor/temp_ws/install/temp_client/lib/python3.12/site-packages:${PYTHONPATH} /usr/bin/python3 -W ignore:setup.py install is deprecated -W ignore:easy_install command is deprecated setup.py egg_info --egg-base ../../build/temp_client build --build-base /home/newir529/robotics-software-community/1-temperature-monitor/temp_ws/build/temp_client/build install --record /home/newir529/robotics-software-community/1-temperature-monitor/temp_ws/build/temp_client/install.log --single-version-externally-managed install_data
[16.416s] Level 1:colcon.colcon_core.environment:checking '/home/newir529/robotics-software-community/1-temperature-monitor/temp_ws/install/temp_client' for CMake module files
[16.417s] DEBUG:colcon.colcon_core.event_handler.log_command:Invoked command in '/home/newir529/robotics-software-community/1-temperature-monitor/temp_ws/src/temp_client' returned '0': DEBUGINFOD_URLS=https://debuginfod.ubuntu.com PYTHONPATH=/home/newir529/robotics-software-community/1-temperature-monitor/temp_ws/build/temp_client/prefix_override:/usr/lib/python3/dist-packages/colcon_core/task/python/colcon_distutils_commands:/home/newir529/robotics-software-community/1-temperature-monitor/temp_ws/install/temp_client/lib/python3.12/site-packages:${PYTHONPATH} /usr/bin/python3 -W ignore:setup.py install is deprecated -W ignore:easy_install command is deprecated setup.py egg_info --egg-base ../../build/temp_client build --build-base /home/newir529/robotics-software-community/1-temperature-monitor/temp_ws/build/temp_client/build install --record /home/newir529/robotics-software-community/1-temperature-monitor/temp_ws/build/temp_client/install.log --single-version-externally-managed install_data
[16.418s] Level 1:colcon.colcon_core.environment:checking '/home/newir529/robotics-software-community/1-temperature-monitor/temp_ws/install/temp_client' for CMake config files
[16.419s] Level 1:colcon.colcon_core.environment:checking '/home/newir529/robotics-software-community/1-temperature-monitor/temp_ws/install/temp_client/lib'
[16.419s] Level 1:colcon.colcon_core.environment:checking '/home/newir529/robotics-software-community/1-temperature-monitor/temp_ws/install/temp_client/bin'
[16.419s] Level 1:colcon.colcon_core.environment:checking '/home/newir529/robotics-software-community/1-temperature-monitor/temp_ws/install/temp_client/lib/pkgconfig/temp_client.pc'
[16.420s] Level 1:colcon.colcon_core.environment:checking '/home/newir529/robotics-software-community/1-temperature-monitor/temp_ws/install/temp_client/lib/python3.12/site-packages'
[16.420s] Level 1:colcon.colcon_core.shell:create_environment_hook('temp_client', 'pythonpath')
[16.422s] INFO:colcon.colcon_core.shell:Creating environment hook '/home/newir529/robotics-software-community/1-temperature-monitor/temp_ws/install/temp_client/share/temp_client/hook/pythonpath.ps1'
[16.423s] INFO:colcon.colcon_core.shell:Creating environment descriptor '/home/newir529/robotics-software-community/1-temperature-monitor/temp_ws/install/temp_client/share/temp_client/hook/pythonpath.dsv'
[16.424s] INFO:colcon.colcon_core.shell:Creating environment hook '/home/newir529/robotics-software-community/1-temperature-monitor/temp_ws/install/temp_client/share/temp_client/hook/pythonpath.sh'
[16.425s] Level 1:colcon.colcon_core.environment:checking '/home/newir529/robotics-software-community/1-temperature-monitor/temp_ws/install/temp_client/bin'
[16.425s] Level 1:colcon.colcon_core.environment:create_environment_scripts_only(temp_client)
[16.426s] INFO:colcon.colcon_core.shell:Creating package script '/home/newir529/robotics-software-community/1-temperature-monitor/temp_ws/install/temp_client/share/temp_client/package.ps1'
[16.427s] INFO:colcon.colcon_core.shell:Creating package descriptor '/home/newir529/robotics-software-community/1-temperature-monitor/temp_ws/install/temp_client/share/temp_client/package.dsv'
[16.428s] INFO:colcon.colcon_core.shell:Creating package script '/home/newir529/robotics-software-community/1-temperature-monitor/temp_ws/install/temp_client/share/temp_client/package.sh'
[16.428s] INFO:colcon.colcon_core.shell:Creating package script '/home/newir529/robotics-software-community/1-temperature-monitor/temp_ws/install/temp_client/share/temp_client/package.bash'
[16.429s] INFO:colcon.colcon_core.shell:Creating package script '/home/newir529/robotics-software-community/1-temperature-monitor/temp_ws/install/temp_client/share/temp_client/package.zsh'
[16.430s] Level 1:colcon.colcon_core.environment:create_file_with_runtime_dependencies(/home/newir529/robotics-software-community/1-temperature-monitor/temp_ws/install/temp_client/share/colcon-core/packages/temp_client)
[16.438s] DEBUG:colcon.colcon_parallel_executor.executor.parallel:closing loop
[16.439s] DEBUG:colcon.colcon_parallel_executor.executor.parallel:loop closed
[16.441s] DEBUG:colcon.colcon_parallel_executor.executor.parallel:run_until_complete finished with '0'
[16.441s] DEBUG:colcon.colcon_core.event_reactor:joining thread
[16.453s] INFO:colcon.colcon_core.plugin_system:Skipping extension 'colcon_notification.desktop_notification.terminal_notifier': Not used on non-Darwin systems
[16.453s] INFO:colcon.colcon_core.plugin_system:Skipping extension 'colcon_notification.desktop_notification.win32': Not used on non-Windows systems
[16.453s] INFO:colcon.colcon_notification.desktop_notification:Sending desktop notification using 'notify2'
[16.482s] DEBUG:colcon.colcon_core.event_reactor:joined thread
[16.482s] INFO:colcon.colcon_core.shell:Creating prefix script '/home/newir529/robotics-software-community/1-temperature-monitor/temp_ws/install/local_setup.ps1'
[16.484s] INFO:colcon.colcon_core.shell:Creating prefix util module '/home/newir529/robotics-software-community/1-temperature-monitor/temp_ws/install/_local_setup_util_ps1.py'
[16.486s] INFO:colcon.colcon_core.shell:Creating prefix chain script '/home/newir529/robotics-software-community/1-temperature-monitor/temp_ws/install/setup.ps1'
[16.488s] INFO:colcon.colcon_core.shell:Creating prefix script '/home/newir529/robotics-software-community/1-temperature-monitor/temp_ws/install/local_setup.sh'
[16.489s] INFO:colcon.colcon_core.shell:Creating prefix util module '/home/newir529/robotics-software-community/1-temperature-monitor/temp_ws/install/_local_setup_util_sh.py'
[16.490s] INFO:colcon.colcon_core.shell:Creating prefix chain script '/home/newir529/robotics-software-community/1-temperature-monitor/temp_ws/install/setup.sh'
[16.491s] INFO:colcon.colcon_core.shell:Creating prefix script '/home/newir529/robotics-software-community/1-temperature-monitor/temp_ws/install/local_setup.bash'
[16.492s] INFO:colcon.colcon_core.shell:Creating prefix chain script '/home/newir529/robotics-software-community/1-temperature-monitor/temp_ws/install/setup.bash'
[16.495s] INFO:colcon.colcon_core.shell:Creating prefix script '/home/newir529/robotics-software-community/1-temperature-monitor/temp_ws/install/local_setup.zsh'
[16.496s] INFO:colcon.colcon_core.shell:Creating prefix chain script '/home/newir529/robotics-software-community/1-temperature-monitor/temp_ws/install/setup.zsh'
