[0.018s] Invoking command in '/home/newir529/robotics-software-community/1-temperature-monitor/temp_ws/build/temp_interface': CMAKE_PREFIX_PATH=${CMAKE_PREFIX_PATH}:/opt/ros/jazzy DEBUGINFOD_URLS=https://debuginfod.ubuntu.com /usr/bin/cmake /home/newir529/robotics-software-community/1-temperature-monitor/temp_ws/src/temp_interface -DCMAKE_INSTALL_PREFIX=/home/newir529/robotics-software-community/1-temperature-monitor/temp_ws/install/temp_interface
[0.139s] -- The C compiler identification is GNU 13.3.0
[0.254s] -- The CXX compiler identification is GNU 13.3.0
[0.283s] -- Detecting C compiler ABI info
[0.448s] -- Detecting C compiler ABI info - done
[0.485s] -- Check for working C compiler: /usr/bin/cc - skipped
[0.486s] -- Detecting C compile features
[0.487s] -- Detecting C compile features - done
[0.504s] -- Detecting CXX compiler ABI info
[0.696s] -- Detecting CXX compiler ABI info - done
[0.714s] -- Check for working CXX compiler: /usr/bin/c++ - skipped
[0.714s] -- Detecting CXX compile features
[0.715s] -- Detecting CXX compile features - done
[0.733s] -- Found ament_cmake: 2.5.4 (/opt/ros/jazzy/share/ament_cmake/cmake)
[1.018s] -- Found Python3: /usr/bin/python3 (found version "3.12.3") found components: Interpreter 
[1.230s] -- Found rosidl_default_generators: 1.6.0 (/opt/ros/jazzy/share/rosidl_default_generators/cmake)
[1.239s] -- Using all available rosidl_typesupport_c: rosidl_typesupport_fastrtps_c;rosidl_typesupport_introspection_c
[1.403s] -- Using all available rosidl_typesupport_cpp: rosidl_typesupport_fastrtps_cpp;rosidl_typesupport_introspection_cpp
[1.520s] -- Found rosidl_adapter: 4.6.6 (/opt/ros/jazzy/share/rosidl_adapter/cmake)
[1.532s] -- Found std_msgs: 5.3.6 (/opt/ros/jazzy/share/std_msgs/cmake)
[2.833s] -- Found ament_cmake_ros: 0.12.0 (/opt/ros/jazzy/share/ament_cmake_ros/cmake)
[3.737s] -- Using all available rosidl_typesupport_c: rosidl_typesupport_fastrtps_c;rosidl_typesupport_introspection_c
[4.944s] -- Using all available rosidl_typesupport_cpp: rosidl_typesupport_fastrtps_cpp;rosidl_typesupport_introspection_cpp
[4.959s] -- Found python_cmake_module: 0.11.1 (/opt/ros/jazzy/share/python_cmake_module/cmake)
[5.211s] -- Found PythonExtra: /usr/bin/python3  
[6.077s] -- Found Python3: /usr/bin/python3 (found version "3.12.3") found components: Interpreter Development NumPy Development.Module Development.Embed 
[6.181s] -- Found ament_lint_auto: 0.17.3 (/opt/ros/jazzy/share/ament_lint_auto/cmake)
[6.214s] -- Added test 'lint_cmake' to check CMake code style
[6.216s] -- Added test 'xmllint' to check XML markup files
[6.222s] -- Configuring done (6.2s)
[6.309s] -- Generating done (0.1s)
[6.332s] -- Build files have been written to: /home/newir529/robotics-software-community/1-temperature-monitor/temp_ws/build/temp_interface
[6.357s] Invoked command in '/home/newir529/robotics-software-community/1-temperature-monitor/temp_ws/build/temp_interface' returned '0': CMAKE_PREFIX_PATH=${CMAKE_PREFIX_PATH}:/opt/ros/jazzy DEBUGINFOD_URLS=https://debuginfod.ubuntu.com /usr/bin/cmake /home/newir529/robotics-software-community/1-temperature-monitor/temp_ws/src/temp_interface -DCMAKE_INSTALL_PREFIX=/home/newir529/robotics-software-community/1-temperature-monitor/temp_ws/install/temp_interface
[6.358s] Invoking command in '/home/newir529/robotics-software-community/1-temperature-monitor/temp_ws/build/temp_interface': CMAKE_PREFIX_PATH=${CMAKE_PREFIX_PATH}:/opt/ros/jazzy DEBUGINFOD_URLS=https://debuginfod.ubuntu.com /usr/bin/cmake --build /home/newir529/robotics-software-community/1-temperature-monitor/temp_ws/build/temp_interface -- -j8 -l8
[6.455s] [  2%] [34m[1mGenerating type hashes for ROS interfaces[0m
[6.476s] [  2%] Built target ament_cmake_python_copy_temp_interface
[7.079s] running egg_info
[7.081s] creating temp_interface.egg-info
[7.089s] [  2%] Built target temp_interface__rosidl_generator_type_description
[7.111s] [  5%] [34m[1mGenerating C code for ROS interfaces[0m
[7.125s] [  8%] [34m[1mGenerating C++ code for ROS interfaces[0m
[7.129s] writing temp_interface.egg-info/PKG-INFO
[7.129s] writing dependency_links to temp_interface.egg-info/dependency_links.txt
[7.130s] writing top-level names to temp_interface.egg-info/top_level.txt
[7.422s] writing manifest file 'temp_interface.egg-info/SOURCES.txt'
[7.605s] reading manifest file 'temp_interface.egg-info/SOURCES.txt'
[7.609s] writing manifest file 'temp_interface.egg-info/SOURCES.txt'
[7.673s] [  8%] Built target ament_cmake_python_build_temp_interface_egg
[7.824s] [  8%] Built target temp_interface__cpp
[7.855s] [ 11%] [32mBuilding C object CMakeFiles/temp_interface__rosidl_generator_c.dir/rosidl_generator_c/temp_interface/msg/detail/temperature__type_support.c.o[0m
[7.856s] [ 14%] [32mBuilding C object CMakeFiles/temp_interface__rosidl_generator_c.dir/rosidl_generator_c/temp_interface/msg/detail/temperature__description.c.o[0m
[7.856s] [ 17%] [32mBuilding C object CMakeFiles/temp_interface__rosidl_generator_c.dir/rosidl_generator_c/temp_interface/msg/detail/temperature__functions.c.o[0m
[7.984s] [ 20%] [32m[1mLinking C shared library libtemp_interface__rosidl_generator_c.so[0m
[8.051s] [ 20%] Built target temp_interface__rosidl_generator_c
[8.077s] [ 23%] [34m[1mGenerating C++ type support dispatch for ROS interfaces[0m
[8.081s] [ 26%] [34m[1mGenerating C type support for eProsima Fast-RTPS[0m
[8.082s] [ 29%] [34m[1mGenerating C++ type support for eProsima Fast-RTPS[0m
[8.083s] [ 32%] [34m[1mGenerating C type support dispatch for ROS interfaces[0m
[8.084s] [ 35%] [34m[1mGenerating C++ introspection for ROS interfaces[0m
[8.102s] [ 38%] [34m[1mGenerating C introspection for ROS interfaces[0m
[8.932s] [ 41%] [32mBuilding CXX object CMakeFiles/temp_interface__rosidl_typesupport_introspection_cpp.dir/rosidl_typesupport_introspection_cpp/temp_interface/msg/detail/temperature__type_support.cpp.o[0m
[8.951s] [ 44%] [32mBuilding CXX object CMakeFiles/temp_interface__rosidl_typesupport_c.dir/rosidl_typesupport_c/temp_interface/msg/temperature__type_support.cpp.o[0m
[8.998s] [ 47%] [32mBuilding CXX object CMakeFiles/temp_interface__rosidl_typesupport_fastrtps_cpp.dir/rosidl_typesupport_fastrtps_cpp/temp_interface/msg/detail/dds_fastrtps/temperature__type_support.cpp.o[0m
[9.112s] [ 50%] [32mBuilding CXX object CMakeFiles/temp_interface__rosidl_typesupport_cpp.dir/rosidl_typesupport_cpp/temp_interface/msg/temperature__type_support.cpp.o[0m
[9.121s] [ 52%] [32m[1mLinking CXX shared library libtemp_interface__rosidl_typesupport_c.so[0m
[9.181s] [ 55%] [32mBuilding C object CMakeFiles/temp_interface__rosidl_typesupport_introspection_c.dir/rosidl_typesupport_introspection_c/temp_interface/msg/detail/temperature__type_support.c.o[0m
[9.228s] [ 55%] Built target temp_interface__rosidl_typesupport_c
[9.282s] [ 58%] [32mBuilding CXX object CMakeFiles/temp_interface__rosidl_typesupport_fastrtps_c.dir/rosidl_typesupport_fastrtps_c/temp_interface/msg/detail/temperature__type_support_c.cpp.o[0m
[9.325s] [ 61%] [32m[1mLinking C shared library libtemp_interface__rosidl_typesupport_introspection_c.so[0m
[9.451s] [ 61%] Built target temp_interface__rosidl_typesupport_introspection_c
[9.942s] [ 64%] [32m[1mLinking CXX shared library libtemp_interface__rosidl_typesupport_introspection_cpp.so[0m
[9.945s] [ 67%] [32m[1mLinking CXX shared library libtemp_interface__rosidl_typesupport_cpp.so[0m
[10.057s] [ 67%] Built target temp_interface__rosidl_typesupport_cpp
[10.122s] [ 67%] Built target temp_interface__rosidl_typesupport_introspection_cpp
[10.356s] [ 70%] [32m[1mLinking CXX shared library libtemp_interface__rosidl_typesupport_fastrtps_cpp.so[0m
[10.470s] [ 73%] [32m[1mLinking CXX shared library libtemp_interface__rosidl_typesupport_fastrtps_c.so[0m
[10.503s] [ 73%] Built target temp_interface__rosidl_typesupport_fastrtps_cpp
[10.577s] [ 73%] Built target temp_interface__rosidl_typesupport_fastrtps_c
[10.623s] [ 73%] Built target temp_interface
[10.661s] [ 76%] [34m[1mGenerating Python code for ROS interfaces[0m
[11.378s] [ 76%] Built target temp_interface__py
[11.420s] [ 79%] [32mBuilding C object CMakeFiles/temp_interface__rosidl_generator_py.dir/rosidl_generator_py/temp_interface/msg/_temperature_s.c.o[0m
[11.720s] [ 82%] [32m[1mLinking C shared library libtemp_interface__rosidl_generator_py.so[0m
[11.799s] [ 82%] Built target temp_interface__rosidl_generator_py
[11.844s] [ 88%] [32mBuilding C object CMakeFiles/temp_interface_s__rosidl_typesupport_introspection_c.dir/rosidl_generator_py/temp_interface/_temp_interface_s.ep.rosidl_typesupport_introspection_c.c.o[0m
[11.844s] [ 88%] [32mBuilding C object CMakeFiles/temp_interface_s__rosidl_typesupport_fastrtps_c.dir/rosidl_generator_py/temp_interface/_temp_interface_s.ep.rosidl_typesupport_fastrtps_c.c.o[0m
[11.845s] [ 91%] [32mBuilding C object CMakeFiles/temp_interface_s__rosidl_typesupport_c.dir/rosidl_generator_py/temp_interface/_temp_interface_s.ep.rosidl_typesupport_c.c.o[0m
[12.088s] [ 94%] [32m[1mLinking C shared module rosidl_generator_py/temp_interface/temp_interface_s__rosidl_typesupport_introspection_c.so[0m
[12.093s] [ 97%] [32m[1mLinking C shared module rosidl_generator_py/temp_interface/temp_interface_s__rosidl_typesupport_c.so[0m
[12.097s] [100%] [32m[1mLinking C shared module rosidl_generator_py/temp_interface/temp_interface_s__rosidl_typesupport_fastrtps_c.so[0m
[12.169s] [100%] Built target temp_interface_s__rosidl_typesupport_introspection_c
[12.174s] [100%] Built target temp_interface_s__rosidl_typesupport_c
[12.182s] [100%] Built target temp_interface_s__rosidl_typesupport_fastrtps_c
[12.211s] Invoked command in '/home/newir529/robotics-software-community/1-temperature-monitor/temp_ws/build/temp_interface' returned '0': CMAKE_PREFIX_PATH=${CMAKE_PREFIX_PATH}:/opt/ros/jazzy DEBUGINFOD_URLS=https://debuginfod.ubuntu.com /usr/bin/cmake --build /home/newir529/robotics-software-community/1-temperature-monitor/temp_ws/build/temp_interface -- -j8 -l8
[12.231s] Invoking command in '/home/newir529/robotics-software-community/1-temperature-monitor/temp_ws/build/temp_interface': CMAKE_PREFIX_PATH=${CMAKE_PREFIX_PATH}:/opt/ros/jazzy DEBUGINFOD_URLS=https://debuginfod.ubuntu.com /usr/bin/cmake --install /home/newir529/robotics-software-community/1-temperature-monitor/temp_ws/build/temp_interface
[12.246s] -- Install configuration: ""
[12.246s] -- Installing: /home/newir529/robotics-software-community/1-temperature-monitor/temp_ws/install/temp_interface/share/ament_index/resource_index/rosidl_interfaces/temp_interface
[12.247s] -- Installing: /home/newir529/robotics-software-community/1-temperature-monitor/temp_ws/install/temp_interface/share/temp_interface/msg/Temperature.json
[12.247s] -- Installing: /home/newir529/robotics-software-community/1-temperature-monitor/temp_ws/install/temp_interface/include/temp_interface/temp_interface
[12.247s] -- Installing: /home/newir529/robotics-software-community/1-temperature-monitor/temp_ws/install/temp_interface/include/temp_interface/temp_interface/msg
[12.248s] -- Installing: /home/newir529/robotics-software-community/1-temperature-monitor/temp_ws/install/temp_interface/include/temp_interface/temp_interface/msg/temperature.h
[12.248s] -- Installing: /home/newir529/robotics-software-community/1-temperature-monitor/temp_ws/install/temp_interface/include/temp_interface/temp_interface/msg/detail
[12.248s] -- Installing: /home/newir529/robotics-software-community/1-temperature-monitor/temp_ws/install/temp_interface/include/temp_interface/temp_interface/msg/detail/temperature__type_support.h
[12.248s] -- Installing: /home/newir529/robotics-software-community/1-temperature-monitor/temp_ws/install/temp_interface/include/temp_interface/temp_interface/msg/detail/temperature__description.c
[12.248s] -- Installing: /home/newir529/robotics-software-community/1-temperature-monitor/temp_ws/install/temp_interface/include/temp_interface/temp_interface/msg/detail/temperature__functions.c
[12.249s] -- Installing: /home/newir529/robotics-software-community/1-temperature-monitor/temp_ws/install/temp_interface/include/temp_interface/temp_interface/msg/detail/temperature__functions.h
[12.249s] -- Installing: /home/newir529/robotics-software-community/1-temperature-monitor/temp_ws/install/temp_interface/include/temp_interface/temp_interface/msg/detail/temperature__type_support.c
[12.249s] -- Installing: /home/newir529/robotics-software-community/1-temperature-monitor/temp_ws/install/temp_interface/include/temp_interface/temp_interface/msg/detail/temperature__struct.h
[12.249s] -- Installing: /home/newir529/robotics-software-community/1-temperature-monitor/temp_ws/install/temp_interface/include/temp_interface/temp_interface/msg/rosidl_generator_c__visibility_control.h
[12.249s] -- Installing: /home/newir529/robotics-software-community/1-temperature-monitor/temp_ws/install/temp_interface/share/temp_interface/environment/library_path.sh
[12.250s] -- Installing: /home/newir529/robotics-software-community/1-temperature-monitor/temp_ws/install/temp_interface/share/temp_interface/environment/library_path.dsv
[12.250s] -- Installing: /home/newir529/robotics-software-community/1-temperature-monitor/temp_ws/install/temp_interface/lib/libtemp_interface__rosidl_generator_c.so
[12.251s] -- Set non-toolchain portion of runtime path of "/home/newir529/robotics-software-community/1-temperature-monitor/temp_ws/install/temp_interface/lib/libtemp_interface__rosidl_generator_c.so" to ""
[12.251s] -- Up-to-date: /home/newir529/robotics-software-community/1-temperature-monitor/temp_ws/install/temp_interface/include/temp_interface/temp_interface
[12.251s] -- Up-to-date: /home/newir529/robotics-software-community/1-temperature-monitor/temp_ws/install/temp_interface/include/temp_interface/temp_interface/msg
[12.251s] -- Installing: /home/newir529/robotics-software-community/1-temperature-monitor/temp_ws/install/temp_interface/include/temp_interface/temp_interface/msg/rosidl_typesupport_fastrtps_c__visibility_control.h
[12.252s] -- Up-to-date: /home/newir529/robotics-software-community/1-temperature-monitor/temp_ws/install/temp_interface/include/temp_interface/temp_interface/msg/detail
[12.252s] -- Installing: /home/newir529/robotics-software-community/1-temperature-monitor/temp_ws/install/temp_interface/include/temp_interface/temp_interface/msg/detail/temperature__rosidl_typesupport_fastrtps_c.h
[12.252s] -- Installing: /home/newir529/robotics-software-community/1-temperature-monitor/temp_ws/install/temp_interface/lib/libtemp_interface__rosidl_typesupport_fastrtps_c.so
[12.252s] -- Set non-toolchain portion of runtime path of "/home/newir529/robotics-software-community/1-temperature-monitor/temp_ws/install/temp_interface/lib/libtemp_interface__rosidl_typesupport_fastrtps_c.so" to ""
[12.253s] -- Up-to-date: /home/newir529/robotics-software-community/1-temperature-monitor/temp_ws/install/temp_interface/include/temp_interface/temp_interface
[12.253s] -- Up-to-date: /home/newir529/robotics-software-community/1-temperature-monitor/temp_ws/install/temp_interface/include/temp_interface/temp_interface/msg
[12.253s] -- Installing: /home/newir529/robotics-software-community/1-temperature-monitor/temp_ws/install/temp_interface/include/temp_interface/temp_interface/msg/rosidl_typesupport_introspection_c__visibility_control.h
[12.253s] -- Up-to-date: /home/newir529/robotics-software-community/1-temperature-monitor/temp_ws/install/temp_interface/include/temp_interface/temp_interface/msg/detail
[12.253s] -- Installing: /home/newir529/robotics-software-community/1-temperature-monitor/temp_ws/install/temp_interface/include/temp_interface/temp_interface/msg/detail/temperature__rosidl_typesupport_introspection_c.h
[12.253s] -- Installing: /home/newir529/robotics-software-community/1-temperature-monitor/temp_ws/install/temp_interface/include/temp_interface/temp_interface/msg/detail/temperature__type_support.c
[12.254s] -- Installing: /home/newir529/robotics-software-community/1-temperature-monitor/temp_ws/install/temp_interface/lib/libtemp_interface__rosidl_typesupport_introspection_c.so
[12.254s] -- Set non-toolchain portion of runtime path of "/home/newir529/robotics-software-community/1-temperature-monitor/temp_ws/install/temp_interface/lib/libtemp_interface__rosidl_typesupport_introspection_c.so" to ""
[12.255s] -- Installing: /home/newir529/robotics-software-community/1-temperature-monitor/temp_ws/install/temp_interface/lib/libtemp_interface__rosidl_typesupport_c.so
[12.255s] -- Set non-toolchain portion of runtime path of "/home/newir529/robotics-software-community/1-temperature-monitor/temp_ws/install/temp_interface/lib/libtemp_interface__rosidl_typesupport_c.so" to ""
[12.255s] -- Up-to-date: /home/newir529/robotics-software-community/1-temperature-monitor/temp_ws/install/temp_interface/include/temp_interface/temp_interface
[12.255s] -- Up-to-date: /home/newir529/robotics-software-community/1-temperature-monitor/temp_ws/install/temp_interface/include/temp_interface/temp_interface/msg
[12.255s] -- Installing: /home/newir529/robotics-software-community/1-temperature-monitor/temp_ws/install/temp_interface/include/temp_interface/temp_interface/msg/rosidl_generator_cpp__visibility_control.hpp
[12.256s] -- Up-to-date: /home/newir529/robotics-software-community/1-temperature-monitor/temp_ws/install/temp_interface/include/temp_interface/temp_interface/msg/detail
[12.256s] -- Installing: /home/newir529/robotics-software-community/1-temperature-monitor/temp_ws/install/temp_interface/include/temp_interface/temp_interface/msg/detail/temperature__builder.hpp
[12.256s] -- Installing: /home/newir529/robotics-software-community/1-temperature-monitor/temp_ws/install/temp_interface/include/temp_interface/temp_interface/msg/detail/temperature__traits.hpp
[12.256s] -- Installing: /home/newir529/robotics-software-community/1-temperature-monitor/temp_ws/install/temp_interface/include/temp_interface/temp_interface/msg/detail/temperature__struct.hpp
[12.256s] -- Installing: /home/newir529/robotics-software-community/1-temperature-monitor/temp_ws/install/temp_interface/include/temp_interface/temp_interface/msg/detail/temperature__type_support.hpp
[12.256s] -- Installing: /home/newir529/robotics-software-community/1-temperature-monitor/temp_ws/install/temp_interface/include/temp_interface/temp_interface/msg/temperature.hpp
[12.257s] -- Up-to-date: /home/newir529/robotics-software-community/1-temperature-monitor/temp_ws/install/temp_interface/include/temp_interface/temp_interface
[12.257s] -- Up-to-date: /home/newir529/robotics-software-community/1-temperature-monitor/temp_ws/install/temp_interface/include/temp_interface/temp_interface/msg
[12.257s] -- Installing: /home/newir529/robotics-software-community/1-temperature-monitor/temp_ws/install/temp_interface/include/temp_interface/temp_interface/msg/rosidl_typesupport_fastrtps_cpp__visibility_control.h
[12.258s] -- Up-to-date: /home/newir529/robotics-software-community/1-temperature-monitor/temp_ws/install/temp_interface/include/temp_interface/temp_interface/msg/detail
[12.258s] -- Installing: /home/newir529/robotics-software-community/1-temperature-monitor/temp_ws/install/temp_interface/include/temp_interface/temp_interface/msg/detail/temperature__rosidl_typesupport_fastrtps_cpp.hpp
[12.259s] -- Installing: /home/newir529/robotics-software-community/1-temperature-monitor/temp_ws/install/temp_interface/include/temp_interface/temp_interface/msg/detail/dds_fastrtps
[12.260s] -- Installing: /home/newir529/robotics-software-community/1-temperature-monitor/temp_ws/install/temp_interface/lib/libtemp_interface__rosidl_typesupport_fastrtps_cpp.so
[12.260s] -- Set non-toolchain portion of runtime path of "/home/newir529/robotics-software-community/1-temperature-monitor/temp_ws/install/temp_interface/lib/libtemp_interface__rosidl_typesupport_fastrtps_cpp.so" to ""
[12.261s] -- Up-to-date: /home/newir529/robotics-software-community/1-temperature-monitor/temp_ws/install/temp_interface/include/temp_interface/temp_interface
[12.261s] -- Up-to-date: /home/newir529/robotics-software-community/1-temperature-monitor/temp_ws/install/temp_interface/include/temp_interface/temp_interface/msg
[12.262s] -- Up-to-date: /home/newir529/robotics-software-community/1-temperature-monitor/temp_ws/install/temp_interface/include/temp_interface/temp_interface/msg/detail
[12.262s] -- Installing: /home/newir529/robotics-software-community/1-temperature-monitor/temp_ws/install/temp_interface/include/temp_interface/temp_interface/msg/detail/temperature__type_support.cpp
[12.262s] -- Installing: /home/newir529/robotics-software-community/1-temperature-monitor/temp_ws/install/temp_interface/include/temp_interface/temp_interface/msg/detail/temperature__rosidl_typesupport_introspection_cpp.hpp
[12.262s] -- Installing: /home/newir529/robotics-software-community/1-temperature-monitor/temp_ws/install/temp_interface/lib/libtemp_interface__rosidl_typesupport_introspection_cpp.so
[12.262s] -- Set non-toolchain portion of runtime path of "/home/newir529/robotics-software-community/1-temperature-monitor/temp_ws/install/temp_interface/lib/libtemp_interface__rosidl_typesupport_introspection_cpp.so" to ""
[12.263s] -- Installing: /home/newir529/robotics-software-community/1-temperature-monitor/temp_ws/install/temp_interface/lib/libtemp_interface__rosidl_typesupport_cpp.so
[12.263s] -- Set non-toolchain portion of runtime path of "/home/newir529/robotics-software-community/1-temperature-monitor/temp_ws/install/temp_interface/lib/libtemp_interface__rosidl_typesupport_cpp.so" to ""
[12.263s] -- Installing: /home/newir529/robotics-software-community/1-temperature-monitor/temp_ws/install/temp_interface/share/temp_interface/environment/pythonpath.sh
[12.263s] -- Installing: /home/newir529/robotics-software-community/1-temperature-monitor/temp_ws/install/temp_interface/share/temp_interface/environment/pythonpath.dsv
[12.264s] -- Installing: /home/newir529/robotics-software-community/1-temperature-monitor/temp_ws/install/temp_interface/lib/python3.12/site-packages/temp_interface-1.0.0-py3.12.egg-info
[12.264s] -- Installing: /home/newir529/robotics-software-community/1-temperature-monitor/temp_ws/install/temp_interface/lib/python3.12/site-packages/temp_interface-1.0.0-py3.12.egg-info/SOURCES.txt
[12.264s] -- Installing: /home/newir529/robotics-software-community/1-temperature-monitor/temp_ws/install/temp_interface/lib/python3.12/site-packages/temp_interface-1.0.0-py3.12.egg-info/dependency_links.txt
[12.264s] -- Installing: /home/newir529/robotics-software-community/1-temperature-monitor/temp_ws/install/temp_interface/lib/python3.12/site-packages/temp_interface-1.0.0-py3.12.egg-info/PKG-INFO
[12.265s] -- Installing: /home/newir529/robotics-software-community/1-temperature-monitor/temp_ws/install/temp_interface/lib/python3.12/site-packages/temp_interface-1.0.0-py3.12.egg-info/top_level.txt
[12.265s] -- Installing: /home/newir529/robotics-software-community/1-temperature-monitor/temp_ws/install/temp_interface/lib/python3.12/site-packages/temp_interface
[12.265s] -- Installing: /home/newir529/robotics-software-community/1-temperature-monitor/temp_ws/install/temp_interface/lib/python3.12/site-packages/temp_interface/_temp_interface_s.ep.rosidl_typesupport_introspection_c.c
[12.265s] -- Installing: /home/newir529/robotics-software-community/1-temperature-monitor/temp_ws/install/temp_interface/lib/python3.12/site-packages/temp_interface/temp_interface_s__rosidl_typesupport_c.so
[12.265s] -- Installing: /home/newir529/robotics-software-community/1-temperature-monitor/temp_ws/install/temp_interface/lib/python3.12/site-packages/temp_interface/temp_interface_s__rosidl_typesupport_fastrtps_c.so
[12.266s] -- Installing: /home/newir529/robotics-software-community/1-temperature-monitor/temp_ws/install/temp_interface/lib/python3.12/site-packages/temp_interface/_temp_interface_s.ep.rosidl_typesupport_c.c
[12.266s] -- Installing: /home/newir529/robotics-software-community/1-temperature-monitor/temp_ws/install/temp_interface/lib/python3.12/site-packages/temp_interface/msg
[12.266s] -- Installing: /home/newir529/robotics-software-community/1-temperature-monitor/temp_ws/install/temp_interface/lib/python3.12/site-packages/temp_interface/msg/_temperature.py
[12.266s] -- Installing: /home/newir529/robotics-software-community/1-temperature-monitor/temp_ws/install/temp_interface/lib/python3.12/site-packages/temp_interface/msg/_temperature_s.c
[12.267s] -- Installing: /home/newir529/robotics-software-community/1-temperature-monitor/temp_ws/install/temp_interface/lib/python3.12/site-packages/temp_interface/msg/__init__.py
[12.267s] -- Installing: /home/newir529/robotics-software-community/1-temperature-monitor/temp_ws/install/temp_interface/lib/python3.12/site-packages/temp_interface/_temp_interface_s.ep.rosidl_typesupport_fastrtps_c.c
[12.267s] -- Installing: /home/newir529/robotics-software-community/1-temperature-monitor/temp_ws/install/temp_interface/lib/python3.12/site-packages/temp_interface/temp_interface_s__rosidl_typesupport_introspection_c.so
[12.267s] -- Installing: /home/newir529/robotics-software-community/1-temperature-monitor/temp_ws/install/temp_interface/lib/python3.12/site-packages/temp_interface/__init__.py
[12.369s] Listing '/home/newir529/robotics-software-community/1-temperature-monitor/temp_ws/install/temp_interface/lib/python3.12/site-packages/temp_interface'...
[12.369s] Compiling '/home/newir529/robotics-software-community/1-temperature-monitor/temp_ws/install/temp_interface/lib/python3.12/site-packages/temp_interface/__init__.py'...
[12.370s] Listing '/home/newir529/robotics-software-community/1-temperature-monitor/temp_ws/install/temp_interface/lib/python3.12/site-packages/temp_interface/msg'...
[12.370s] Compiling '/home/newir529/robotics-software-community/1-temperature-monitor/temp_ws/install/temp_interface/lib/python3.12/site-packages/temp_interface/msg/__init__.py'...
[12.370s] Compiling '/home/newir529/robotics-software-community/1-temperature-monitor/temp_ws/install/temp_interface/lib/python3.12/site-packages/temp_interface/msg/_temperature.py'...
[12.381s] -- Installing: /home/newir529/robotics-software-community/1-temperature-monitor/temp_ws/install/temp_interface/lib/python3.12/site-packages/temp_interface/temp_interface_s__rosidl_typesupport_fastrtps_c.so
[12.389s] -- Set non-toolchain portion of runtime path of "/home/newir529/robotics-software-community/1-temperature-monitor/temp_ws/install/temp_interface/lib/python3.12/site-packages/temp_interface/temp_interface_s__rosidl_typesupport_fastrtps_c.so" to ""
[12.389s] -- Installing: /home/newir529/robotics-software-community/1-temperature-monitor/temp_ws/install/temp_interface/lib/python3.12/site-packages/temp_interface/temp_interface_s__rosidl_typesupport_introspection_c.so
[12.389s] -- Set non-toolchain portion of runtime path of "/home/newir529/robotics-software-community/1-temperature-monitor/temp_ws/install/temp_interface/lib/python3.12/site-packages/temp_interface/temp_interface_s__rosidl_typesupport_introspection_c.so" to ""
[12.389s] -- Installing: /home/newir529/robotics-software-community/1-temperature-monitor/temp_ws/install/temp_interface/lib/python3.12/site-packages/temp_interface/temp_interface_s__rosidl_typesupport_c.so
[12.389s] -- Set non-toolchain portion of runtime path of "/home/newir529/robotics-software-community/1-temperature-monitor/temp_ws/install/temp_interface/lib/python3.12/site-packages/temp_interface/temp_interface_s__rosidl_typesupport_c.so" to ""
[12.390s] -- Installing: /home/newir529/robotics-software-community/1-temperature-monitor/temp_ws/install/temp_interface/lib/libtemp_interface__rosidl_generator_py.so
[12.390s] -- Set non-toolchain portion of runtime path of "/home/newir529/robotics-software-community/1-temperature-monitor/temp_ws/install/temp_interface/lib/libtemp_interface__rosidl_generator_py.so" to ""
[12.390s] -- Installing: /home/newir529/robotics-software-community/1-temperature-monitor/temp_ws/install/temp_interface/share/temp_interface/msg/Temperature.idl
[12.390s] -- Installing: /home/newir529/robotics-software-community/1-temperature-monitor/temp_ws/install/temp_interface/share/temp_interface/msg/Temperature.msg
[12.390s] -- Installing: /home/newir529/robotics-software-community/1-temperature-monitor/temp_ws/install/temp_interface/share/ament_index/resource_index/package_run_dependencies/temp_interface
[12.390s] -- Installing: /home/newir529/robotics-software-community/1-temperature-monitor/temp_ws/install/temp_interface/share/ament_index/resource_index/parent_prefix_path/temp_interface
[12.391s] -- Installing: /home/newir529/robotics-software-community/1-temperature-monitor/temp_ws/install/temp_interface/share/temp_interface/environment/ament_prefix_path.sh
[12.391s] -- Installing: /home/newir529/robotics-software-community/1-temperature-monitor/temp_ws/install/temp_interface/share/temp_interface/environment/ament_prefix_path.dsv
[12.392s] -- Installing: /home/newir529/robotics-software-community/1-temperature-monitor/temp_ws/install/temp_interface/share/temp_interface/environment/path.sh
[12.392s] -- Installing: /home/newir529/robotics-software-community/1-temperature-monitor/temp_ws/install/temp_interface/share/temp_interface/environment/path.dsv
[12.392s] -- Installing: /home/newir529/robotics-software-community/1-temperature-monitor/temp_ws/install/temp_interface/share/temp_interface/local_setup.bash
[12.392s] -- Installing: /home/newir529/robotics-software-community/1-temperature-monitor/temp_ws/install/temp_interface/share/temp_interface/local_setup.sh
[12.392s] -- Installing: /home/newir529/robotics-software-community/1-temperature-monitor/temp_ws/install/temp_interface/share/temp_interface/local_setup.zsh
[12.393s] -- Installing: /home/newir529/robotics-software-community/1-temperature-monitor/temp_ws/install/temp_interface/share/temp_interface/local_setup.dsv
[12.393s] -- Installing: /home/newir529/robotics-software-community/1-temperature-monitor/temp_ws/install/temp_interface/share/temp_interface/package.dsv
[12.393s] -- Installing: /home/newir529/robotics-software-community/1-temperature-monitor/temp_ws/install/temp_interface/share/ament_index/resource_index/packages/temp_interface
[12.393s] -- Installing: /home/newir529/robotics-software-community/1-temperature-monitor/temp_ws/install/temp_interface/share/temp_interface/cmake/export_temp_interface__rosidl_generator_cExport.cmake
[12.394s] -- Installing: /home/newir529/robotics-software-community/1-temperature-monitor/temp_ws/install/temp_interface/share/temp_interface/cmake/export_temp_interface__rosidl_generator_cExport-noconfig.cmake
[12.394s] -- Installing: /home/newir529/robotics-software-community/1-temperature-monitor/temp_ws/install/temp_interface/share/temp_interface/cmake/export_temp_interface__rosidl_typesupport_fastrtps_cExport.cmake
[12.394s] -- Installing: /home/newir529/robotics-software-community/1-temperature-monitor/temp_ws/install/temp_interface/share/temp_interface/cmake/export_temp_interface__rosidl_typesupport_fastrtps_cExport-noconfig.cmake
[12.394s] -- Installing: /home/newir529/robotics-software-community/1-temperature-monitor/temp_ws/install/temp_interface/share/temp_interface/cmake/temp_interface__rosidl_typesupport_introspection_cExport.cmake
[12.394s] -- Installing: /home/newir529/robotics-software-community/1-temperature-monitor/temp_ws/install/temp_interface/share/temp_interface/cmake/temp_interface__rosidl_typesupport_introspection_cExport-noconfig.cmake
[12.395s] -- Installing: /home/newir529/robotics-software-community/1-temperature-monitor/temp_ws/install/temp_interface/share/temp_interface/cmake/temp_interface__rosidl_typesupport_cExport.cmake
[12.396s] -- Installing: /home/newir529/robotics-software-community/1-temperature-monitor/temp_ws/install/temp_interface/share/temp_interface/cmake/temp_interface__rosidl_typesupport_cExport-noconfig.cmake
[12.396s] -- Installing: /home/newir529/robotics-software-community/1-temperature-monitor/temp_ws/install/temp_interface/share/temp_interface/cmake/export_temp_interface__rosidl_generator_cppExport.cmake
[12.397s] -- Installing: /home/newir529/robotics-software-community/1-temperature-monitor/temp_ws/install/temp_interface/share/temp_interface/cmake/export_temp_interface__rosidl_typesupport_fastrtps_cppExport.cmake
[12.398s] -- Installing: /home/newir529/robotics-software-community/1-temperature-monitor/temp_ws/install/temp_interface/share/temp_interface/cmake/export_temp_interface__rosidl_typesupport_fastrtps_cppExport-noconfig.cmake
[12.398s] -- Installing: /home/newir529/robotics-software-community/1-temperature-monitor/temp_ws/install/temp_interface/share/temp_interface/cmake/temp_interface__rosidl_typesupport_introspection_cppExport.cmake
[12.399s] -- Installing: /home/newir529/robotics-software-community/1-temperature-monitor/temp_ws/install/temp_interface/share/temp_interface/cmake/temp_interface__rosidl_typesupport_introspection_cppExport-noconfig.cmake
[12.399s] -- Installing: /home/newir529/robotics-software-community/1-temperature-monitor/temp_ws/install/temp_interface/share/temp_interface/cmake/temp_interface__rosidl_typesupport_cppExport.cmake
[12.400s] -- Installing: /home/newir529/robotics-software-community/1-temperature-monitor/temp_ws/install/temp_interface/share/temp_interface/cmake/temp_interface__rosidl_typesupport_cppExport-noconfig.cmake
[12.400s] -- Installing: /home/newir529/robotics-software-community/1-temperature-monitor/temp_ws/install/temp_interface/share/temp_interface/cmake/export_temp_interface__rosidl_generator_pyExport.cmake
[12.401s] -- Installing: /home/newir529/robotics-software-community/1-temperature-monitor/temp_ws/install/temp_interface/share/temp_interface/cmake/export_temp_interface__rosidl_generator_pyExport-noconfig.cmake
[12.401s] -- Installing: /home/newir529/robotics-software-community/1-temperature-monitor/temp_ws/install/temp_interface/share/temp_interface/cmake/rosidl_cmake-extras.cmake
[12.401s] -- Installing: /home/newir529/robotics-software-community/1-temperature-monitor/temp_ws/install/temp_interface/share/temp_interface/cmake/ament_cmake_export_dependencies-extras.cmake
[12.402s] -- Installing: /home/newir529/robotics-software-community/1-temperature-monitor/temp_ws/install/temp_interface/share/temp_interface/cmake/ament_cmake_export_include_directories-extras.cmake
[12.402s] -- Installing: /home/newir529/robotics-software-community/1-temperature-monitor/temp_ws/install/temp_interface/share/temp_interface/cmake/ament_cmake_export_libraries-extras.cmake
[12.402s] -- Installing: /home/newir529/robotics-software-community/1-temperature-monitor/temp_ws/install/temp_interface/share/temp_interface/cmake/ament_cmake_export_targets-extras.cmake
[12.402s] -- Installing: /home/newir529/robotics-software-community/1-temperature-monitor/temp_ws/install/temp_interface/share/temp_interface/cmake/rosidl_cmake_export_typesupport_targets-extras.cmake
[12.403s] -- Installing: /home/newir529/robotics-software-community/1-temperature-monitor/temp_ws/install/temp_interface/share/temp_interface/cmake/rosidl_cmake_export_typesupport_libraries-extras.cmake
[12.403s] -- Installing: /home/newir529/robotics-software-community/1-temperature-monitor/temp_ws/install/temp_interface/share/temp_interface/cmake/temp_interfaceConfig.cmake
[12.403s] -- Installing: /home/newir529/robotics-software-community/1-temperature-monitor/temp_ws/install/temp_interface/share/temp_interface/cmake/temp_interfaceConfig-version.cmake
[12.404s] -- Installing: /home/newir529/robotics-software-community/1-temperature-monitor/temp_ws/install/temp_interface/share/temp_interface/package.xml
[12.410s] Invoked command in '/home/newir529/robotics-software-community/1-temperature-monitor/temp_ws/build/temp_interface' returned '0': CMAKE_PREFIX_PATH=${CMAKE_PREFIX_PATH}:/opt/ros/jazzy DEBUGINFOD_URLS=https://debuginfod.ubuntu.com /usr/bin/cmake --install /home/newir529/robotics-software-community/1-temperature-monitor/temp_ws/build/temp_interface
