[0.010s] Invoking command in '/home/newir529/robotics-software-community/1-temperature-monitor/temp_ws/build/temp_interface': CMAKE_PREFIX_PATH=${CMAKE_PREFIX_PATH}:/home/newir529/robotics-software-community/1-temperature-monitor/temp_ws/install/temp_client:/opt/ros/jazzy DEBUGINFOD_URLS=https://debuginfod.ubuntu.com /usr/bin/cmake /home/newir529/robotics-software-community/1-temperature-monitor/temp_ws/src/temp_interface -DCMAKE_INSTALL_PREFIX=/home/newir529/robotics-software-community/1-temperature-monitor/temp_ws/install/temp_interface
[0.089s] -- The C compiler identification is GNU 13.3.0
[0.158s] -- The CXX compiler identification is GNU 13.3.0
[0.174s] -- Detecting C compiler ABI info
[0.267s] -- Detecting C compiler ABI info - done
[0.277s] -- Check for working C compiler: /usr/bin/cc - skipped
[0.277s] -- Detecting C compile features
[0.277s] -- Detecting C compile features - done
[0.286s] -- Detecting CXX compiler ABI info
[0.394s] -- Detecting CXX compiler ABI info - done
[0.415s] -- Check for working CXX compiler: /usr/bin/c++ - skipped
[0.415s] -- Detecting CXX compile features
[0.419s] -- Detecting CXX compile features - done
[0.425s] -- Found ament_cmake: 2.5.4 (/opt/ros/jazzy/share/ament_cmake/cmake)
[0.639s] -- Found Python3: /usr/bin/python3 (found version "3.12.3") found components: Interpreter 
[0.766s] -- Found rosidl_default_generators: 1.6.0 (/opt/ros/jazzy/share/rosidl_default_generators/cmake)
[0.772s] -- Using all available rosidl_typesupport_c: rosidl_typesupport_fastrtps_c;rosidl_typesupport_introspection_c
[0.834s] -- Using all available rosidl_typesupport_cpp: rosidl_typesupport_fastrtps_cpp;rosidl_typesupport_introspection_cpp
[0.879s] -- Found rosidl_adapter: 4.6.6 (/opt/ros/jazzy/share/rosidl_adapter/cmake)
[0.882s] -- Found std_msgs: 5.3.6 (/opt/ros/jazzy/share/std_msgs/cmake)
[1.578s] -- Found ament_cmake_ros: 0.12.0 (/opt/ros/jazzy/share/ament_cmake_ros/cmake)
[2.087s] -- Using all available rosidl_typesupport_c: rosidl_typesupport_fastrtps_c;rosidl_typesupport_introspection_c
[2.765s] -- Using all available rosidl_typesupport_cpp: rosidl_typesupport_fastrtps_cpp;rosidl_typesupport_introspection_cpp
[2.768s] -- Found python_cmake_module: 0.11.1 (/opt/ros/jazzy/share/python_cmake_module/cmake)
[2.908s] -- Found PythonExtra: /usr/bin/python3  
[3.383s] -- Found Python3: /usr/bin/python3 (found version "3.12.3") found components: Interpreter Development NumPy Development.Module Development.Embed 
[3.448s] -- Found ament_lint_auto: 0.17.3 (/opt/ros/jazzy/share/ament_lint_auto/cmake)
[3.468s] -- Added test 'lint_cmake' to check CMake code style
[3.470s] -- Added test 'xmllint' to check XML markup files
[3.473s] -- Configuring done (3.5s)
[3.510s] -- Generating done (0.0s)
[3.530s] -- Build files have been written to: /home/newir529/robotics-software-community/1-temperature-monitor/temp_ws/build/temp_interface
[3.545s] Invoked command in '/home/newir529/robotics-software-community/1-temperature-monitor/temp_ws/build/temp_interface' returned '0': CMAKE_PREFIX_PATH=${CMAKE_PREFIX_PATH}:/home/newir529/robotics-software-community/1-temperature-monitor/temp_ws/install/temp_client:/opt/ros/jazzy DEBUGINFOD_URLS=https://debuginfod.ubuntu.com /usr/bin/cmake /home/newir529/robotics-software-community/1-temperature-monitor/temp_ws/src/temp_interface -DCMAKE_INSTALL_PREFIX=/home/newir529/robotics-software-community/1-temperature-monitor/temp_ws/install/temp_interface
[3.546s] Invoking command in '/home/newir529/robotics-software-community/1-temperature-monitor/temp_ws/build/temp_interface': CMAKE_PREFIX_PATH=${CMAKE_PREFIX_PATH}:/home/newir529/robotics-software-community/1-temperature-monitor/temp_ws/install/temp_client:/opt/ros/jazzy DEBUGINFOD_URLS=https://debuginfod.ubuntu.com /usr/bin/cmake --build /home/newir529/robotics-software-community/1-temperature-monitor/temp_ws/build/temp_interface -- -j8 -l8
[3.598s] [  2%] [34m[1mGenerating type hashes for ROS interfaces[0m
[3.606s] [  2%] Built target ament_cmake_python_copy_temp_interface
[3.882s] [  2%] Built target temp_interface__rosidl_generator_type_description
[3.892s] [  5%] [34m[1mGenerating C code for ROS interfaces[0m
[3.903s] [  8%] [34m[1mGenerating C++ code for ROS interfaces[0m
[3.917s] running egg_info
[3.921s] creating temp_interface.egg-info
[3.960s] writing temp_interface.egg-info/PKG-INFO
[3.960s] writing dependency_links to temp_interface.egg-info/dependency_links.txt
[3.960s] writing top-level names to temp_interface.egg-info/top_level.txt
[4.081s] writing manifest file 'temp_interface.egg-info/SOURCES.txt'
[4.175s] reading manifest file 'temp_interface.egg-info/SOURCES.txt'
[4.176s] writing manifest file 'temp_interface.egg-info/SOURCES.txt'
[4.209s] [  8%] Built target ament_cmake_python_build_temp_interface_egg
[4.267s] [  8%] Built target temp_interface__cpp
[4.282s] [ 17%] [32mBuilding C object CMakeFiles/temp_interface__rosidl_generator_c.dir/rosidl_generator_c/temp_interface/msg/detail/temperature__type_support.c.o[0m
[4.282s] [ 17%] [32mBuilding C object CMakeFiles/temp_interface__rosidl_generator_c.dir/rosidl_generator_c/temp_interface/msg/detail/temperature__functions.c.o[0m
[4.282s] [ 17%] [32mBuilding C object CMakeFiles/temp_interface__rosidl_generator_c.dir/rosidl_generator_c/temp_interface/msg/detail/temperature__description.c.o[0m
[4.347s] [ 20%] [32m[1mLinking C shared library libtemp_interface__rosidl_generator_c.so[0m
[4.383s] [ 20%] Built target temp_interface__rosidl_generator_c
[4.396s] [ 26%] [34m[1mGenerating C++ type support dispatch for ROS interfaces[0m
[4.396s] [ 26%] [34m[1mGenerating C introspection for ROS interfaces[0m
[4.397s] [ 29%] [34m[1mGenerating C type support for eProsima Fast-RTPS[0m
[4.398s] [ 32%] [34m[1mGenerating C++ type support for eProsima Fast-RTPS[0m
[4.399s] [ 35%] [34m[1mGenerating C type support dispatch for ROS interfaces[0m
[4.399s] [ 38%] [34m[1mGenerating C++ introspection for ROS interfaces[0m
[4.939s] [ 41%] [32mBuilding CXX object CMakeFiles/temp_interface__rosidl_typesupport_c.dir/rosidl_typesupport_c/temp_interface/msg/temperature__type_support.cpp.o[0m
[4.999s] [ 44%] [32mBuilding CXX object CMakeFiles/temp_interface__rosidl_typesupport_cpp.dir/rosidl_typesupport_cpp/temp_interface/msg/temperature__type_support.cpp.o[0m
[5.001s] [ 47%] [32mBuilding CXX object CMakeFiles/temp_interface__rosidl_typesupport_introspection_cpp.dir/rosidl_typesupport_introspection_cpp/temp_interface/msg/detail/temperature__type_support.cpp.o[0m
[5.002s] [ 50%] [32mBuilding C object CMakeFiles/temp_interface__rosidl_typesupport_introspection_c.dir/rosidl_typesupport_introspection_c/temp_interface/msg/detail/temperature__type_support.c.o[0m
[5.009s] [ 52%] [32mBuilding CXX object CMakeFiles/temp_interface__rosidl_typesupport_fastrtps_c.dir/rosidl_typesupport_fastrtps_c/temp_interface/msg/detail/temperature__type_support_c.cpp.o[0m
[5.034s] [ 55%] [32m[1mLinking CXX shared library libtemp_interface__rosidl_typesupport_c.so[0m
[5.045s] [ 58%] [32mBuilding CXX object CMakeFiles/temp_interface__rosidl_typesupport_fastrtps_cpp.dir/rosidl_typesupport_fastrtps_cpp/temp_interface/msg/detail/dds_fastrtps/temperature__type_support.cpp.o[0m
[5.136s] [ 61%] [32m[1mLinking C shared library libtemp_interface__rosidl_typesupport_introspection_c.so[0m
[5.144s] [ 61%] Built target temp_interface__rosidl_typesupport_c
[5.224s] [ 61%] Built target temp_interface__rosidl_typesupport_introspection_c
[5.600s] [ 64%] [32m[1mLinking CXX shared library libtemp_interface__rosidl_typesupport_cpp.so[0m
[5.631s] [ 67%] [32m[1mLinking CXX shared library libtemp_interface__rosidl_typesupport_introspection_cpp.so[0m
[5.664s] [ 67%] Built target temp_interface__rosidl_typesupport_cpp
[5.768s] [ 67%] Built target temp_interface__rosidl_typesupport_introspection_cpp
[5.855s] [ 70%] [32m[1mLinking CXX shared library libtemp_interface__rosidl_typesupport_fastrtps_c.so[0m
[5.898s] [ 73%] [32m[1mLinking CXX shared library libtemp_interface__rosidl_typesupport_fastrtps_cpp.so[0m
[5.914s] [ 73%] Built target temp_interface__rosidl_typesupport_fastrtps_c
[5.959s] [ 73%] Built target temp_interface__rosidl_typesupport_fastrtps_cpp
[5.983s] [ 73%] Built target temp_interface
[6.009s] [ 76%] [34m[1mGenerating Python code for ROS interfaces[0m
[6.403s] [ 76%] Built target temp_interface__py
[6.423s] [ 79%] [32mBuilding C object CMakeFiles/temp_interface__rosidl_generator_py.dir/rosidl_generator_py/temp_interface/msg/_temperature_s.c.o[0m
[6.569s] [ 82%] [32m[1mLinking C shared library libtemp_interface__rosidl_generator_py.so[0m
[6.610s] [ 82%] Built target temp_interface__rosidl_generator_py
[6.635s] [ 91%] [32mBuilding C object CMakeFiles/temp_interface_s__rosidl_typesupport_c.dir/rosidl_generator_py/temp_interface/_temp_interface_s.ep.rosidl_typesupport_c.c.o[0m
[6.636s] [ 91%] [32mBuilding C object CMakeFiles/temp_interface_s__rosidl_typesupport_fastrtps_c.dir/rosidl_generator_py/temp_interface/_temp_interface_s.ep.rosidl_typesupport_fastrtps_c.c.o[0m
[6.636s] [ 91%] [32mBuilding C object CMakeFiles/temp_interface_s__rosidl_typesupport_introspection_c.dir/rosidl_generator_py/temp_interface/_temp_interface_s.ep.rosidl_typesupport_introspection_c.c.o[0m
[6.766s] [ 94%] [32m[1mLinking C shared module rosidl_generator_py/temp_interface/temp_interface_s__rosidl_typesupport_c.so[0m
[6.775s] [100%] [32m[1mLinking C shared module rosidl_generator_py/temp_interface/temp_interface_s__rosidl_typesupport_introspection_c.so[0m
[6.775s] [100%] [32m[1mLinking C shared module rosidl_generator_py/temp_interface/temp_interface_s__rosidl_typesupport_fastrtps_c.so[0m
[6.804s] [100%] Built target temp_interface_s__rosidl_typesupport_c
[6.809s] [100%] Built target temp_interface_s__rosidl_typesupport_introspection_c
[6.811s] [100%] Built target temp_interface_s__rosidl_typesupport_fastrtps_c
[6.823s] Invoked command in '/home/newir529/robotics-software-community/1-temperature-monitor/temp_ws/build/temp_interface' returned '0': CMAKE_PREFIX_PATH=${CMAKE_PREFIX_PATH}:/home/newir529/robotics-software-community/1-temperature-monitor/temp_ws/install/temp_client:/opt/ros/jazzy DEBUGINFOD_URLS=https://debuginfod.ubuntu.com /usr/bin/cmake --build /home/newir529/robotics-software-community/1-temperature-monitor/temp_ws/build/temp_interface -- -j8 -l8
[6.836s] Invoking command in '/home/newir529/robotics-software-community/1-temperature-monitor/temp_ws/build/temp_interface': CMAKE_PREFIX_PATH=${CMAKE_PREFIX_PATH}:/home/newir529/robotics-software-community/1-temperature-monitor/temp_ws/install/temp_client:/opt/ros/jazzy DEBUGINFOD_URLS=https://debuginfod.ubuntu.com /usr/bin/cmake --install /home/newir529/robotics-software-community/1-temperature-monitor/temp_ws/build/temp_interface
[6.850s] -- Install configuration: ""
[6.850s] -- Installing: /home/newir529/robotics-software-community/1-temperature-monitor/temp_ws/install/temp_interface/share/ament_index/resource_index/rosidl_interfaces/temp_interface
[6.851s] -- Installing: /home/newir529/robotics-software-community/1-temperature-monitor/temp_ws/install/temp_interface/share/temp_interface/msg/Temperature.json
[6.851s] -- Installing: /home/newir529/robotics-software-community/1-temperature-monitor/temp_ws/install/temp_interface/include/temp_interface/temp_interface
[6.851s] -- Installing: /home/newir529/robotics-software-community/1-temperature-monitor/temp_ws/install/temp_interface/include/temp_interface/temp_interface/msg
[6.851s] -- Installing: /home/newir529/robotics-software-community/1-temperature-monitor/temp_ws/install/temp_interface/include/temp_interface/temp_interface/msg/temperature.h
[6.851s] -- Installing: /home/newir529/robotics-software-community/1-temperature-monitor/temp_ws/install/temp_interface/include/temp_interface/temp_interface/msg/detail
[6.852s] -- Installing: /home/newir529/robotics-software-community/1-temperature-monitor/temp_ws/install/temp_interface/include/temp_interface/temp_interface/msg/detail/temperature__type_support.h
[6.852s] -- Installing: /home/newir529/robotics-software-community/1-temperature-monitor/temp_ws/install/temp_interface/include/temp_interface/temp_interface/msg/detail/temperature__description.c
[6.852s] -- Installing: /home/newir529/robotics-software-community/1-temperature-monitor/temp_ws/install/temp_interface/include/temp_interface/temp_interface/msg/detail/temperature__functions.c
[6.852s] -- Installing: /home/newir529/robotics-software-community/1-temperature-monitor/temp_ws/install/temp_interface/include/temp_interface/temp_interface/msg/detail/temperature__functions.h
[6.853s] -- Installing: /home/newir529/robotics-software-community/1-temperature-monitor/temp_ws/install/temp_interface/include/temp_interface/temp_interface/msg/detail/temperature__type_support.c
[6.853s] -- Installing: /home/newir529/robotics-software-community/1-temperature-monitor/temp_ws/install/temp_interface/include/temp_interface/temp_interface/msg/detail/temperature__struct.h
[6.853s] -- Installing: /home/newir529/robotics-software-community/1-temperature-monitor/temp_ws/install/temp_interface/include/temp_interface/temp_interface/msg/rosidl_generator_c__visibility_control.h
[6.853s] -- Installing: /home/newir529/robotics-software-community/1-temperature-monitor/temp_ws/install/temp_interface/share/temp_interface/environment/library_path.sh
[6.854s] -- Installing: /home/newir529/robotics-software-community/1-temperature-monitor/temp_ws/install/temp_interface/share/temp_interface/environment/library_path.dsv
[6.854s] -- Installing: /home/newir529/robotics-software-community/1-temperature-monitor/temp_ws/install/temp_interface/lib/libtemp_interface__rosidl_generator_c.so
[6.855s] -- Set non-toolchain portion of runtime path of "/home/newir529/robotics-software-community/1-temperature-monitor/temp_ws/install/temp_interface/lib/libtemp_interface__rosidl_generator_c.so" to ""
[6.855s] -- Up-to-date: /home/newir529/robotics-software-community/1-temperature-monitor/temp_ws/install/temp_interface/include/temp_interface/temp_interface
[6.855s] -- Up-to-date: /home/newir529/robotics-software-community/1-temperature-monitor/temp_ws/install/temp_interface/include/temp_interface/temp_interface/msg
[6.855s] -- Installing: /home/newir529/robotics-software-community/1-temperature-monitor/temp_ws/install/temp_interface/include/temp_interface/temp_interface/msg/rosidl_typesupport_fastrtps_c__visibility_control.h
[6.855s] -- Up-to-date: /home/newir529/robotics-software-community/1-temperature-monitor/temp_ws/install/temp_interface/include/temp_interface/temp_interface/msg/detail
[6.855s] -- Installing: /home/newir529/robotics-software-community/1-temperature-monitor/temp_ws/install/temp_interface/include/temp_interface/temp_interface/msg/detail/temperature__rosidl_typesupport_fastrtps_c.h
[6.855s] -- Installing: /home/newir529/robotics-software-community/1-temperature-monitor/temp_ws/install/temp_interface/lib/libtemp_interface__rosidl_typesupport_fastrtps_c.so
[6.856s] -- Set non-toolchain portion of runtime path of "/home/newir529/robotics-software-community/1-temperature-monitor/temp_ws/install/temp_interface/lib/libtemp_interface__rosidl_typesupport_fastrtps_c.so" to ""
[6.857s] -- Up-to-date: /home/newir529/robotics-software-community/1-temperature-monitor/temp_ws/install/temp_interface/include/temp_interface/temp_interface
[6.857s] -- Up-to-date: /home/newir529/robotics-software-community/1-temperature-monitor/temp_ws/install/temp_interface/include/temp_interface/temp_interface/msg
[6.857s] -- Installing: /home/newir529/robotics-software-community/1-temperature-monitor/temp_ws/install/temp_interface/include/temp_interface/temp_interface/msg/rosidl_typesupport_introspection_c__visibility_control.h
[6.857s] -- Up-to-date: /home/newir529/robotics-software-community/1-temperature-monitor/temp_ws/install/temp_interface/include/temp_interface/temp_interface/msg/detail
[6.857s] -- Installing: /home/newir529/robotics-software-community/1-temperature-monitor/temp_ws/install/temp_interface/include/temp_interface/temp_interface/msg/detail/temperature__rosidl_typesupport_introspection_c.h
[6.858s] -- Installing: /home/newir529/robotics-software-community/1-temperature-monitor/temp_ws/install/temp_interface/include/temp_interface/temp_interface/msg/detail/temperature__type_support.c
[6.858s] -- Installing: /home/newir529/robotics-software-community/1-temperature-monitor/temp_ws/install/temp_interface/lib/libtemp_interface__rosidl_typesupport_introspection_c.so
[6.858s] -- Set non-toolchain portion of runtime path of "/home/newir529/robotics-software-community/1-temperature-monitor/temp_ws/install/temp_interface/lib/libtemp_interface__rosidl_typesupport_introspection_c.so" to ""
[6.859s] -- Installing: /home/newir529/robotics-software-community/1-temperature-monitor/temp_ws/install/temp_interface/lib/libtemp_interface__rosidl_typesupport_c.so
[6.859s] -- Set non-toolchain portion of runtime path of "/home/newir529/robotics-software-community/1-temperature-monitor/temp_ws/install/temp_interface/lib/libtemp_interface__rosidl_typesupport_c.so" to ""
[6.859s] -- Up-to-date: /home/newir529/robotics-software-community/1-temperature-monitor/temp_ws/install/temp_interface/include/temp_interface/temp_interface
[6.860s] -- Up-to-date: /home/newir529/robotics-software-community/1-temperature-monitor/temp_ws/install/temp_interface/include/temp_interface/temp_interface/msg
[6.860s] -- Installing: /home/newir529/robotics-software-community/1-temperature-monitor/temp_ws/install/temp_interface/include/temp_interface/temp_interface/msg/rosidl_generator_cpp__visibility_control.hpp
[6.860s] -- Up-to-date: /home/newir529/robotics-software-community/1-temperature-monitor/temp_ws/install/temp_interface/include/temp_interface/temp_interface/msg/detail
[6.860s] -- Installing: /home/newir529/robotics-software-community/1-temperature-monitor/temp_ws/install/temp_interface/include/temp_interface/temp_interface/msg/detail/temperature__builder.hpp
[6.860s] -- Installing: /home/newir529/robotics-software-community/1-temperature-monitor/temp_ws/install/temp_interface/include/temp_interface/temp_interface/msg/detail/temperature__traits.hpp
[6.860s] -- Installing: /home/newir529/robotics-software-community/1-temperature-monitor/temp_ws/install/temp_interface/include/temp_interface/temp_interface/msg/detail/temperature__struct.hpp
[6.860s] -- Installing: /home/newir529/robotics-software-community/1-temperature-monitor/temp_ws/install/temp_interface/include/temp_interface/temp_interface/msg/detail/temperature__type_support.hpp
[6.861s] -- Installing: /home/newir529/robotics-software-community/1-temperature-monitor/temp_ws/install/temp_interface/include/temp_interface/temp_interface/msg/temperature.hpp
[6.861s] -- Up-to-date: /home/newir529/robotics-software-community/1-temperature-monitor/temp_ws/install/temp_interface/include/temp_interface/temp_interface
[6.861s] -- Up-to-date: /home/newir529/robotics-software-community/1-temperature-monitor/temp_ws/install/temp_interface/include/temp_interface/temp_interface/msg
[6.861s] -- Installing: /home/newir529/robotics-software-community/1-temperature-monitor/temp_ws/install/temp_interface/include/temp_interface/temp_interface/msg/rosidl_typesupport_fastrtps_cpp__visibility_control.h
[6.861s] -- Up-to-date: /home/newir529/robotics-software-community/1-temperature-monitor/temp_ws/install/temp_interface/include/temp_interface/temp_interface/msg/detail
[6.861s] -- Installing: /home/newir529/robotics-software-community/1-temperature-monitor/temp_ws/install/temp_interface/include/temp_interface/temp_interface/msg/detail/temperature__rosidl_typesupport_fastrtps_cpp.hpp
[6.862s] -- Installing: /home/newir529/robotics-software-community/1-temperature-monitor/temp_ws/install/temp_interface/include/temp_interface/temp_interface/msg/detail/dds_fastrtps
[6.862s] -- Installing: /home/newir529/robotics-software-community/1-temperature-monitor/temp_ws/install/temp_interface/lib/libtemp_interface__rosidl_typesupport_fastrtps_cpp.so
[6.863s] -- Set non-toolchain portion of runtime path of "/home/newir529/robotics-software-community/1-temperature-monitor/temp_ws/install/temp_interface/lib/libtemp_interface__rosidl_typesupport_fastrtps_cpp.so" to ""
[6.863s] -- Up-to-date: /home/newir529/robotics-software-community/1-temperature-monitor/temp_ws/install/temp_interface/include/temp_interface/temp_interface
[6.863s] -- Up-to-date: /home/newir529/robotics-software-community/1-temperature-monitor/temp_ws/install/temp_interface/include/temp_interface/temp_interface/msg
[6.863s] -- Up-to-date: /home/newir529/robotics-software-community/1-temperature-monitor/temp_ws/install/temp_interface/include/temp_interface/temp_interface/msg/detail
[6.863s] -- Installing: /home/newir529/robotics-software-community/1-temperature-monitor/temp_ws/install/temp_interface/include/temp_interface/temp_interface/msg/detail/temperature__type_support.cpp
[6.863s] -- Installing: /home/newir529/robotics-software-community/1-temperature-monitor/temp_ws/install/temp_interface/include/temp_interface/temp_interface/msg/detail/temperature__rosidl_typesupport_introspection_cpp.hpp
[6.864s] -- Installing: /home/newir529/robotics-software-community/1-temperature-monitor/temp_ws/install/temp_interface/lib/libtemp_interface__rosidl_typesupport_introspection_cpp.so
[6.864s] -- Set non-toolchain portion of runtime path of "/home/newir529/robotics-software-community/1-temperature-monitor/temp_ws/install/temp_interface/lib/libtemp_interface__rosidl_typesupport_introspection_cpp.so" to ""
[6.864s] -- Installing: /home/newir529/robotics-software-community/1-temperature-monitor/temp_ws/install/temp_interface/lib/libtemp_interface__rosidl_typesupport_cpp.so
[6.865s] -- Set non-toolchain portion of runtime path of "/home/newir529/robotics-software-community/1-temperature-monitor/temp_ws/install/temp_interface/lib/libtemp_interface__rosidl_typesupport_cpp.so" to ""
[6.865s] -- Installing: /home/newir529/robotics-software-community/1-temperature-monitor/temp_ws/install/temp_interface/share/temp_interface/environment/pythonpath.sh
[6.865s] -- Installing: /home/newir529/robotics-software-community/1-temperature-monitor/temp_ws/install/temp_interface/share/temp_interface/environment/pythonpath.dsv
[6.865s] -- Installing: /home/newir529/robotics-software-community/1-temperature-monitor/temp_ws/install/temp_interface/lib/python3.12/site-packages/temp_interface-1.0.0-py3.12.egg-info
[6.865s] -- Installing: /home/newir529/robotics-software-community/1-temperature-monitor/temp_ws/install/temp_interface/lib/python3.12/site-packages/temp_interface-1.0.0-py3.12.egg-info/SOURCES.txt
[6.866s] -- Installing: /home/newir529/robotics-software-community/1-temperature-monitor/temp_ws/install/temp_interface/lib/python3.12/site-packages/temp_interface-1.0.0-py3.12.egg-info/dependency_links.txt
[6.866s] -- Installing: /home/newir529/robotics-software-community/1-temperature-monitor/temp_ws/install/temp_interface/lib/python3.12/site-packages/temp_interface-1.0.0-py3.12.egg-info/PKG-INFO
[6.866s] -- Installing: /home/newir529/robotics-software-community/1-temperature-monitor/temp_ws/install/temp_interface/lib/python3.12/site-packages/temp_interface-1.0.0-py3.12.egg-info/top_level.txt
[6.866s] -- Installing: /home/newir529/robotics-software-community/1-temperature-monitor/temp_ws/install/temp_interface/lib/python3.12/site-packages/temp_interface
[6.866s] -- Installing: /home/newir529/robotics-software-community/1-temperature-monitor/temp_ws/install/temp_interface/lib/python3.12/site-packages/temp_interface/_temp_interface_s.ep.rosidl_typesupport_introspection_c.c
[6.866s] -- Installing: /home/newir529/robotics-software-community/1-temperature-monitor/temp_ws/install/temp_interface/lib/python3.12/site-packages/temp_interface/temp_interface_s__rosidl_typesupport_c.so
[6.866s] -- Installing: /home/newir529/robotics-software-community/1-temperature-monitor/temp_ws/install/temp_interface/lib/python3.12/site-packages/temp_interface/temp_interface_s__rosidl_typesupport_fastrtps_c.so
[6.867s] -- Installing: /home/newir529/robotics-software-community/1-temperature-monitor/temp_ws/install/temp_interface/lib/python3.12/site-packages/temp_interface/_temp_interface_s.ep.rosidl_typesupport_c.c
[6.868s] -- Installing: /home/newir529/robotics-software-community/1-temperature-monitor/temp_ws/install/temp_interface/lib/python3.12/site-packages/temp_interface/msg
[6.868s] -- Installing: /home/newir529/robotics-software-community/1-temperature-monitor/temp_ws/install/temp_interface/lib/python3.12/site-packages/temp_interface/msg/_temperature.py
[6.868s] -- Installing: /home/newir529/robotics-software-community/1-temperature-monitor/temp_ws/install/temp_interface/lib/python3.12/site-packages/temp_interface/msg/_temperature_s.c
[6.868s] -- Installing: /home/newir529/robotics-software-community/1-temperature-monitor/temp_ws/install/temp_interface/lib/python3.12/site-packages/temp_interface/msg/__init__.py
[6.869s] -- Installing: /home/newir529/robotics-software-community/1-temperature-monitor/temp_ws/install/temp_interface/lib/python3.12/site-packages/temp_interface/_temp_interface_s.ep.rosidl_typesupport_fastrtps_c.c
[6.869s] -- Installing: /home/newir529/robotics-software-community/1-temperature-monitor/temp_ws/install/temp_interface/lib/python3.12/site-packages/temp_interface/temp_interface_s__rosidl_typesupport_introspection_c.so
[6.869s] -- Installing: /home/newir529/robotics-software-community/1-temperature-monitor/temp_ws/install/temp_interface/lib/python3.12/site-packages/temp_interface/__init__.py
[6.910s] Listing '/home/newir529/robotics-software-community/1-temperature-monitor/temp_ws/install/temp_interface/lib/python3.12/site-packages/temp_interface'...
[6.910s] Compiling '/home/newir529/robotics-software-community/1-temperature-monitor/temp_ws/install/temp_interface/lib/python3.12/site-packages/temp_interface/__init__.py'...
[6.910s] Listing '/home/newir529/robotics-software-community/1-temperature-monitor/temp_ws/install/temp_interface/lib/python3.12/site-packages/temp_interface/msg'...
[6.910s] Compiling '/home/newir529/robotics-software-community/1-temperature-monitor/temp_ws/install/temp_interface/lib/python3.12/site-packages/temp_interface/msg/__init__.py'...
[6.910s] Compiling '/home/newir529/robotics-software-community/1-temperature-monitor/temp_ws/install/temp_interface/lib/python3.12/site-packages/temp_interface/msg/_temperature.py'...
[6.916s] -- Installing: /home/newir529/robotics-software-community/1-temperature-monitor/temp_ws/install/temp_interface/lib/python3.12/site-packages/temp_interface/temp_interface_s__rosidl_typesupport_fastrtps_c.so
[6.916s] -- Set non-toolchain portion of runtime path of "/home/newir529/robotics-software-community/1-temperature-monitor/temp_ws/install/temp_interface/lib/python3.12/site-packages/temp_interface/temp_interface_s__rosidl_typesupport_fastrtps_c.so" to ""
[6.916s] -- Installing: /home/newir529/robotics-software-community/1-temperature-monitor/temp_ws/install/temp_interface/lib/python3.12/site-packages/temp_interface/temp_interface_s__rosidl_typesupport_introspection_c.so
[6.917s] -- Set non-toolchain portion of runtime path of "/home/newir529/robotics-software-community/1-temperature-monitor/temp_ws/install/temp_interface/lib/python3.12/site-packages/temp_interface/temp_interface_s__rosidl_typesupport_introspection_c.so" to ""
[6.917s] -- Installing: /home/newir529/robotics-software-community/1-temperature-monitor/temp_ws/install/temp_interface/lib/python3.12/site-packages/temp_interface/temp_interface_s__rosidl_typesupport_c.so
[6.917s] -- Set non-toolchain portion of runtime path of "/home/newir529/robotics-software-community/1-temperature-monitor/temp_ws/install/temp_interface/lib/python3.12/site-packages/temp_interface/temp_interface_s__rosidl_typesupport_c.so" to ""
[6.918s] -- Installing: /home/newir529/robotics-software-community/1-temperature-monitor/temp_ws/install/temp_interface/lib/libtemp_interface__rosidl_generator_py.so
[6.918s] -- Set non-toolchain portion of runtime path of "/home/newir529/robotics-software-community/1-temperature-monitor/temp_ws/install/temp_interface/lib/libtemp_interface__rosidl_generator_py.so" to ""
[6.918s] -- Installing: /home/newir529/robotics-software-community/1-temperature-monitor/temp_ws/install/temp_interface/share/temp_interface/msg/Temperature.idl
[6.918s] -- Installing: /home/newir529/robotics-software-community/1-temperature-monitor/temp_ws/install/temp_interface/share/temp_interface/msg/Temperature.msg
[6.918s] -- Installing: /home/newir529/robotics-software-community/1-temperature-monitor/temp_ws/install/temp_interface/share/ament_index/resource_index/package_run_dependencies/temp_interface
[6.919s] -- Installing: /home/newir529/robotics-software-community/1-temperature-monitor/temp_ws/install/temp_interface/share/ament_index/resource_index/parent_prefix_path/temp_interface
[6.919s] -- Installing: /home/newir529/robotics-software-community/1-temperature-monitor/temp_ws/install/temp_interface/share/temp_interface/environment/ament_prefix_path.sh
[6.919s] -- Installing: /home/newir529/robotics-software-community/1-temperature-monitor/temp_ws/install/temp_interface/share/temp_interface/environment/ament_prefix_path.dsv
[6.919s] -- Installing: /home/newir529/robotics-software-community/1-temperature-monitor/temp_ws/install/temp_interface/share/temp_interface/environment/path.sh
[6.919s] -- Installing: /home/newir529/robotics-software-community/1-temperature-monitor/temp_ws/install/temp_interface/share/temp_interface/environment/path.dsv
[6.919s] -- Installing: /home/newir529/robotics-software-community/1-temperature-monitor/temp_ws/install/temp_interface/share/temp_interface/local_setup.bash
[6.919s] -- Installing: /home/newir529/robotics-software-community/1-temperature-monitor/temp_ws/install/temp_interface/share/temp_interface/local_setup.sh
[6.920s] -- Installing: /home/newir529/robotics-software-community/1-temperature-monitor/temp_ws/install/temp_interface/share/temp_interface/local_setup.zsh
[6.920s] -- Installing: /home/newir529/robotics-software-community/1-temperature-monitor/temp_ws/install/temp_interface/share/temp_interface/local_setup.dsv
[6.920s] -- Installing: /home/newir529/robotics-software-community/1-temperature-monitor/temp_ws/install/temp_interface/share/temp_interface/package.dsv
[6.920s] -- Installing: /home/newir529/robotics-software-community/1-temperature-monitor/temp_ws/install/temp_interface/share/ament_index/resource_index/packages/temp_interface
[6.920s] -- Installing: /home/newir529/robotics-software-community/1-temperature-monitor/temp_ws/install/temp_interface/share/temp_interface/cmake/export_temp_interface__rosidl_generator_cExport.cmake
[6.921s] -- Installing: /home/newir529/robotics-software-community/1-temperature-monitor/temp_ws/install/temp_interface/share/temp_interface/cmake/export_temp_interface__rosidl_generator_cExport-noconfig.cmake
[6.921s] -- Installing: /home/newir529/robotics-software-community/1-temperature-monitor/temp_ws/install/temp_interface/share/temp_interface/cmake/export_temp_interface__rosidl_typesupport_fastrtps_cExport.cmake
[6.921s] -- Installing: /home/newir529/robotics-software-community/1-temperature-monitor/temp_ws/install/temp_interface/share/temp_interface/cmake/export_temp_interface__rosidl_typesupport_fastrtps_cExport-noconfig.cmake
[6.921s] -- Installing: /home/newir529/robotics-software-community/1-temperature-monitor/temp_ws/install/temp_interface/share/temp_interface/cmake/temp_interface__rosidl_typesupport_introspection_cExport.cmake
[6.921s] -- Installing: /home/newir529/robotics-software-community/1-temperature-monitor/temp_ws/install/temp_interface/share/temp_interface/cmake/temp_interface__rosidl_typesupport_introspection_cExport-noconfig.cmake
[6.922s] -- Installing: /home/newir529/robotics-software-community/1-temperature-monitor/temp_ws/install/temp_interface/share/temp_interface/cmake/temp_interface__rosidl_typesupport_cExport.cmake
[6.922s] -- Installing: /home/newir529/robotics-software-community/1-temperature-monitor/temp_ws/install/temp_interface/share/temp_interface/cmake/temp_interface__rosidl_typesupport_cExport-noconfig.cmake
[6.922s] -- Installing: /home/newir529/robotics-software-community/1-temperature-monitor/temp_ws/install/temp_interface/share/temp_interface/cmake/export_temp_interface__rosidl_generator_cppExport.cmake
[6.922s] -- Installing: /home/newir529/robotics-software-community/1-temperature-monitor/temp_ws/install/temp_interface/share/temp_interface/cmake/export_temp_interface__rosidl_typesupport_fastrtps_cppExport.cmake
[6.922s] -- Installing: /home/newir529/robotics-software-community/1-temperature-monitor/temp_ws/install/temp_interface/share/temp_interface/cmake/export_temp_interface__rosidl_typesupport_fastrtps_cppExport-noconfig.cmake
[6.923s] -- Installing: /home/newir529/robotics-software-community/1-temperature-monitor/temp_ws/install/temp_interface/share/temp_interface/cmake/temp_interface__rosidl_typesupport_introspection_cppExport.cmake
[6.923s] -- Installing: /home/newir529/robotics-software-community/1-temperature-monitor/temp_ws/install/temp_interface/share/temp_interface/cmake/temp_interface__rosidl_typesupport_introspection_cppExport-noconfig.cmake
[6.923s] -- Installing: /home/newir529/robotics-software-community/1-temperature-monitor/temp_ws/install/temp_interface/share/temp_interface/cmake/temp_interface__rosidl_typesupport_cppExport.cmake
[6.923s] -- Installing: /home/newir529/robotics-software-community/1-temperature-monitor/temp_ws/install/temp_interface/share/temp_interface/cmake/temp_interface__rosidl_typesupport_cppExport-noconfig.cmake
[6.924s] -- Installing: /home/newir529/robotics-software-community/1-temperature-monitor/temp_ws/install/temp_interface/share/temp_interface/cmake/export_temp_interface__rosidl_generator_pyExport.cmake
[6.924s] -- Installing: /home/newir529/robotics-software-community/1-temperature-monitor/temp_ws/install/temp_interface/share/temp_interface/cmake/export_temp_interface__rosidl_generator_pyExport-noconfig.cmake
[6.924s] -- Installing: /home/newir529/robotics-software-community/1-temperature-monitor/temp_ws/install/temp_interface/share/temp_interface/cmake/rosidl_cmake-extras.cmake
[6.924s] -- Installing: /home/newir529/robotics-software-community/1-temperature-monitor/temp_ws/install/temp_interface/share/temp_interface/cmake/ament_cmake_export_dependencies-extras.cmake
[6.924s] -- Installing: /home/newir529/robotics-software-community/1-temperature-monitor/temp_ws/install/temp_interface/share/temp_interface/cmake/ament_cmake_export_include_directories-extras.cmake
[6.924s] -- Installing: /home/newir529/robotics-software-community/1-temperature-monitor/temp_ws/install/temp_interface/share/temp_interface/cmake/ament_cmake_export_libraries-extras.cmake
[6.925s] -- Installing: /home/newir529/robotics-software-community/1-temperature-monitor/temp_ws/install/temp_interface/share/temp_interface/cmake/ament_cmake_export_targets-extras.cmake
[6.925s] -- Installing: /home/newir529/robotics-software-community/1-temperature-monitor/temp_ws/install/temp_interface/share/temp_interface/cmake/rosidl_cmake_export_typesupport_targets-extras.cmake
[6.925s] -- Installing: /home/newir529/robotics-software-community/1-temperature-monitor/temp_ws/install/temp_interface/share/temp_interface/cmake/rosidl_cmake_export_typesupport_libraries-extras.cmake
[6.925s] -- Installing: /home/newir529/robotics-software-community/1-temperature-monitor/temp_ws/install/temp_interface/share/temp_interface/cmake/temp_interfaceConfig.cmake
[6.925s] -- Installing: /home/newir529/robotics-software-community/1-temperature-monitor/temp_ws/install/temp_interface/share/temp_interface/cmake/temp_interfaceConfig-version.cmake
[6.925s] -- Installing: /home/newir529/robotics-software-community/1-temperature-monitor/temp_ws/install/temp_interface/share/temp_interface/package.xml
[6.928s] Invoked command in '/home/newir529/robotics-software-community/1-temperature-monitor/temp_ws/build/temp_interface' returned '0': CMAKE_PREFIX_PATH=${CMAKE_PREFIX_PATH}:/home/newir529/robotics-software-community/1-temperature-monitor/temp_ws/install/temp_client:/opt/ros/jazzy DEBUGINFOD_URLS=https://debuginfod.ubuntu.com /usr/bin/cmake --install /home/newir529/robotics-software-community/1-temperature-monitor/temp_ws/build/temp_interface
